<?xml version="1.0" encoding="UTF-8"?>
<coverage generated="1616573711808" clover="3.2.0">
  <project timestamp="1616573711808" name="All files">
    <metrics statements="2489" coveredstatements="1781" conditionals="969" coveredconditionals="589" methods="360" coveredmethods="305" elements="3818" coveredelements="2675" complexity="0" loc="2489" ncloc="2489" packages="6" files="56" classes="56"/>
    <package name="Assembler">
      <metrics statements="1100" coveredstatements="644" conditionals="557" coveredconditionals="255" methods="86" coveredmethods="67"/>
      <file name="ArrayList.ts" path="E:\File\learning\Kiyan\on-going\MIPS\GRP\Hardware\src\Assembler\ArrayList.ts">
        <metrics statements="39" coveredstatements="22" conditionals="18" coveredconditionals="9" methods="9" coveredmethods="8"/>
        <line num="2" count="2" type="stmt"/>
        <line num="7" count="9" type="stmt"/>
        <line num="12" count="9" type="stmt"/>
        <line num="23" count="9" type="cond" truecount="2" falsecount="0"/>
        <line num="24" count="8" type="cond" truecount="1" falsecount="1"/>
        <line num="25" count="0" type="stmt"/>
        <line num="27" count="8" type="stmt"/>
        <line num="29" count="1" type="stmt"/>
        <line num="43" count="18" type="cond" truecount="1" falsecount="1"/>
        <line num="44" count="0" type="stmt"/>
        <line num="45" count="0" type="stmt"/>
        <line num="46" count="0" type="stmt"/>
        <line num="47" count="0" type="stmt"/>
        <line num="49" count="18" type="stmt"/>
        <line num="50" count="18" type="stmt"/>
        <line num="51" count="18" type="stmt"/>
        <line num="62" count="52" type="stmt"/>
        <line num="63" count="52" type="stmt"/>
        <line num="74" count="2" type="stmt"/>
        <line num="75" count="2" type="stmt"/>
        <line num="87" count="3" type="cond" truecount="1" falsecount="1"/>
        <line num="88" count="3" type="stmt"/>
        <line num="89" count="3" type="stmt"/>
        <line num="90" count="3" type="stmt"/>
        <line num="92" count="0" type="stmt"/>
        <line num="93" count="0" type="stmt"/>
        <line num="94" count="0" type="cond" truecount="0" falsecount="2"/>
        <line num="95" count="0" type="stmt"/>
        <line num="98" count="0" type="cond" truecount="0" falsecount="2"/>
        <line num="99" count="0" type="stmt"/>
        <line num="101" count="0" type="stmt"/>
        <line num="110" count="0" type="stmt"/>
        <line num="118" count="39" type="stmt"/>
        <line num="127" count="54" type="cond" truecount="3" falsecount="1"/>
        <line num="128" count="0" type="stmt"/>
        <line num="138" count="18" type="cond" truecount="1" falsecount="1"/>
        <line num="139" count="0" type="stmt"/>
        <line num="140" count="0" type="stmt"/>
        <line num="141" count="0" type="stmt"/>
      </file>
      <file name="Assembler.ts" path="E:\File\learning\Kiyan\on-going\MIPS\GRP\Hardware\src\Assembler\Assembler.ts">
        <metrics statements="698" coveredstatements="281" conditionals="417" coveredconditionals="133" methods="24" coveredmethods="20"/>
        <line num="1" count="2" type="stmt"/>
        <line num="2" count="2" type="stmt"/>
        <line num="3" count="2" type="stmt"/>
        <line num="4" count="2" type="stmt"/>
        <line num="5" count="2" type="stmt"/>
        <line num="6" count="2" type="stmt"/>
        <line num="7" count="2" type="stmt"/>
        <line num="8" count="2" type="stmt"/>
        <line num="9" count="2" type="stmt"/>
        <line num="19" count="2" type="stmt"/>
        <line num="24" count="2" type="stmt"/>
        <line num="28" count="2" type="stmt"/>
        <line num="32" count="2" type="stmt"/>
        <line num="36" count="2" type="stmt"/>
        <line num="40" count="2" type="stmt"/>
        <line num="44" count="2" type="stmt"/>
        <line num="48" count="2" type="stmt"/>
        <line num="52" count="2" type="stmt"/>
        <line num="56" count="2" type="stmt"/>
        <line num="60" count="2" type="stmt"/>
        <line num="64" count="2" type="stmt"/>
        <line num="68" count="2" type="stmt"/>
        <line num="72" count="2" type="stmt"/>
        <line num="76" count="2" type="stmt"/>
        <line num="80" count="2" type="stmt"/>
        <line num="92" count="13" type="stmt"/>
        <line num="100" count="0" type="stmt"/>
        <line num="108" count="1" type="stmt"/>
        <line num="116" count="1" type="stmt"/>
        <line num="124" count="1" type="stmt"/>
        <line num="132" count="1" type="stmt"/>
        <line num="140" count="1" type="stmt"/>
        <line num="148" count="2" type="stmt"/>
        <line num="156" count="1" type="stmt"/>
        <line num="164" count="2" type="stmt"/>
        <line num="172" count="4" type="stmt"/>
        <line num="181" count="1" type="stmt"/>
        <line num="185" count="1" type="stmt"/>
        <line num="186" count="10" type="stmt"/>
        <line num="187" count="10" type="cond" truecount="2" falsecount="0"/>
        <line num="188" count="1" type="stmt"/>
        <line num="189" count="1" type="stmt"/>
        <line num="199" count="1" type="stmt"/>
        <line num="212" count="1" type="stmt"/>
        <line num="213" count="1" type="stmt"/>
        <line num="214" count="10" type="cond" truecount="4" falsecount="0"/>
        <line num="215" count="2" type="stmt"/>
        <line num="217" count="10" type="cond" truecount="1" falsecount="1"/>
        <line num="218" count="0" type="stmt"/>
        <line num="222" count="1" type="cond" truecount="1" falsecount="1"/>
        <line num="223" count="0" type="stmt"/>
        <line num="224" count="0" type="stmt"/>
        <line num="227" count="1" type="stmt"/>
        <line num="228" count="2" type="cond" truecount="2" falsecount="0"/>
        <line num="229" count="1" type="cond" truecount="1" falsecount="1"/>
        <line num="230" count="0" type="stmt"/>
        <line num="231" count="0" type="stmt"/>
        <line num="234" count="1" type="cond" truecount="1" falsecount="1"/>
        <line num="235" count="0" type="cond" truecount="0" falsecount="2"/>
        <line num="236" count="0" type="stmt"/>
        <line num="237" count="0" type="stmt"/>
        <line num="240" count="0" type="stmt"/>
        <line num="241" count="0" type="stmt"/>
        <line num="245" count="1" type="cond" truecount="1" falsecount="1"/>
        <line num="246" count="1" type="stmt"/>
        <line num="247" count="4" type="stmt"/>
        <line num="250" count="0" type="stmt"/>
        <line num="251" count="0" type="stmt"/>
        <line num="256" count="1" type="cond" truecount="1" falsecount="1"/>
        <line num="257" count="1" type="cond" truecount="1" falsecount="1"/>
        <line num="258" count="0" type="stmt"/>
        <line num="259" count="0" type="stmt"/>
        <line num="262" count="1" type="stmt"/>
        <line num="263" count="4" type="stmt"/>
        <line num="267" count="0" type="cond" truecount="0" falsecount="2"/>
        <line num="268" count="0" type="stmt"/>
        <line num="269" count="0" type="stmt"/>
        <line num="272" count="0" type="stmt"/>
        <line num="273" count="0" type="stmt"/>
        <line num="281" count="1" type="stmt"/>
        <line num="282" count="4" type="cond" truecount="1" falsecount="1"/>
        <line num="283" count="0" type="stmt"/>
        <line num="287" count="1" type="stmt"/>
        <line num="288" count="3" type="cond" truecount="2" falsecount="0"/>
        <line num="289" count="1" type="stmt"/>
        <line num="293" count="1" type="stmt"/>
        <line num="294" count="3" type="stmt"/>
        <line num="306" count="1" type="stmt"/>
        <line num="308" count="1" type="stmt"/>
        <line num="309" count="1" type="stmt"/>
        <line num="312" count="1" type="stmt"/>
        <line num="313" count="4" type="stmt"/>
        <line num="314" count="4" type="cond" truecount="2" falsecount="0"/>
        <line num="315" count="1" type="stmt"/>
        <line num="316" count="1" type="cond" truecount="3" falsecount="1"/>
        <line num="317" count="0" type="stmt"/>
        <line num="318" count="0" type="stmt"/>
        <line num="319" count="1" type="cond" truecount="1" falsecount="1"/>
        <line num="320" count="1" type="stmt"/>
        <line num="324" count="1" type="stmt"/>
        <line num="335" count="1" type="stmt"/>
        <line num="339" count="1" type="stmt"/>
        <line num="340" count="1" type="stmt"/>
        <line num="341" count="1" type="stmt"/>
        <line num="344" count="1" type="stmt"/>
        <line num="348" count="1" type="stmt"/>
        <line num="349" count="2" type="stmt"/>
        <line num="350" count="2" type="cond" truecount="1" falsecount="1"/>
        <line num="351" count="0" type="stmt"/>
        <line num="353" count="2" type="cond" truecount="2" falsecount="0"/>
        <line num="354" count="1" type="stmt"/>
        <line num="355" count="1" type="cond" truecount="3" falsecount="1"/>
        <line num="356" count="0" type="stmt"/>
        <line num="357" count="0" type="stmt"/>
        <line num="359" count="1" type="cond" truecount="1" falsecount="1"/>
        <line num="360" count="1" type="cond" truecount="1" falsecount="1"/>
        <line num="361" count="0" type="stmt"/>
        <line num="362" count="0" type="stmt"/>
        <line num="363" count="1" type="cond" truecount="1" falsecount="1"/>
        <line num="364" count="0" type="stmt"/>
        <line num="365" count="0" type="stmt"/>
        <line num="367" count="1" type="stmt"/>
        <line num="368" count="1" type="stmt"/>
        <line num="369" count="1" type="cond" truecount="1" falsecount="1"/>
        <line num="370" count="1" type="cond" truecount="5" falsecount="1"/>
        <line num="371" count="0" type="cond" truecount="0" falsecount="2"/>
        <line num="372" count="0" type="stmt"/>
        <line num="373" count="0" type="cond" truecount="0" falsecount="4"/>
        <line num="374" count="0" type="stmt"/>
        <line num="376" count="0" type="stmt"/>
        <line num="378" count="0" type="stmt"/>
        <line num="379" count="0" type="cond" truecount="0" falsecount="2"/>
        <line num="380" count="0" type="stmt"/>
        <line num="381" count="0" type="stmt"/>
        <line num="383" count="0" type="stmt"/>
        <line num="386" count="0" type="cond" truecount="0" falsecount="2"/>
        <line num="387" count="0" type="stmt"/>
        <line num="389" count="0" type="stmt"/>
        <line num="390" count="0" type="stmt"/>
        <line num="391" count="0" type="stmt"/>
        <line num="392" count="0" type="stmt"/>
        <line num="394" count="0" type="stmt"/>
        <line num="395" count="0" type="stmt"/>
        <line num="397" count="1" type="cond" truecount="2" falsecount="2"/>
        <line num="398" count="1" type="cond" truecount="1" falsecount="1"/>
        <line num="399" count="1" type="stmt"/>
        <line num="400" count="1" type="stmt"/>
        <line num="401" count="1" type="cond" truecount="3" falsecount="1"/>
        <line num="402" count="1" type="stmt"/>
        <line num="403" count="1" type="stmt"/>
        <line num="405" count="0" type="stmt"/>
        <line num="408" count="1" type="cond" truecount="1" falsecount="1"/>
        <line num="409" count="0" type="stmt"/>
        <line num="411" count="1" type="stmt"/>
        <line num="413" count="1" type="stmt"/>
        <line num="414" count="1" type="stmt"/>
        <line num="415" count="1" type="stmt"/>
        <line num="417" count="0" type="stmt"/>
        <line num="418" count="0" type="stmt"/>
        <line num="421" count="0" type="stmt"/>
        <line num="422" count="0" type="stmt"/>
        <line num="423" count="0" type="stmt"/>
        <line num="426" count="0" type="cond" truecount="0" falsecount="2"/>
        <line num="427" count="0" type="stmt"/>
        <line num="428" count="0" type="cond" truecount="0" falsecount="2"/>
        <line num="429" count="0" type="stmt"/>
        <line num="431" count="0" type="stmt"/>
        <line num="433" count="0" type="cond" truecount="0" falsecount="6"/>
        <line num="434" count="0" type="cond" truecount="0" falsecount="2"/>
        <line num="435" count="0" type="stmt"/>
        <line num="436" count="0" type="stmt"/>
        <line num="437" count="0" type="stmt"/>
        <line num="438" count="0" type="cond" truecount="0" falsecount="4"/>
        <line num="439" count="0" type="stmt"/>
        <line num="440" count="0" type="stmt"/>
        <line num="442" count="0" type="stmt"/>
        <line num="445" count="0" type="stmt"/>
        <line num="446" count="0" type="stmt"/>
        <line num="447" count="0" type="stmt"/>
        <line num="448" count="0" type="stmt"/>
        <line num="450" count="0" type="stmt"/>
        <line num="451" count="0" type="stmt"/>
        <line num="454" count="0" type="stmt"/>
        <line num="455" count="0" type="stmt"/>
        <line num="456" count="0" type="stmt"/>
        <line num="461" count="0" type="cond" truecount="0" falsecount="2"/>
        <line num="462" count="0" type="stmt"/>
        <line num="463" count="0" type="stmt"/>
        <line num="464" count="0" type="cond" truecount="0" falsecount="2"/>
        <line num="465" count="0" type="stmt"/>
        <line num="466" count="0" type="stmt"/>
        <line num="468" count="0" type="stmt"/>
        <line num="469" count="0" type="stmt"/>
        <line num="471" count="0" type="cond" truecount="0" falsecount="2"/>
        <line num="472" count="0" type="stmt"/>
        <line num="473" count="0" type="stmt"/>
        <line num="475" count="0" type="stmt"/>
        <line num="476" count="0" type="stmt"/>
        <line num="477" count="0" type="stmt"/>
        <line num="478" count="0" type="cond" truecount="0" falsecount="2"/>
        <line num="479" count="0" type="cond" truecount="0" falsecount="6"/>
        <line num="480" count="0" type="stmt"/>
        <line num="481" count="0" type="cond" truecount="0" falsecount="4"/>
        <line num="482" count="0" type="stmt"/>
        <line num="484" count="0" type="stmt"/>
        <line num="486" count="0" type="stmt"/>
        <line num="487" count="0" type="cond" truecount="0" falsecount="2"/>
        <line num="488" count="0" type="stmt"/>
        <line num="489" count="0" type="stmt"/>
        <line num="491" count="0" type="stmt"/>
        <line num="494" count="0" type="cond" truecount="0" falsecount="2"/>
        <line num="495" count="0" type="stmt"/>
        <line num="497" count="0" type="stmt"/>
        <line num="498" count="0" type="stmt"/>
        <line num="499" count="0" type="stmt"/>
        <line num="500" count="0" type="stmt"/>
        <line num="501" count="0" type="cond" truecount="0" falsecount="4"/>
        <line num="502" count="0" type="stmt"/>
        <line num="503" count="0" type="stmt"/>
        <line num="504" count="0" type="stmt"/>
        <line num="505" count="0" type="cond" truecount="0" falsecount="4"/>
        <line num="506" count="0" type="stmt"/>
        <line num="507" count="0" type="stmt"/>
        <line num="509" count="0" type="stmt"/>
        <line num="512" count="0" type="stmt"/>
        <line num="513" count="0" type="stmt"/>
        <line num="514" count="0" type="stmt"/>
        <line num="515" count="0" type="stmt"/>
        <line num="517" count="0" type="stmt"/>
        <line num="518" count="0" type="stmt"/>
        <line num="519" count="0" type="stmt"/>
        <line num="522" count="0" type="cond" truecount="0" falsecount="2"/>
        <line num="523" count="0" type="stmt"/>
        <line num="524" count="0" type="cond" truecount="0" falsecount="2"/>
        <line num="525" count="0" type="stmt"/>
        <line num="527" count="0" type="stmt"/>
        <line num="529" count="0" type="cond" truecount="0" falsecount="6"/>
        <line num="530" count="0" type="stmt"/>
        <line num="531" count="0" type="stmt"/>
        <line num="532" count="0" type="stmt"/>
        <line num="533" count="0" type="cond" truecount="0" falsecount="4"/>
        <line num="534" count="0" type="stmt"/>
        <line num="535" count="0" type="stmt"/>
        <line num="537" count="0" type="stmt"/>
        <line num="540" count="0" type="stmt"/>
        <line num="541" count="0" type="stmt"/>
        <line num="542" count="0" type="stmt"/>
        <line num="543" count="0" type="stmt"/>
        <line num="545" count="0" type="stmt"/>
        <line num="546" count="0" type="stmt"/>
        <line num="547" count="0" type="stmt"/>
        <line num="553" count="1" type="cond" truecount="3" falsecount="1"/>
        <line num="554" count="0" type="cond" truecount="0" falsecount="2"/>
        <line num="555" count="0" type="stmt"/>
        <line num="557" count="0" type="stmt"/>
        <line num="558" count="0" type="stmt"/>
        <line num="559" count="0" type="cond" truecount="0" falsecount="4"/>
        <line num="560" count="0" type="stmt"/>
        <line num="561" count="0" type="stmt"/>
        <line num="563" count="0" type="stmt"/>
        <line num="566" count="0" type="stmt"/>
        <line num="567" count="0" type="stmt"/>
        <line num="568" count="0" type="stmt"/>
        <line num="569" count="0" type="stmt"/>
        <line num="571" count="1" type="cond" truecount="3" falsecount="1"/>
        <line num="572" count="0" type="cond" truecount="0" falsecount="2"/>
        <line num="573" count="0" type="stmt"/>
        <line num="575" count="0" type="stmt"/>
        <line num="576" count="0" type="stmt"/>
        <line num="577" count="0" type="cond" truecount="0" falsecount="2"/>
        <line num="578" count="0" type="stmt"/>
        <line num="579" count="0" type="stmt"/>
        <line num="581" count="0" type="stmt"/>
        <line num="584" count="0" type="cond" truecount="0" falsecount="2"/>
        <line num="585" count="0" type="stmt"/>
        <line num="587" count="0" type="stmt"/>
        <line num="588" count="0" type="stmt"/>
        <line num="589" count="0" type="stmt"/>
        <line num="590" count="0" type="stmt"/>
        <line num="593" count="1" type="stmt"/>
        <line num="594" count="1" type="stmt"/>
        <line num="595" count="1" type="cond" truecount="2" falsecount="2"/>
        <line num="596" count="1" type="cond" truecount="1" falsecount="1"/>
        <line num="597" count="0" type="stmt"/>
        <line num="598" count="0" type="stmt"/>
        <line num="600" count="1" type="stmt"/>
        <line num="601" count="1" type="stmt"/>
        <line num="602" count="1" type="stmt"/>
        <line num="603" count="1" type="cond" truecount="1" falsecount="1"/>
        <line num="604" count="0" type="stmt"/>
        <line num="605" count="0" type="stmt"/>
        <line num="607" count="1" type="stmt"/>
        <line num="610" count="1" type="cond" truecount="1" falsecount="1"/>
        <line num="611" count="1" type="stmt"/>
        <line num="613" count="1" type="stmt"/>
        <line num="614" count="1" type="stmt"/>
        <line num="615" count="1" type="stmt"/>
        <line num="616" count="1" type="stmt"/>
        <line num="618" count="0" type="cond" truecount="0" falsecount="4"/>
        <line num="619" count="0" type="cond" truecount="0" falsecount="2"/>
        <line num="620" count="0" type="stmt"/>
        <line num="621" count="0" type="stmt"/>
        <line num="623" count="0" type="stmt"/>
        <line num="624" count="0" type="stmt"/>
        <line num="625" count="0" type="stmt"/>
        <line num="626" count="0" type="cond" truecount="0" falsecount="4"/>
        <line num="627" count="0" type="stmt"/>
        <line num="628" count="0" type="stmt"/>
        <line num="630" count="0" type="stmt"/>
        <line num="633" count="0" type="stmt"/>
        <line num="634" count="0" type="stmt"/>
        <line num="635" count="0" type="stmt"/>
        <line num="636" count="0" type="stmt"/>
        <line num="639" count="0" type="stmt"/>
        <line num="640" count="0" type="stmt"/>
        <line num="646" count="1" type="stmt"/>
        <line num="647" count="2" type="stmt"/>
        <line num="649" count="1" type="stmt"/>
        <line num="650" count="1" type="cond" truecount="1" falsecount="1"/>
        <line num="651" count="1" type="stmt"/>
        <line num="652" count="2" type="stmt"/>
        <line num="655" count="1" type="stmt"/>
        <line num="667" count="1" type="stmt"/>
        <line num="671" count="1" type="stmt"/>
        <line num="674" count="1" type="stmt"/>
        <line num="675" count="1" type="stmt"/>
        <line num="676" count="2" type="stmt"/>
        <line num="677" count="2" type="stmt"/>
        <line num="678" count="2" type="cond" truecount="2" falsecount="0"/>
        <line num="679" count="1" type="stmt"/>
        <line num="680" count="1" type="stmt"/>
        <line num="681" count="1" type="stmt"/>
        <line num="682" count="1" type="stmt"/>
        <line num="683" count="1" type="stmt"/>
        <line num="684" count="1" type="cond" truecount="1" falsecount="1"/>
        <line num="685" count="0" type="cond" truecount="0" falsecount="2"/>
        <line num="686" count="0" type="stmt"/>
        <line num="687" count="0" type="stmt"/>
        <line num="688" count="0" type="cond" truecount="0" falsecount="2"/>
        <line num="689" count="0" type="stmt"/>
        <line num="690" count="0" type="stmt"/>
        <line num="691" count="0" type="cond" truecount="0" falsecount="4"/>
        <line num="692" count="0" type="stmt"/>
        <line num="693" count="0" type="stmt"/>
        <line num="695" count="0" type="cond" truecount="0" falsecount="2"/>
        <line num="696" count="0" type="stmt"/>
        <line num="698" count="0" type="stmt"/>
        <line num="699" count="0" type="stmt"/>
        <line num="701" count="0" type="stmt"/>
        <line num="705" count="0" type="cond" truecount="0" falsecount="2"/>
        <line num="706" count="0" type="stmt"/>
        <line num="708" count="0" type="cond" truecount="0" falsecount="2"/>
        <line num="709" count="0" type="stmt"/>
        <line num="710" count="0" type="stmt"/>
        <line num="712" count="0" type="stmt"/>
        <line num="713" count="0" type="cond" truecount="0" falsecount="4"/>
        <line num="714" count="0" type="stmt"/>
        <line num="715" count="0" type="stmt"/>
        <line num="717" count="0" type="cond" truecount="0" falsecount="2"/>
        <line num="718" count="0" type="stmt"/>
        <line num="720" count="0" type="stmt"/>
        <line num="721" count="0" type="stmt"/>
        <line num="723" count="0" type="stmt"/>
        <line num="727" count="1" type="cond" truecount="1" falsecount="1"/>
        <line num="728" count="0" type="cond" truecount="0" falsecount="2"/>
        <line num="729" count="0" type="stmt"/>
        <line num="730" count="0" type="stmt"/>
        <line num="731" count="0" type="cond" truecount="0" falsecount="2"/>
        <line num="732" count="0" type="stmt"/>
        <line num="733" count="0" type="stmt"/>
        <line num="734" count="0" type="cond" truecount="0" falsecount="4"/>
        <line num="735" count="0" type="stmt"/>
        <line num="736" count="0" type="stmt"/>
        <line num="738" count="0" type="stmt"/>
        <line num="739" count="0" type="stmt"/>
        <line num="743" count="0" type="cond" truecount="0" falsecount="2"/>
        <line num="744" count="0" type="stmt"/>
        <line num="746" count="0" type="cond" truecount="0" falsecount="2"/>
        <line num="747" count="0" type="stmt"/>
        <line num="748" count="0" type="stmt"/>
        <line num="750" count="0" type="stmt"/>
        <line num="751" count="0" type="cond" truecount="0" falsecount="4"/>
        <line num="752" count="0" type="stmt"/>
        <line num="753" count="0" type="stmt"/>
        <line num="755" count="0" type="stmt"/>
        <line num="756" count="0" type="stmt"/>
        <line num="760" count="1" type="cond" truecount="2" falsecount="2"/>
        <line num="761" count="1" type="cond" truecount="3" falsecount="1"/>
        <line num="762" count="0" type="stmt"/>
        <line num="763" count="0" type="stmt"/>
        <line num="765" count="1" type="cond" truecount="1" falsecount="1"/>
        <line num="766" count="1" type="stmt"/>
        <line num="767" count="1" type="stmt"/>
        <line num="769" count="0" type="stmt"/>
        <line num="770" count="0" type="stmt"/>
        <line num="774" count="0" type="stmt"/>
        <line num="775" count="0" type="stmt"/>
        <line num="778" count="1" type="stmt"/>
        <line num="779" count="1" type="stmt"/>
        <line num="780" count="1" type="cond" truecount="1" falsecount="1"/>
        <line num="781" count="1" type="cond" truecount="1" falsecount="1"/>
        <line num="782" count="0" type="stmt"/>
        <line num="783" count="0" type="stmt"/>
        <line num="784" count="0" type="cond" truecount="0" falsecount="2"/>
        <line num="785" count="0" type="stmt"/>
        <line num="786" count="0" type="stmt"/>
        <line num="787" count="0" type="cond" truecount="0" falsecount="4"/>
        <line num="788" count="0" type="stmt"/>
        <line num="789" count="0" type="stmt"/>
        <line num="791" count="0" type="cond" truecount="0" falsecount="2"/>
        <line num="792" count="0" type="stmt"/>
        <line num="794" count="0" type="stmt"/>
        <line num="795" count="0" type="stmt"/>
        <line num="797" count="0" type="stmt"/>
        <line num="801" count="1" type="cond" truecount="1" falsecount="1"/>
        <line num="802" count="0" type="stmt"/>
        <line num="804" count="1" type="cond" truecount="1" falsecount="1"/>
        <line num="805" count="0" type="stmt"/>
        <line num="806" count="0" type="stmt"/>
        <line num="808" count="1" type="stmt"/>
        <line num="809" count="1" type="cond" truecount="3" falsecount="1"/>
        <line num="810" count="0" type="stmt"/>
        <line num="811" count="0" type="stmt"/>
        <line num="813" count="1" type="cond" truecount="1" falsecount="1"/>
        <line num="814" count="1" type="stmt"/>
        <line num="816" count="0" type="stmt"/>
        <line num="817" count="0" type="stmt"/>
        <line num="819" count="1" type="stmt"/>
        <line num="823" count="0" type="cond" truecount="0" falsecount="2"/>
        <line num="824" count="0" type="cond" truecount="0" falsecount="2"/>
        <line num="825" count="0" type="stmt"/>
        <line num="826" count="0" type="stmt"/>
        <line num="827" count="0" type="cond" truecount="0" falsecount="2"/>
        <line num="828" count="0" type="stmt"/>
        <line num="829" count="0" type="stmt"/>
        <line num="830" count="0" type="cond" truecount="0" falsecount="4"/>
        <line num="831" count="0" type="stmt"/>
        <line num="832" count="0" type="stmt"/>
        <line num="834" count="0" type="stmt"/>
        <line num="835" count="0" type="stmt"/>
        <line num="839" count="0" type="cond" truecount="0" falsecount="2"/>
        <line num="840" count="0" type="stmt"/>
        <line num="842" count="0" type="cond" truecount="0" falsecount="2"/>
        <line num="843" count="0" type="stmt"/>
        <line num="844" count="0" type="stmt"/>
        <line num="846" count="0" type="stmt"/>
        <line num="847" count="0" type="cond" truecount="0" falsecount="4"/>
        <line num="848" count="0" type="stmt"/>
        <line num="849" count="0" type="stmt"/>
        <line num="851" count="0" type="stmt"/>
        <line num="852" count="0" type="stmt"/>
        <line num="856" count="0" type="cond" truecount="0" falsecount="4"/>
        <line num="857" count="0" type="cond" truecount="0" falsecount="4"/>
        <line num="858" count="0" type="stmt"/>
        <line num="859" count="0" type="stmt"/>
        <line num="861" count="0" type="stmt"/>
        <line num="862" count="0" type="cond" truecount="0" falsecount="2"/>
        <line num="863" count="0" type="stmt"/>
        <line num="865" count="0" type="stmt"/>
        <line num="872" count="1" type="stmt"/>
        <line num="880" count="0" type="stmt"/>
        <line num="883" count="0" type="stmt"/>
        <line num="884" count="0" type="stmt"/>
        <line num="885" count="0" type="stmt"/>
        <line num="886" count="0" type="cond" truecount="0" falsecount="2"/>
        <line num="887" count="0" type="stmt"/>
        <line num="888" count="0" type="cond" truecount="0" falsecount="2"/>
        <line num="889" count="0" type="stmt"/>
        <line num="890" count="0" type="stmt"/>
        <line num="892" count="0" type="stmt"/>
        <line num="895" count="0" type="stmt"/>
        <line num="898" count="0" type="stmt"/>
        <line num="907" count="1" type="stmt"/>
        <line num="910" count="1" type="stmt"/>
        <line num="911" count="1" type="stmt"/>
        <line num="912" count="4" type="cond" truecount="1" falsecount="1"/>
        <line num="913" count="0" type="stmt"/>
        <line num="914" count="0" type="stmt"/>
        <line num="916" count="4" type="stmt"/>
        <line num="917" count="4" type="stmt"/>
        <line num="918" count="4" type="cond" truecount="2" falsecount="0"/>
        <line num="919" count="3" type="stmt"/>
        <line num="920" count="3" type="stmt"/>
        <line num="921" count="3" type="cond" truecount="1" falsecount="1"/>
        <line num="922" count="0" type="stmt"/>
        <line num="923" count="0" type="stmt"/>
        <line num="924" count="3" type="cond" truecount="1" falsecount="1"/>
        <line num="925" count="3" type="stmt"/>
        <line num="926" count="3" type="cond" truecount="1" falsecount="1"/>
        <line num="927" count="0" type="stmt"/>
        <line num="928" count="0" type="stmt"/>
        <line num="929" count="3" type="cond" truecount="2" falsecount="0"/>
        <line num="930" count="1" type="stmt"/>
        <line num="931" count="1" type="stmt"/>
        <line num="932" count="1" type="stmt"/>
        <line num="934" count="1" type="stmt"/>
        <line num="935" count="1" type="stmt"/>
        <line num="936" count="1" type="stmt"/>
        <line num="938" count="1" type="stmt"/>
        <line num="940" count="1" type="cond" truecount="1" falsecount="1"/>
        <line num="941" count="1" type="stmt"/>
        <line num="943" count="1" type="cond" truecount="1" falsecount="1"/>
        <line num="944" count="1" type="stmt"/>
        <line num="946" count="1" type="cond" truecount="1" falsecount="1"/>
        <line num="947" count="1" type="stmt"/>
        <line num="950" count="1" type="cond" truecount="1" falsecount="1"/>
        <line num="951" count="0" type="stmt"/>
        <line num="952" count="0" type="stmt"/>
        <line num="953" count="0" type="stmt"/>
        <line num="954" count="1" type="cond" truecount="1" falsecount="1"/>
        <line num="955" count="0" type="stmt"/>
        <line num="956" count="0" type="stmt"/>
        <line num="957" count="1" type="cond" truecount="1" falsecount="1"/>
        <line num="958" count="0" type="stmt"/>
        <line num="959" count="0" type="stmt"/>
        <line num="960" count="1" type="cond" truecount="1" falsecount="1"/>
        <line num="961" count="0" type="stmt"/>
        <line num="962" count="0" type="stmt"/>
        <line num="963" count="1" type="cond" truecount="1" falsecount="1"/>
        <line num="964" count="0" type="stmt"/>
        <line num="965" count="1" type="cond" truecount="1" falsecount="1"/>
        <line num="966" count="0" type="stmt"/>
        <line num="967" count="1" type="cond" truecount="1" falsecount="1"/>
        <line num="968" count="0" type="stmt"/>
        <line num="969" count="1" type="cond" truecount="1" falsecount="1"/>
        <line num="970" count="0" type="stmt"/>
        <line num="971" count="0" type="stmt"/>
        <line num="972" count="1" type="cond" truecount="1" falsecount="1"/>
        <line num="973" count="0" type="cond" truecount="0" falsecount="4"/>
        <line num="974" count="0" type="stmt"/>
        <line num="975" count="0" type="cond" truecount="0" falsecount="4"/>
        <line num="976" count="0" type="stmt"/>
        <line num="977" count="0" type="stmt"/>
        <line num="978" count="0" type="stmt"/>
        <line num="979" count="0" type="stmt"/>
        <line num="981" count="0" type="stmt"/>
        <line num="982" count="0" type="stmt"/>
        <line num="984" count="1" type="cond" truecount="1" falsecount="1"/>
        <line num="985" count="1" type="cond" truecount="1" falsecount="1"/>
        <line num="986" count="1" type="stmt"/>
        <line num="987" count="1" type="stmt"/>
        <line num="988" count="1" type="stmt"/>
        <line num="989" count="1" type="stmt"/>
        <line num="990" count="1" type="stmt"/>
        <line num="992" count="0" type="stmt"/>
        <line num="993" count="0" type="stmt"/>
        <line num="995" count="0" type="cond" truecount="0" falsecount="2"/>
        <line num="996" count="0" type="stmt"/>
        <line num="997" count="0" type="cond" truecount="0" falsecount="2"/>
        <line num="998" count="0" type="stmt"/>
        <line num="999" count="0" type="stmt"/>
        <line num="1000" count="0" type="stmt"/>
        <line num="1001" count="0" type="cond" truecount="0" falsecount="2"/>
        <line num="1002" count="0" type="stmt"/>
        <line num="1005" count="1" type="cond" truecount="1" falsecount="1"/>
        <line num="1006" count="1" type="stmt"/>
        <line num="1008" count="1" type="cond" truecount="1" falsecount="1"/>
        <line num="1009" count="1" type="stmt"/>
        <line num="1011" count="1" type="cond" truecount="1" falsecount="1"/>
        <line num="1012" count="0" type="stmt"/>
        <line num="1015" count="2" type="stmt"/>
        <line num="1018" count="0" type="stmt"/>
        <line num="1019" count="0" type="stmt"/>
        <line num="1021" count="1" type="cond" truecount="1" falsecount="1"/>
        <line num="1022" count="1" type="stmt"/>
        <line num="1024" count="0" type="stmt"/>
        <line num="1025" count="0" type="stmt"/>
        <line num="1028" count="1" type="stmt"/>
        <line num="1029" count="1" type="stmt"/>
        <line num="1038" count="1" type="stmt"/>
        <line num="1041" count="1" type="stmt"/>
        <line num="1042" count="1" type="stmt"/>
        <line num="1046" count="1" type="stmt"/>
        <line num="1047" count="1" type="stmt"/>
        <line num="1048" count="1" type="stmt"/>
        <line num="1049" count="1" type="stmt"/>
        <line num="1050" count="1" type="stmt"/>
        <line num="1051" count="1" type="stmt"/>
        <line num="1052" count="1" type="stmt"/>
        <line num="1055" count="1" type="stmt"/>
        <line num="1056" count="5" type="cond" truecount="3" falsecount="1"/>
        <line num="1057" count="0" type="stmt"/>
        <line num="1059" count="5" type="stmt"/>
        <line num="1060" count="5" type="cond" truecount="2" falsecount="0"/>
        <line num="1061" count="1" type="stmt"/>
        <line num="1062" count="1" type="cond" truecount="1" falsecount="1"/>
        <line num="1063" count="1" type="cond" truecount="1" falsecount="1"/>
        <line num="1064" count="0" type="stmt"/>
        <line num="1065" count="0" type="stmt"/>
        <line num="1067" count="1" type="stmt"/>
        <line num="1068" count="1" type="stmt"/>
        <line num="1069" count="1" type="stmt"/>
        <line num="1072" count="0" type="stmt"/>
        <line num="1073" count="0" type="stmt"/>
        <line num="1076" count="5" type="stmt"/>
        <line num="1078" count="5" type="stmt"/>
        <line num="1081" count="1" type="stmt"/>
        <line num="1082" count="1" type="stmt"/>
        <line num="1083" count="5" type="cond" truecount="5" falsecount="0"/>
        <line num="1084" count="1" type="stmt"/>
        <line num="1085" count="1" type="stmt"/>
        <line num="1087" count="4" type="stmt"/>
        <line num="1088" count="4" type="stmt"/>
        <line num="1089" count="4" type="cond" truecount="3" falsecount="1"/>
        <line num="1090" count="0" type="stmt"/>
        <line num="1091" count="0" type="cond" truecount="0" falsecount="2"/>
        <line num="1092" count="0" type="cond" truecount="0" falsecount="2"/>
        <line num="1093" count="0" type="stmt"/>
        <line num="1095" count="0" type="stmt"/>
        <line num="1098" count="0" type="stmt"/>
        <line num="1099" count="0" type="stmt"/>
        <line num="1101" count="4" type="cond" truecount="4" falsecount="0"/>
        <line num="1102" count="1" type="stmt"/>
        <line num="1103" count="1" type="cond" truecount="1" falsecount="1"/>
        <line num="1104" count="1" type="stmt"/>
        <line num="1105" count="1" type="cond" truecount="1" falsecount="1"/>
        <line num="1106" count="1" type="stmt"/>
        <line num="1108" count="1" type="cond" truecount="1" falsecount="1"/>
        <line num="1109" count="1" type="stmt"/>
        <line num="1111" count="0" type="stmt"/>
        <line num="1114" count="0" type="stmt"/>
        <line num="1115" count="0" type="stmt"/>
        <line num="1118" count="4" type="stmt"/>
        <line num="1119" count="4" type="stmt"/>
        <line num="1122" count="1" type="stmt"/>
        <line num="1132" count="0" type="stmt"/>
        <line num="1133" count="0" type="cond" truecount="0" falsecount="2"/>
        <line num="1134" count="0" type="cond" truecount="0" falsecount="2"/>
        <line num="1135" count="0" type="cond" truecount="0" falsecount="2"/>
        <line num="1136" count="0" type="cond" truecount="0" falsecount="2"/>
        <line num="1137" count="0" type="cond" truecount="0" falsecount="2"/>
        <line num="1138" count="0" type="cond" truecount="0" falsecount="2"/>
        <line num="1139" count="0" type="stmt"/>
        <line num="1141" count="0" type="stmt"/>
        <line num="1144" count="0" type="stmt"/>
        <line num="1147" count="0" type="stmt"/>
        <line num="1150" count="0" type="stmt"/>
        <line num="1153" count="0" type="stmt"/>
        <line num="1156" count="0" type="stmt"/>
        <line num="1165" count="0" type="stmt"/>
        <line num="1166" count="0" type="stmt"/>
        <line num="1167" count="0" type="stmt"/>
        <line num="1168" count="0" type="stmt"/>
        <line num="1169" count="0" type="stmt"/>
        <line num="1170" count="0" type="stmt"/>
        <line num="1171" count="0" type="stmt"/>
        <line num="1172" count="0" type="stmt"/>
        <line num="1173" count="0" type="stmt"/>
        <line num="1174" count="0" type="stmt"/>
        <line num="1175" count="0" type="stmt"/>
        <line num="1184" count="1" type="stmt"/>
        <line num="1186" count="1" type="stmt"/>
        <line num="1187" count="4" type="stmt"/>
        <line num="1188" count="4" type="cond" truecount="1" falsecount="1"/>
        <line num="1189" count="0" type="stmt"/>
        <line num="1190" count="0" type="stmt"/>
        <line num="1192" count="4" type="stmt"/>
        <line num="1193" count="4" type="stmt"/>
        <line num="1194" count="4" type="cond" truecount="1" falsecount="1"/>
        <line num="1195" count="4" type="stmt"/>
        <line num="1196" count="4" type="stmt"/>
        <line num="1197" count="4" type="cond" truecount="1" falsecount="1"/>
        <line num="1198" count="0" type="stmt"/>
        <line num="1199" count="0" type="stmt"/>
        <line num="1200" count="4" type="cond" truecount="1" falsecount="1"/>
        <line num="1201" count="4" type="stmt"/>
        <line num="1202" count="4" type="cond" truecount="1" falsecount="1"/>
        <line num="1203" count="0" type="stmt"/>
        <line num="1204" count="0" type="stmt"/>
        <line num="1206" count="4" type="stmt"/>
        <line num="1208" count="1" type="stmt"/>
        <line num="1209" count="1" type="cond" truecount="1" falsecount="1"/>
        <line num="1210" count="1" type="stmt"/>
        <line num="1211" count="1" type="stmt"/>
        <line num="1213" count="0" type="stmt"/>
        <line num="1214" count="0" type="stmt"/>
        <line num="1216" count="1" type="stmt"/>
        <line num="1218" count="3" type="stmt"/>
        <line num="1219" count="3" type="cond" truecount="1" falsecount="1"/>
        <line num="1220" count="3" type="stmt"/>
        <line num="1221" count="3" type="stmt"/>
        <line num="1223" count="0" type="stmt"/>
        <line num="1224" count="0" type="stmt"/>
        <line num="1226" count="3" type="stmt"/>
        <line num="1228" count="0" type="stmt"/>
        <line num="1229" count="0" type="cond" truecount="0" falsecount="2"/>
        <line num="1230" count="0" type="stmt"/>
        <line num="1231" count="0" type="stmt"/>
        <line num="1233" count="0" type="stmt"/>
        <line num="1234" count="0" type="stmt"/>
        <line num="1236" count="0" type="stmt"/>
        <line num="1238" count="0" type="stmt"/>
        <line num="1239" count="0" type="stmt"/>
        <line num="1243" count="0" type="stmt"/>
        <line num="1244" count="0" type="stmt"/>
        <line num="1247" count="0" type="stmt"/>
        <line num="1248" count="0" type="stmt"/>
        <line num="1251" count="1" type="stmt"/>
      </file>
      <file name="BinaryAddition.ts" path="E:\File\learning\Kiyan\on-going\MIPS\GRP\Hardware\src\Assembler\BinaryAddition.ts">
        <metrics statements="22" coveredstatements="20" conditionals="6" coveredconditionals="4" methods="1" coveredmethods="1"/>
        <line num="7" count="6" type="stmt"/>
        <line num="8" count="9" type="stmt"/>
        <line num="9" count="9" type="stmt"/>
        <line num="10" count="9" type="stmt"/>
        <line num="11" count="9" type="stmt"/>
        <line num="12" count="9" type="stmt"/>
        <line num="13" count="9" type="stmt"/>
        <line num="14" count="89" type="cond" truecount="1" falsecount="1"/>
        <line num="15" count="89" type="stmt"/>
        <line num="17" count="0" type="stmt"/>
        <line num="22" count="9" type="stmt"/>
        <line num="23" count="101" type="stmt"/>
        <line num="24" count="101" type="stmt"/>
        <line num="25" count="101" type="stmt"/>
        <line num="26" count="101" type="cond" truecount="2" falsecount="0"/>
        <line num="27" count="4" type="stmt"/>
        <line num="28" count="4" type="stmt"/>
        <line num="30" count="97" type="stmt"/>
        <line num="31" count="97" type="stmt"/>
        <line num="35" count="9" type="cond" truecount="1" falsecount="1"/>
        <line num="36" count="0" type="stmt"/>
        <line num="39" count="9" type="stmt"/>
      </file>
      <file name="BinaryToDecimal.ts" path="E:\File\learning\Kiyan\on-going\MIPS\GRP\Hardware\src\Assembler\BinaryToDecimal.ts">
        <metrics statements="12" coveredstatements="12" conditionals="2" coveredconditionals="2" methods="1" coveredmethods="1"/>
        <line num="6" count="3" type="stmt"/>
        <line num="7" count="5" type="stmt"/>
        <line num="8" count="5" type="cond" truecount="2" falsecount="0"/>
        <line num="9" count="1" type="stmt"/>
        <line num="11" count="4" type="stmt"/>
        <line num="12" count="4" type="stmt"/>
        <line num="13" count="4" type="stmt"/>
        <line num="14" count="60" type="stmt"/>
        <line num="15" count="60" type="stmt"/>
        <line num="17" count="4" type="stmt"/>
        <line num="18" count="4" type="stmt"/>
        <line num="20" count="4" type="stmt"/>
      </file>
      <file name="DecimalToBinary.ts" path="E:\File\learning\Kiyan\on-going\MIPS\GRP\Hardware\src\Assembler\DecimalToBinary.ts">
        <metrics statements="26" coveredstatements="26" conditionals="6" coveredconditionals="6" methods="1" coveredmethods="1"/>
        <line num="1" count="5" type="stmt"/>
        <line num="2" count="5" type="stmt"/>
        <line num="3" count="5" type="stmt"/>
        <line num="15" count="5" type="stmt"/>
        <line num="16" count="245" type="stmt"/>
        <line num="17" count="245" type="stmt"/>
        <line num="19" count="245" type="cond" truecount="2" falsecount="0"/>
        <line num="20" count="5" type="stmt"/>
        <line num="21" count="47" type="stmt"/>
        <line num="23" count="5" type="stmt"/>
        <line num="26" count="240" type="cond" truecount="2" falsecount="0"/>
        <line num="27" count="6" type="stmt"/>
        <line num="28" count="6" type="stmt"/>
        <line num="31" count="240" type="stmt"/>
        <line num="32" count="240" type="stmt"/>
        <line num="33" count="1051" type="stmt"/>
        <line num="34" count="1051" type="stmt"/>
        <line num="37" count="240" type="stmt"/>
        <line num="38" count="240" type="stmt"/>
        <line num="39" count="1051" type="stmt"/>
        <line num="42" count="240" type="stmt"/>
        <line num="43" count="810" type="stmt"/>
        <line num="46" count="240" type="cond" truecount="2" falsecount="0"/>
        <line num="47" count="6" type="stmt"/>
        <line num="48" count="6" type="stmt"/>
        <line num="51" count="240" type="stmt"/>
      </file>
      <file name="Decoder.ts" path="E:\File\learning\Kiyan\on-going\MIPS\GRP\Hardware\src\Assembler\Decoder.ts">
        <metrics statements="9" coveredstatements="9" conditionals="0" coveredconditionals="0" methods="4" coveredmethods="4"/>
        <line num="5" count="3" type="stmt"/>
        <line num="9" count="9" type="stmt"/>
        <line num="13" count="9" type="stmt"/>
        <line num="17" count="9" type="stmt"/>
        <line num="25" count="55" type="stmt"/>
        <line num="27" count="55" type="stmt"/>
        <line num="28" count="55" type="stmt"/>
        <line num="36" count="36" type="stmt"/>
        <line num="44" count="37" type="stmt"/>
      </file>
      <file name="DecoderForI.ts" path="E:\File\learning\Kiyan\on-going\MIPS\GRP\Hardware\src\Assembler\DecoderForI.ts">
        <metrics statements="69" coveredstatements="67" conditionals="43" coveredconditionals="42" methods="5" coveredmethods="5"/>
        <line num="1" count="3" type="stmt"/>
        <line num="2" count="3" type="stmt"/>
        <line num="3" count="3" type="stmt"/>
        <line num="9" count="3" type="stmt"/>
        <line num="13" count="3" type="stmt"/>
        <line num="17" count="3" type="stmt"/>
        <line num="23" count="3" type="stmt"/>
        <line num="31" count="29" type="stmt"/>
        <line num="39" count="30" type="stmt"/>
        <line num="40" count="30" type="stmt"/>
        <line num="41" count="30" type="stmt"/>
        <line num="42" count="30" type="stmt"/>
        <line num="43" count="30" type="cond" truecount="2" falsecount="0"/>
        <line num="44" count="2" type="stmt"/>
        <line num="45" count="2" type="stmt"/>
        <line num="46" count="2" type="stmt"/>
        <line num="47" count="28" type="cond" truecount="4" falsecount="0"/>
        <line num="48" count="3" type="stmt"/>
        <line num="49" count="3" type="stmt"/>
        <line num="50" count="3" type="stmt"/>
        <line num="51" count="3" type="stmt"/>
        <line num="52" count="25" type="cond" truecount="8" falsecount="0"/>
        <line num="58" count="11" type="stmt"/>
        <line num="59" count="11" type="stmt"/>
        <line num="60" count="11" type="stmt"/>
        <line num="61" count="11" type="stmt"/>
        <line num="63" count="14" type="stmt"/>
        <line num="64" count="14" type="stmt"/>
        <line num="65" count="14" type="cond" truecount="4" falsecount="0"/>
        <line num="66" count="2" type="stmt"/>
        <line num="67" count="2" type="stmt"/>
        <line num="69" count="12" type="stmt"/>
        <line num="70" count="12" type="stmt"/>
        <line num="71" count="12" type="stmt"/>
        <line num="72" count="12" type="stmt"/>
        <line num="73" count="12" type="stmt"/>
        <line num="74" count="12" type="stmt"/>
        <line num="77" count="28" type="stmt"/>
        <line num="78" count="28" type="stmt"/>
        <line num="79" count="28" type="stmt"/>
        <line num="82" count="28" type="cond" truecount="2" falsecount="0"/>
        <line num="83" count="3" type="stmt"/>
        <line num="84" count="3" type="stmt"/>
        <line num="85" count="25" type="cond" truecount="4" falsecount="0"/>
        <line num="86" count="2" type="stmt"/>
        <line num="87" count="2" type="stmt"/>
        <line num="91" count="23" type="stmt"/>
        <line num="93" count="23" type="stmt"/>
        <line num="94" count="45" type="stmt"/>
        <line num="95" count="45" type="cond" truecount="5" falsecount="0"/>
        <line num="96" count="1" type="stmt"/>
        <line num="97" count="1" type="stmt"/>
        <line num="98" count="44" type="cond" truecount="6" falsecount="0"/>
        <line num="99" count="4" type="stmt"/>
        <line num="100" count="40" type="cond" truecount="4" falsecount="0"/>
        <line num="101" count="39" type="cond" truecount="2" falsecount="0"/>
        <line num="102" count="38" type="stmt"/>
        <line num="103" count="38" type="cond" truecount="1" falsecount="1"/>
        <line num="104" count="0" type="stmt"/>
        <line num="105" count="0" type="stmt"/>
        <line num="107" count="38" type="stmt"/>
        <line num="110" count="1" type="stmt"/>
        <line num="111" count="1" type="stmt"/>
        <line num="114" count="1" type="stmt"/>
        <line num="115" count="1" type="stmt"/>
        <line num="119" count="20" type="stmt"/>
        <line num="127" count="30" type="stmt"/>
        <line num="128" count="30" type="stmt"/>
        <line num="136" count="10" type="stmt"/>
      </file>
      <file name="DecoderForJ.ts" path="E:\File\learning\Kiyan\on-going\MIPS\GRP\Hardware\src\Assembler\DecoderForJ.ts">
        <metrics statements="17" coveredstatements="17" conditionals="2" coveredconditionals="2" methods="5" coveredmethods="5"/>
        <line num="1" count="3" type="stmt"/>
        <line num="2" count="3" type="stmt"/>
        <line num="8" count="3" type="stmt"/>
        <line num="12" count="3" type="stmt"/>
        <line num="16" count="3" type="stmt"/>
        <line num="22" count="3" type="stmt"/>
        <line num="30" count="6" type="stmt"/>
        <line num="38" count="4" type="stmt"/>
        <line num="39" count="4" type="stmt"/>
        <line num="40" count="4" type="stmt"/>
        <line num="42" count="4" type="cond" truecount="2" falsecount="0"/>
        <line num="43" count="2" type="stmt"/>
        <line num="44" count="2" type="stmt"/>
        <line num="46" count="2" type="stmt"/>
        <line num="54" count="4" type="stmt"/>
        <line num="55" count="4" type="stmt"/>
        <line num="63" count="2" type="stmt"/>
      </file>
      <file name="DecoderForR.ts" path="E:\File\learning\Kiyan\on-going\MIPS\GRP\Hardware\src\Assembler\DecoderForR.ts">
        <metrics statements="53" coveredstatements="51" conditionals="32" coveredconditionals="30" methods="5" coveredmethods="5"/>
        <line num="1" count="3" type="stmt"/>
        <line num="2" count="3" type="stmt"/>
        <line num="3" count="3" type="stmt"/>
        <line num="9" count="3" type="stmt"/>
        <line num="13" count="3" type="stmt"/>
        <line num="17" count="3" type="stmt"/>
        <line num="23" count="3" type="stmt"/>
        <line num="31" count="22" type="stmt"/>
        <line num="39" count="21" type="stmt"/>
        <line num="40" count="21" type="stmt"/>
        <line num="41" count="21" type="stmt"/>
        <line num="42" count="21" type="stmt"/>
        <line num="43" count="21" type="stmt"/>
        <line num="44" count="21" type="stmt"/>
        <line num="45" count="21" type="stmt"/>
        <line num="46" count="21" type="stmt"/>
        <line num="47" count="21" type="cond" truecount="2" falsecount="0"/>
        <line num="48" count="1" type="stmt"/>
        <line num="49" count="20" type="cond" truecount="5" falsecount="0"/>
        <line num="50" count="9" type="stmt"/>
        <line num="51" count="9" type="stmt"/>
        <line num="52" count="9" type="stmt"/>
        <line num="53" count="9" type="stmt"/>
        <line num="54" count="9" type="cond" truecount="6" falsecount="0"/>
        <line num="55" count="3" type="stmt"/>
        <line num="56" count="3" type="stmt"/>
        <line num="59" count="11" type="stmt"/>
        <line num="60" count="11" type="stmt"/>
        <line num="61" count="11" type="stmt"/>
        <line num="62" count="11" type="stmt"/>
        <line num="66" count="18" type="stmt"/>
        <line num="68" count="18" type="stmt"/>
        <line num="69" count="54" type="stmt"/>
        <line num="70" count="54" type="cond" truecount="5" falsecount="0"/>
        <line num="71" count="1" type="stmt"/>
        <line num="72" count="1" type="stmt"/>
        <line num="73" count="53" type="cond" truecount="5" falsecount="1"/>
        <line num="74" count="8" type="stmt"/>
        <line num="75" count="45" type="cond" truecount="4" falsecount="0"/>
        <line num="76" count="44" type="cond" truecount="2" falsecount="0"/>
        <line num="77" count="43" type="stmt"/>
        <line num="78" count="43" type="cond" truecount="1" falsecount="1"/>
        <line num="79" count="0" type="stmt"/>
        <line num="80" count="0" type="stmt"/>
        <line num="82" count="43" type="stmt"/>
        <line num="85" count="1" type="stmt"/>
        <line num="86" count="1" type="stmt"/>
        <line num="89" count="1" type="stmt"/>
        <line num="90" count="1" type="stmt"/>
        <line num="93" count="15" type="stmt"/>
        <line num="101" count="21" type="stmt"/>
        <line num="102" count="21" type="stmt"/>
        <line num="110" count="6" type="stmt"/>
      </file>
      <file name="Instruction.ts" path="E:\File\learning\Kiyan\on-going\MIPS\GRP\Hardware\src\Assembler\Instruction.ts">
        <metrics statements="6" coveredstatements="6" conditionals="0" coveredconditionals="0" methods="2" coveredmethods="2"/>
        <line num="5" count="4" type="stmt"/>
        <line num="24" count="87" type="stmt"/>
        <line num="25" count="87" type="stmt"/>
        <line num="26" count="87" type="stmt"/>
        <line num="27" count="87" type="stmt"/>
        <line num="35" count="87" type="stmt"/>
      </file>
      <file name="InstructionI.ts" path="E:\File\learning\Kiyan\on-going\MIPS\GRP\Hardware\src\Assembler\InstructionI.ts">
        <metrics statements="47" coveredstatements="44" conditionals="16" coveredconditionals="15" methods="2" coveredmethods="1"/>
        <line num="1" count="4" type="stmt"/>
        <line num="2" count="4" type="stmt"/>
        <line num="3" count="4" type="stmt"/>
        <line num="9" count="4" type="stmt"/>
        <line num="42" count="47" type="stmt"/>
        <line num="52" count="47" type="stmt"/>
        <line num="53" count="47" type="stmt"/>
        <line num="54" count="47" type="cond" truecount="1" falsecount="1"/>
        <line num="55" count="0" type="stmt"/>
        <line num="56" count="0" type="stmt"/>
        <line num="58" count="47" type="stmt"/>
        <line num="61" count="47" type="stmt"/>
        <line num="62" count="47" type="cond" truecount="2" falsecount="0"/>
        <line num="63" count="3" type="stmt"/>
        <line num="64" count="3" type="stmt"/>
        <line num="65" count="3" type="stmt"/>
        <line num="66" count="3" type="stmt"/>
        <line num="67" count="3" type="stmt"/>
        <line num="68" count="3" type="stmt"/>
        <line num="69" count="3" type="stmt"/>
        <line num="70" count="44" type="cond" truecount="4" falsecount="0"/>
        <line num="71" count="5" type="stmt"/>
        <line num="72" count="5" type="stmt"/>
        <line num="73" count="5" type="stmt"/>
        <line num="74" count="5" type="stmt"/>
        <line num="75" count="5" type="stmt"/>
        <line num="76" count="5" type="stmt"/>
        <line num="77" count="5" type="stmt"/>
        <line num="78" count="39" type="cond" truecount="8" falsecount="0"/>
        <line num="84" count="17" type="stmt"/>
        <line num="85" count="17" type="stmt"/>
        <line num="86" count="17" type="stmt"/>
        <line num="87" count="17" type="stmt"/>
        <line num="88" count="17" type="stmt"/>
        <line num="89" count="17" type="stmt"/>
        <line num="90" count="17" type="stmt"/>
        <line num="92" count="22" type="stmt"/>
        <line num="93" count="22" type="stmt"/>
        <line num="94" count="22" type="stmt"/>
        <line num="95" count="22" type="stmt"/>
        <line num="96" count="22" type="stmt"/>
        <line num="97" count="22" type="stmt"/>
        <line num="98" count="22" type="stmt"/>
        <line num="99" count="22" type="stmt"/>
        <line num="100" count="22" type="stmt"/>
        <line num="102" count="47" type="stmt"/>
        <line num="110" count="0" type="stmt"/>
      </file>
      <file name="InstructionJ.ts" path="E:\File\learning\Kiyan\on-going\MIPS\GRP\Hardware\src\Assembler\InstructionJ.ts">
        <metrics statements="16" coveredstatements="13" conditionals="2" coveredconditionals="1" methods="2" coveredmethods="1"/>
        <line num="1" count="4" type="stmt"/>
        <line num="2" count="4" type="stmt"/>
        <line num="3" count="4" type="stmt"/>
        <line num="9" count="4" type="stmt"/>
        <line num="26" count="6" type="stmt"/>
        <line num="36" count="6" type="stmt"/>
        <line num="37" count="6" type="stmt"/>
        <line num="38" count="6" type="cond" truecount="1" falsecount="1"/>
        <line num="39" count="0" type="stmt"/>
        <line num="40" count="0" type="stmt"/>
        <line num="42" count="6" type="stmt"/>
        <line num="45" count="6" type="stmt"/>
        <line num="46" count="6" type="stmt"/>
        <line num="47" count="6" type="stmt"/>
        <line num="49" count="6" type="stmt"/>
        <line num="57" count="0" type="stmt"/>
      </file>
      <file name="InstructionR.ts" path="E:\File\learning\Kiyan\on-going\MIPS\GRP\Hardware\src\Assembler\InstructionR.ts">
        <metrics statements="40" coveredstatements="37" conditionals="9" coveredconditionals="8" methods="2" coveredmethods="1"/>
        <line num="1" count="4" type="stmt"/>
        <line num="2" count="4" type="stmt"/>
        <line num="3" count="4" type="stmt"/>
        <line num="9" count="4" type="stmt"/>
        <line num="50" count="34" type="stmt"/>
        <line num="60" count="34" type="stmt"/>
        <line num="61" count="34" type="stmt"/>
        <line num="62" count="34" type="stmt"/>
        <line num="63" count="34" type="cond" truecount="1" falsecount="1"/>
        <line num="64" count="0" type="stmt"/>
        <line num="65" count="0" type="stmt"/>
        <line num="67" count="34" type="stmt"/>
        <line num="70" count="34" type="stmt"/>
        <line num="71" count="34" type="cond" truecount="2" falsecount="0"/>
        <line num="72" count="2" type="stmt"/>
        <line num="73" count="2" type="stmt"/>
        <line num="74" count="2" type="stmt"/>
        <line num="75" count="2" type="stmt"/>
        <line num="76" count="2" type="stmt"/>
        <line num="77" count="2" type="stmt"/>
        <line num="78" count="2" type="stmt"/>
        <line num="79" count="32" type="cond" truecount="5" falsecount="0"/>
        <line num="80" count="12" type="stmt"/>
        <line num="81" count="12" type="stmt"/>
        <line num="82" count="12" type="stmt"/>
        <line num="83" count="12" type="stmt"/>
        <line num="84" count="12" type="stmt"/>
        <line num="85" count="12" type="stmt"/>
        <line num="86" count="12" type="stmt"/>
        <line num="87" count="12" type="stmt"/>
        <line num="89" count="20" type="stmt"/>
        <line num="90" count="20" type="stmt"/>
        <line num="91" count="20" type="stmt"/>
        <line num="92" count="20" type="stmt"/>
        <line num="93" count="20" type="stmt"/>
        <line num="94" count="20" type="stmt"/>
        <line num="95" count="20" type="stmt"/>
        <line num="96" count="20" type="stmt"/>
        <line num="98" count="34" type="stmt"/>
        <line num="106" count="0" type="stmt"/>
      </file>
      <file name="MapForCommaNum.ts" path="E:\File\learning\Kiyan\on-going\MIPS\GRP\Hardware\src\Assembler\MapForCommaNum.ts">
        <metrics statements="3" coveredstatements="3" conditionals="0" coveredconditionals="0" methods="2" coveredmethods="1"/>
        <line num="4" count="2" type="stmt"/>
        <line num="9" count="2" type="stmt"/>
        <line num="68" count="15" type="stmt"/>
      </file>
      <file name="MapForI.ts" path="E:\File\learning\Kiyan\on-going\MIPS\GRP\Hardware\src\Assembler\MapForI.ts">
        <metrics statements="3" coveredstatements="3" conditionals="0" coveredconditionals="0" methods="2" coveredmethods="1"/>
        <line num="4" count="4" type="stmt"/>
        <line num="9" count="4" type="stmt"/>
        <line num="39" count="47" type="stmt"/>
      </file>
      <file name="MapForInsType.ts" path="E:\File\learning\Kiyan\on-going\MIPS\GRP\Hardware\src\Assembler\MapForInsType.ts">
        <metrics statements="3" coveredstatements="3" conditionals="0" coveredconditionals="0" methods="2" coveredmethods="1"/>
        <line num="5" count="2" type="stmt"/>
        <line num="10" count="2" type="stmt"/>
        <line num="71" count="7" type="stmt"/>
      </file>
      <file name="MapForJ.ts" path="E:\File\learning\Kiyan\on-going\MIPS\GRP\Hardware\src\Assembler\MapForJ.ts">
        <metrics statements="3" coveredstatements="3" conditionals="0" coveredconditionals="0" methods="2" coveredmethods="1"/>
        <line num="4" count="4" type="stmt"/>
        <line num="9" count="4" type="stmt"/>
        <line num="24" count="6" type="stmt"/>
      </file>
      <file name="MapForR.ts" path="E:\File\learning\Kiyan\on-going\MIPS\GRP\Hardware\src\Assembler\MapForR.ts">
        <metrics statements="3" coveredstatements="3" conditionals="0" coveredconditionals="0" methods="2" coveredmethods="1"/>
        <line num="4" count="4" type="stmt"/>
        <line num="9" count="4" type="stmt"/>
        <line num="35" count="34" type="stmt"/>
      </file>
      <file name="MapForRegister.ts" path="E:\File\learning\Kiyan\on-going\MIPS\GRP\Hardware\src\Assembler\MapForRegister.ts">
        <metrics statements="3" coveredstatements="3" conditionals="0" coveredconditionals="0" methods="2" coveredmethods="1"/>
        <line num="4" count="3" type="stmt"/>
        <line num="9" count="3" type="stmt"/>
        <line num="54" count="164" type="stmt"/>
      </file>
      <file name="Stack.ts" path="E:\File\learning\Kiyan\on-going\MIPS\GRP\Hardware\src\Assembler\Stack.ts">
        <metrics statements="10" coveredstatements="5" conditionals="0" coveredconditionals="0" methods="9" coveredmethods="4"/>
        <line num="6" count="5" type="stmt"/>
        <line num="17" count="240" type="stmt"/>
        <line num="26" count="1051" type="stmt"/>
        <line num="34" count="1051" type="stmt"/>
        <line num="42" count="0" type="stmt"/>
        <line num="50" count="0" type="stmt"/>
        <line num="58" count="240" type="stmt"/>
        <line num="66" count="0" type="stmt"/>
        <line num="74" count="0" type="stmt"/>
        <line num="82" count="0" type="stmt"/>
      </file>
      <file name="TransformZeroOne.ts" path="E:\File\learning\Kiyan\on-going\MIPS\GRP\Hardware\src\Assembler\TransformZeroOne.ts">
        <metrics statements="10" coveredstatements="8" conditionals="4" coveredconditionals="3" methods="1" coveredmethods="1"/>
        <line num="6" count="6" type="stmt"/>
        <line num="7" count="9" type="stmt"/>
        <line num="9" count="9" type="stmt"/>
        <line num="10" count="113" type="cond" truecount="2" falsecount="0"/>
        <line num="11" count="97" type="stmt"/>
        <line num="12" count="16" type="cond" truecount="1" falsecount="1"/>
        <line num="13" count="16" type="stmt"/>
        <line num="15" count="0" type="stmt"/>
        <line num="16" count="0" type="stmt"/>
        <line num="19" count="9" type="stmt"/>
      </file>
      <file name="TrimSpace.ts" path="E:\File\learning\Kiyan\on-going\MIPS\GRP\Hardware\src\Assembler\TrimSpace.ts">
        <metrics statements="8" coveredstatements="8" conditionals="0" coveredconditionals="0" methods="1" coveredmethods="1"/>
        <line num="6" count="3" type="stmt"/>
        <line num="7" count="7" type="stmt"/>
        <line num="8" count="7" type="stmt"/>
        <line num="9" count="7" type="stmt"/>
        <line num="10" count="7" type="stmt"/>
        <line num="11" count="7" type="stmt"/>
        <line num="12" count="7" type="stmt"/>
        <line num="13" count="7" type="stmt"/>
      </file>
    </package>
    <package name="CPU">
      <metrics statements="382" coveredstatements="243" conditionals="74" coveredconditionals="37" methods="54" coveredmethods="44"/>
      <file name="Single-CycleCPU.ts" path="E:\File\learning\Kiyan\on-going\MIPS\GRP\Hardware\src\CPU\Single-CycleCPU.ts">
        <metrics statements="382" coveredstatements="243" conditionals="74" coveredconditionals="37" methods="54" coveredmethods="44"/>
        <line num="1" count="1" type="stmt"/>
        <line num="2" count="1" type="stmt"/>
        <line num="3" count="1" type="stmt"/>
        <line num="4" count="1" type="stmt"/>
        <line num="5" count="1" type="stmt"/>
        <line num="6" count="1" type="stmt"/>
        <line num="7" count="1" type="stmt"/>
        <line num="8" count="1" type="stmt"/>
        <line num="11" count="1" type="stmt"/>
        <line num="12" count="1" type="stmt"/>
        <line num="13" count="1" type="stmt"/>
        <line num="14" count="1" type="stmt"/>
        <line num="15" count="1" type="stmt"/>
        <line num="17" count="1" type="stmt"/>
        <line num="18" count="1" type="stmt"/>
        <line num="19" count="1" type="stmt"/>
        <line num="40" count="12" type="stmt"/>
        <line num="41" count="12" type="stmt"/>
        <line num="42" count="12" type="stmt"/>
        <line num="43" count="12" type="stmt"/>
        <line num="44" count="12" type="stmt"/>
        <line num="51" count="12" type="cond" truecount="1" falsecount="1"/>
        <line num="52" count="0" type="stmt"/>
        <line num="54" count="12" type="stmt"/>
        <line num="55" count="12" type="stmt"/>
        <line num="63" count="2125" type="stmt"/>
        <line num="71" count="226" type="stmt"/>
        <line num="72" count="226" type="stmt"/>
        <line num="73" count="226" type="stmt"/>
        <line num="98" count="12" type="stmt"/>
        <line num="99" count="12" type="stmt"/>
        <line num="100" count="12" type="stmt"/>
        <line num="108" count="0" type="stmt"/>
        <line num="109" count="0" type="stmt"/>
        <line num="119" count="226" type="stmt"/>
        <line num="120" count="226" type="stmt"/>
        <line num="121" count="226" type="stmt"/>
        <line num="142" count="12" type="stmt"/>
        <line num="143" count="12" type="stmt"/>
        <line num="151" count="428" type="stmt"/>
        <line num="152" count="428" type="stmt"/>
        <line num="160" count="226" type="cond" truecount="1" falsecount="1"/>
        <line num="161" count="0" type="stmt"/>
        <line num="162" count="226" type="stmt"/>
        <line num="163" count="226" type="stmt"/>
        <line num="164" count="226" type="stmt"/>
        <line num="172" count="202" type="cond" truecount="1" falsecount="1"/>
        <line num="173" count="0" type="stmt"/>
        <line num="174" count="202" type="stmt"/>
        <line num="175" count="202" type="stmt"/>
        <line num="176" count="202" type="stmt"/>
        <line num="201" count="12" type="stmt"/>
        <line num="202" count="12" type="stmt"/>
        <line num="203" count="12" type="stmt"/>
        <line num="212" count="202" type="stmt"/>
        <line num="213" count="202" type="stmt"/>
        <line num="214" count="202" type="stmt"/>
        <line num="215" count="202" type="stmt"/>
        <line num="225" count="202" type="stmt"/>
        <line num="226" count="202" type="stmt"/>
        <line num="238" count="12" type="stmt"/>
        <line num="244" count="12" type="stmt"/>
        <line num="253" count="202" type="stmt"/>
        <line num="254" count="202" type="cond" truecount="4" falsecount="0"/>
        <line num="255" count="100" type="stmt"/>
        <line num="257" count="102" type="stmt"/>
        <line num="258" count="102" type="stmt"/>
        <line num="259" count="102" type="stmt"/>
        <line num="260" count="102" type="stmt"/>
        <line num="261" count="102" type="stmt"/>
        <line num="262" count="102" type="stmt"/>
        <line num="273" count="202" type="stmt"/>
        <line num="274" count="202" type="stmt"/>
        <line num="282" count="102" type="stmt"/>
        <line num="283" count="102" type="stmt"/>
        <line num="284" count="102" type="cond" truecount="4" falsecount="0"/>
        <line num="285" count="30" type="stmt"/>
        <line num="288" count="72" type="cond" truecount="5" falsecount="0"/>
        <line num="289" count="8" type="stmt"/>
        <line num="291" count="64" type="stmt"/>
        <line num="301" count="202" type="stmt"/>
        <line num="308" count="204" type="stmt"/>
        <line num="339" count="12" type="stmt"/>
        <line num="340" count="12" type="stmt"/>
        <line num="341" count="12" type="stmt"/>
        <line num="342" count="12" type="stmt"/>
        <line num="350" count="202" type="stmt"/>
        <line num="351" count="202" type="stmt"/>
        <line num="352" count="202" type="stmt"/>
        <line num="353" count="202" type="stmt"/>
        <line num="361" count="1328" type="stmt"/>
        <line num="378" count="12" type="stmt"/>
        <line num="379" count="12" type="stmt"/>
        <line num="387" count="202" type="stmt"/>
        <line num="388" count="202" type="stmt"/>
        <line num="396" count="913" type="stmt"/>
        <line num="397" count="913" type="stmt"/>
        <line num="404" count="1115" type="stmt"/>
        <line num="405" count="1115" type="stmt"/>
        <line num="434" count="12" type="stmt"/>
        <line num="435" count="12" type="stmt"/>
        <line num="436" count="12" type="stmt"/>
        <line num="437" count="12" type="stmt"/>
        <line num="445" count="913" type="stmt"/>
        <line num="446" count="913" type="cond" truecount="2" falsecount="0"/>
        <line num="447" count="20" type="stmt"/>
        <line num="449" count="913" type="stmt"/>
        <line num="458" count="1112" type="stmt"/>
        <line num="459" count="1112" type="stmt"/>
        <line num="460" count="1112" type="stmt"/>
        <line num="468" count="1112" type="stmt"/>
        <line num="469" count="1112" type="cond" truecount="2" falsecount="0"/>
        <line num="470" count="155" type="stmt"/>
        <line num="472" count="1112" type="cond" truecount="2" falsecount="0"/>
        <line num="473" count="70" type="stmt"/>
        <line num="475" count="1042" type="cond" truecount="4" falsecount="0"/>
        <line num="476" count="48" type="stmt"/>
        <line num="478" count="994" type="stmt"/>
        <line num="481" count="1112" type="stmt"/>
        <line num="530" count="12" type="stmt"/>
        <line num="531" count="12" type="stmt"/>
        <line num="532" count="12" type="stmt"/>
        <line num="533" count="12" type="stmt"/>
        <line num="534" count="12" type="stmt"/>
        <line num="535" count="12" type="stmt"/>
        <line num="536" count="12" type="stmt"/>
        <line num="537" count="12" type="stmt"/>
        <line num="546" count="202" type="stmt"/>
        <line num="547" count="202" type="stmt"/>
        <line num="550" count="202" type="stmt"/>
        <line num="551" count="202" type="stmt"/>
        <line num="554" count="202" type="stmt"/>
        <line num="555" count="202" type="stmt"/>
        <line num="556" count="202" type="stmt"/>
        <line num="557" count="202" type="stmt"/>
        <line num="558" count="202" type="stmt"/>
        <line num="559" count="202" type="stmt"/>
        <line num="560" count="202" type="stmt"/>
        <line num="561" count="202" type="stmt"/>
        <line num="571" count="202" type="stmt"/>
        <line num="572" count="202" type="cond" truecount="2" falsecount="0"/>
        <line num="573" count="72" type="stmt"/>
        <line num="575" count="130" type="cond" truecount="5" falsecount="0"/>
        <line num="576" count="12" type="stmt"/>
        <line num="578" count="118" type="stmt"/>
        <line num="591" count="1" type="stmt"/>
        <line num="595" count="12" type="stmt"/>
        <line num="599" count="12" type="stmt"/>
        <line num="603" count="12" type="stmt"/>
        <line num="607" count="12" type="stmt"/>
        <line num="611" count="12" type="stmt"/>
        <line num="615" count="12" type="stmt"/>
        <line num="619" count="12" type="stmt"/>
        <line num="623" count="12" type="stmt"/>
        <line num="627" count="12" type="stmt"/>
        <line num="631" count="12" type="stmt"/>
        <line num="635" count="12" type="stmt"/>
        <line num="639" count="12" type="stmt"/>
        <line num="643" count="12" type="stmt"/>
        <line num="647" count="12" type="stmt"/>
        <line num="651" count="12" type="stmt"/>
        <line num="655" count="12" type="stmt"/>
        <line num="659" count="12" type="stmt"/>
        <line num="663" count="12" type="stmt"/>
        <line num="667" count="12" type="stmt"/>
        <line num="671" count="12" type="stmt"/>
        <line num="675" count="12" type="stmt"/>
        <line num="678" count="12" type="stmt"/>
        <line num="679" count="12" type="stmt"/>
        <line num="680" count="12" type="stmt"/>
        <line num="681" count="12" type="stmt"/>
        <line num="682" count="12" type="stmt"/>
        <line num="683" count="12" type="stmt"/>
        <line num="684" count="12" type="stmt"/>
        <line num="685" count="12" type="stmt"/>
        <line num="686" count="12" type="stmt"/>
        <line num="687" count="12" type="stmt"/>
        <line num="688" count="12" type="stmt"/>
        <line num="689" count="12" type="stmt"/>
        <line num="690" count="12" type="stmt"/>
        <line num="691" count="12" type="stmt"/>
        <line num="692" count="12" type="stmt"/>
        <line num="693" count="12" type="stmt"/>
        <line num="694" count="12" type="stmt"/>
        <line num="695" count="12" type="stmt"/>
        <line num="701" count="12" type="stmt"/>
        <line num="702" count="12" type="stmt"/>
        <line num="703" count="12" type="stmt"/>
        <line num="704" count="12" type="stmt"/>
        <line num="707" count="12" type="stmt"/>
        <line num="708" count="12" type="stmt"/>
        <line num="709" count="12" type="stmt"/>
        <line num="710" count="12" type="stmt"/>
        <line num="711" count="12" type="stmt"/>
        <line num="713" count="12" type="stmt"/>
        <line num="725" count="202" type="stmt"/>
        <line num="726" count="202" type="stmt"/>
        <line num="727" count="202" type="stmt"/>
        <line num="728" count="202" type="stmt"/>
        <line num="743" count="0" type="cond" truecount="0" falsecount="2"/>
        <line num="744" count="0" type="stmt"/>
        <line num="745" count="0" type="stmt"/>
        <line num="746" count="0" type="stmt"/>
        <line num="747" count="0" type="stmt"/>
        <line num="748" count="0" type="stmt"/>
        <line num="756" count="0" type="stmt"/>
        <line num="757" count="0" type="stmt"/>
        <line num="758" count="0" type="cond" truecount="0" falsecount="2"/>
        <line num="759" count="0" type="stmt"/>
        <line num="760" count="0" type="stmt"/>
        <line num="762" count="0" type="cond" truecount="0" falsecount="2"/>
        <line num="763" count="0" type="stmt"/>
        <line num="764" count="0" type="stmt"/>
        <line num="765" count="0" type="cond" truecount="0" falsecount="2"/>
        <line num="766" count="0" type="stmt"/>
        <line num="767" count="0" type="stmt"/>
        <line num="768" count="0" type="stmt"/>
        <line num="770" count="0" type="stmt"/>
        <line num="772" count="0" type="stmt"/>
        <line num="774" count="0" type="cond" truecount="0" falsecount="2"/>
        <line num="775" count="0" type="stmt"/>
        <line num="776" count="0" type="stmt"/>
        <line num="777" count="0" type="cond" truecount="0" falsecount="2"/>
        <line num="778" count="0" type="stmt"/>
        <line num="779" count="0" type="stmt"/>
        <line num="780" count="0" type="stmt"/>
        <line num="782" count="0" type="stmt"/>
        <line num="783" count="0" type="stmt"/>
        <line num="785" count="0" type="stmt"/>
        <line num="788" count="0" type="cond" truecount="0" falsecount="2"/>
        <line num="789" count="0" type="stmt"/>
        <line num="790" count="0" type="stmt"/>
        <line num="791" count="0" type="cond" truecount="0" falsecount="2"/>
        <line num="792" count="0" type="stmt"/>
        <line num="793" count="0" type="stmt"/>
        <line num="794" count="0" type="stmt"/>
        <line num="797" count="0" type="stmt"/>
        <line num="798" count="0" type="stmt"/>
        <line num="799" count="0" type="stmt"/>
        <line num="800" count="0" type="stmt"/>
        <line num="802" count="0" type="stmt"/>
        <line num="805" count="0" type="cond" truecount="0" falsecount="2"/>
        <line num="806" count="0" type="stmt"/>
        <line num="807" count="0" type="stmt"/>
        <line num="808" count="0" type="stmt"/>
        <line num="809" count="0" type="stmt"/>
        <line num="812" count="0" type="cond" truecount="0" falsecount="2"/>
        <line num="813" count="0" type="stmt"/>
        <line num="814" count="0" type="stmt"/>
        <line num="815" count="0" type="stmt"/>
        <line num="816" count="0" type="stmt"/>
        <line num="819" count="0" type="cond" truecount="0" falsecount="2"/>
        <line num="820" count="0" type="stmt"/>
        <line num="821" count="0" type="stmt"/>
        <line num="823" count="0" type="stmt"/>
        <line num="824" count="0" type="stmt"/>
        <line num="825" count="0" type="stmt"/>
        <line num="827" count="0" type="stmt"/>
        <line num="828" count="0" type="stmt"/>
        <line num="829" count="0" type="stmt"/>
        <line num="839" count="0" type="stmt"/>
        <line num="847" count="101" type="stmt"/>
        <line num="848" count="101" type="cond" truecount="1" falsecount="1"/>
        <line num="849" count="0" type="stmt"/>
        <line num="853" count="101" type="stmt"/>
        <line num="854" count="101" type="stmt"/>
        <line num="855" count="101" type="stmt"/>
        <line num="856" count="101" type="stmt"/>
        <line num="857" count="101" type="stmt"/>
        <line num="858" count="101" type="stmt"/>
        <line num="859" count="101" type="stmt"/>
        <line num="860" count="101" type="stmt"/>
        <line num="861" count="101" type="stmt"/>
        <line num="862" count="101" type="stmt"/>
        <line num="863" count="101" type="stmt"/>
        <line num="864" count="101" type="stmt"/>
        <line num="865" count="101" type="stmt"/>
        <line num="866" count="101" type="stmt"/>
        <line num="867" count="101" type="stmt"/>
        <line num="868" count="101" type="stmt"/>
[...]
        <metrics statements="14" coveredstatements="14" conditionals="0" coveredconditionals="0" methods="2" coveredmethods="2"/>
        <line num="1" count="2" type="stmt"/>
        <line num="2" count="2" type="stmt"/>
        <line num="8" count="2" type="stmt"/>
        <line num="35" count="56" type="stmt"/>
        <line num="36" count="56" type="stmt"/>
        <line num="37" count="56" type="stmt"/>
        <line num="38" count="56" type="stmt"/>
        <line num="39" count="56" type="stmt"/>
        <line num="40" count="56" type="stmt"/>
        <line num="49" count="140" type="stmt"/>
        <line num="50" count="140" type="stmt"/>
        <line num="51" count="140" type="stmt"/>
        <line num="52" count="140" type="stmt"/>
        <line num="53" count="140" type="stmt"/>
      </file>
      <file name="DMux4Way.ts" path="E:\File\learning\Kiyan\on-going\MIPS\GRP\Hardware\src\Conponent\DMux4Way.ts">
        <metrics statements="10" coveredstatements="7" conditionals="0" coveredconditionals="0" methods="2" coveredmethods="1"/>
        <line num="1" count="2" type="stmt"/>
        <line num="2" count="2" type="stmt"/>
        <line num="8" count="2" type="stmt"/>
        <line num="39" count="0" type="stmt"/>
        <line num="40" count="0" type="stmt"/>
        <line num="41" count="0" type="stmt"/>
        <line num="50" count="40" type="stmt"/>
        <line num="51" count="40" type="stmt"/>
        <line num="52" count="40" type="stmt"/>
        <line num="53" count="40" type="stmt"/>
      </file>
      <file name="DMux8Way.ts" path="E:\File\learning\Kiyan\on-going\MIPS\GRP\Hardware\src\Conponent\DMux8Way.ts">
        <metrics statements="11" coveredstatements="8" conditionals="0" coveredconditionals="0" methods="2" coveredmethods="1"/>
        <line num="1" count="2" type="stmt"/>
        <line num="2" count="2" type="stmt"/>
        <line num="3" count="2" type="stmt"/>
        <line num="9" count="2" type="stmt"/>
        <line num="47" count="0" type="stmt"/>
        <line num="48" count="0" type="stmt"/>
        <line num="49" count="0" type="stmt"/>
        <line num="59" count="16" type="stmt"/>
        <line num="60" count="16" type="stmt"/>
        <line num="61" count="16" type="stmt"/>
        <line num="62" count="16" type="stmt"/>
      </file>
      <file name="Mux.ts" path="E:\File\learning\Kiyan\on-going\MIPS\GRP\Hardware\src\Conponent\Mux.ts">
        <metrics statements="12" coveredstatements="8" conditionals="0" coveredconditionals="0" methods="2" coveredmethods="1"/>
        <line num="1" count="2" type="stmt"/>
        <line num="2" count="2" type="stmt"/>
        <line num="3" count="2" type="stmt"/>
        <line num="9" count="2" type="stmt"/>
        <line num="37" count="0" type="stmt"/>
        <line num="38" count="0" type="stmt"/>
        <line num="39" count="0" type="stmt"/>
        <line num="40" count="0" type="stmt"/>
        <line num="50" count="771973" type="stmt"/>
        <line num="51" count="771973" type="stmt"/>
        <line num="52" count="771973" type="stmt"/>
        <line num="53" count="771973" type="stmt"/>
      </file>
      <file name="Mux32.ts" path="E:\File\learning\Kiyan\on-going\MIPS\GRP\Hardware\src\Conponent\Mux32.ts">
        <metrics statements="33" coveredstatements="33" conditionals="2" coveredconditionals="2" methods="13" coveredmethods="13"/>
        <line num="3" count="2" type="stmt"/>
        <line num="4" count="2" type="stmt"/>
        <line num="10" count="2" type="stmt"/>
        <line num="15" count="9630" type="stmt"/>
        <line num="45" count="9630" type="stmt"/>
        <line num="46" count="9630" type="stmt"/>
        <line num="47" count="9630" type="stmt"/>
        <line num="48" count="9630" type="stmt"/>
        <line num="49" count="9630" type="stmt"/>
        <line num="50" count="9630" type="stmt"/>
        <line num="61" count="22571" type="stmt"/>
        <line num="62" count="22571" type="stmt"/>
        <line num="63" count="22571" type="stmt"/>
        <line num="64" count="722272" type="stmt"/>
        <line num="65" count="722272" type="stmt"/>
        <line num="67" count="22571" type="stmt"/>
        <line num="76" count="3463" type="stmt"/>
        <line num="77" count="3463" type="stmt"/>
        <line num="86" count="202" type="stmt"/>
        <line num="87" count="202" type="stmt"/>
        <line num="96" count="416" type="cond" truecount="2" falsecount="0"/>
        <line num="97" count="402" type="stmt"/>
        <line num="98" count="14" type="stmt"/>
        <line num="107" count="1048" type="stmt"/>
        <line num="108" count="1048" type="stmt"/>
        <line num="116" count="1721" type="stmt"/>
        <line num="124" count="1923" type="stmt"/>
        <line num="125" count="1923" type="stmt"/>
        <line num="133" count="6434" type="stmt"/>
        <line num="134" count="6434" type="stmt"/>
        <line num="141" count="6434" type="stmt"/>
        <line num="142" count="5780" type="stmt"/>
        <line num="152" count="48" type="stmt"/>
      </file>
      <file name="Mux4Way32.ts" path="E:\File\learning\Kiyan\on-going\MIPS\GRP\Hardware\src\Conponent\Mux4Way32.ts">
        <metrics statements="15" coveredstatements="15" conditionals="0" coveredconditionals="0" methods="3" coveredmethods="3"/>
        <line num="1" count="2" type="stmt"/>
        <line num="2" count="2" type="stmt"/>
        <line num="8" count="2" type="stmt"/>
        <line num="44" count="3440" type="stmt"/>
        <line num="45" count="3440" type="stmt"/>
        <line num="47" count="3440" type="stmt"/>
        <line num="48" count="3440" type="stmt"/>
        <line num="49" count="3440" type="stmt"/>
        <line num="50" count="13760" type="stmt"/>
        <line num="51" count="13760" type="stmt"/>
        <line num="54" count="3440" type="stmt"/>
        <line num="55" count="3440" type="stmt"/>
        <line num="65" count="4785" type="stmt"/>
        <line num="66" count="4785" type="stmt"/>
        <line num="67" count="4785" type="stmt"/>
      </file>
      <file name="Mux8Way32.ts" path="E:\File\learning\Kiyan\on-going\MIPS\GRP\Hardware\src\Conponent\Mux8Way32.ts">
        <metrics statements="10" coveredstatements="7" conditionals="0" coveredconditionals="0" methods="2" coveredmethods="1"/>
        <line num="1" count="2" type="stmt"/>
        <line num="2" count="2" type="stmt"/>
        <line num="3" count="2" type="stmt"/>
        <line num="9" count="2" type="stmt"/>
        <line num="58" count="0" type="stmt"/>
        <line num="59" count="0" type="stmt"/>
        <line num="60" count="0" type="stmt"/>
        <line num="70" count="1720" type="stmt"/>
        <line num="71" count="1720" type="stmt"/>
        <line num="74" count="1720" type="stmt"/>
      </file>
    </package>
    <package name="Library">
      <metrics statements="90" coveredstatements="81" conditionals="36" coveredconditionals="33" methods="14" coveredmethods="14"/>
      <file name="BItsGenerator.ts" path="E:\File\learning\Kiyan\on-going\MIPS\GRP\Hardware\src\Library\BItsGenerator.ts">
        <metrics statements="6" coveredstatements="6" conditionals="0" coveredconditionals="0" methods="1" coveredmethods="1"/>
        <line num="1" count="3" type="stmt"/>
        <line num="7" count="3" type="stmt"/>
        <line num="8" count="972" type="stmt"/>
        <line num="9" count="972" type="stmt"/>
        <line num="10" count="26019" type="stmt"/>
        <line num="12" count="972" type="stmt"/>
      </file>
      <file name="BooleanHandler.ts" path="E:\File\learning\Kiyan\on-going\MIPS\GRP\Hardware\src\Library\BooleanHandler.ts">
        <metrics statements="8" coveredstatements="8" conditionals="4" coveredconditionals="4" methods="2" coveredmethods="2"/>
        <line num="7" count="2" type="stmt"/>
        <line num="8" count="66561926" type="cond" truecount="2" falsecount="0"/>
        <line num="9" count="24034560" type="stmt"/>
        <line num="11" count="42527366" type="stmt"/>
        <line num="18" count="2" type="stmt"/>
        <line num="19" count="25529763" type="cond" truecount="2" falsecount="0"/>
        <line num="20" count="11966373" type="stmt"/>
        <line num="22" count="13563390" type="stmt"/>
      </file>
      <file name="StringHandle.ts" path="E:\File\learning\Kiyan\on-going\MIPS\GRP\Hardware\src\Library\StringHandle.ts">
        <metrics statements="76" coveredstatements="67" conditionals="32" coveredconditionals="29" methods="11" coveredmethods="11"/>
        <line num="8" count="4" type="stmt"/>
        <line num="9" count="136240" type="stmt"/>
        <line num="10" count="136240" type="stmt"/>
        <line num="11" count="4155849" type="stmt"/>
        <line num="13" count="136240" type="stmt"/>
        <line num="22" count="4" type="stmt"/>
        <line num="23" count="54509" type="stmt"/>
        <line num="24" count="1707546" type="cond" truecount="4" falsecount="0"/>
        <line num="25" count="1" type="stmt"/>
        <line num="28" count="54508" type="stmt"/>
        <line num="37" count="4" type="stmt"/>
        <line num="38" count="1582" type="stmt"/>
        <line num="39" count="1582" type="cond" truecount="3" falsecount="1"/>
        <line num="40" count="0" type="stmt"/>
        <line num="41" count="0" type="stmt"/>
        <line num="42" count="0" type="stmt"/>
        <line num="43" count="0" type="stmt"/>
        <line num="44" count="0" type="stmt"/>
        <line num="46" count="0" type="stmt"/>
        <line num="47" count="0" type="stmt"/>
        <line num="50" count="1582" type="cond" truecount="2" falsecount="0"/>
        <line num="51" count="1480" type="stmt"/>
        <line num="52" count="1480" type="stmt"/>
        <line num="53" count="1480" type="stmt"/>
        <line num="55" count="1480" type="stmt"/>
        <line num="56" count="1480" type="stmt"/>
        <line num="57" count="4220" type="stmt"/>
        <line num="58" count="4220" type="cond" truecount="2" falsecount="0"/>
        <line num="59" count="1480" type="stmt"/>
        <line num="61" count="1480" type="stmt"/>
        <line num="62" count="43140" type="stmt"/>
        <line num="64" count="1480" type="stmt"/>
        <line num="65" count="1480" type="stmt"/>
        <line num="67" count="102" type="stmt"/>
        <line num="68" count="102" type="stmt"/>
        <line num="77" count="4" type="stmt"/>
        <line num="78" count="547" type="cond" truecount="2" falsecount="0"/>
        <line num="79" count="1" type="stmt"/>
        <line num="80" count="546" type="stmt"/>
        <line num="82" count="546" type="cond" truecount="4" falsecount="0"/>
        <line num="83" count="12" type="stmt"/>
        <line num="84" count="12" type="stmt"/>
        <line num="85" count="12" type="stmt"/>
        <line num="86" count="12" type="stmt"/>
        <line num="87" count="12" type="stmt"/>
        <line num="89" count="12" type="stmt"/>
        <line num="90" count="12" type="stmt"/>
        <line num="93" count="546" type="cond" truecount="2" falsecount="0"/>
        <line num="94" count="461" type="stmt"/>
        <line num="95" count="85" type="cond" truecount="1" falsecount="1"/>
        <line num="96" count="85" type="stmt"/>
        <line num="97" count="0" type="stmt"/>
        <line num="105" count="4" type="stmt"/>
        <line num="106" count="103" type="cond" truecount="2" falsecount="0"/>
        <line num="107" count="1" type="stmt"/>
        <line num="116" count="4" type="stmt"/>
        <line num="117" count="2381" type="cond" truecount="1" falsecount="1"/>
        <line num="118" count="0" type="stmt"/>
        <line num="120" count="2381" type="stmt"/>
        <line num="121" count="2381" type="stmt"/>
        <line num="123" count="2381" type="cond" truecount="2" falsecount="0"/>
        <line num="124" count="2176" type="stmt"/>
        <line num="126" count="205" type="stmt"/>
        <line num="128" count="2381" type="stmt"/>
        <line num="129" count="73811" type="stmt"/>
        <line num="132" count="2381" type="stmt"/>
        <line num="139" count="4" type="stmt"/>
        <line num="140" count="1519" type="stmt"/>
        <line num="142" count="37446" type="cond" truecount="4" falsecount="0"/>
        <line num="143" count="1" type="stmt"/>
        <line num="155" count="4" type="stmt"/>
        <line num="156" count="1719" type="stmt"/>
        <line num="157" count="1719" type="stmt"/>
        <line num="158" count="1719" type="stmt"/>
        <line num="166" count="4" type="stmt"/>
        <line num="167" count="405" type="stmt"/>
      </file>
    </package>
    <package name="Logic">
      <metrics statements="96" coveredstatements="94" conditionals="0" coveredconditionals="0" methods="24" coveredmethods="23"/>
      <file name="AND.ts" path="E:\File\learning\Kiyan\on-going\MIPS\GRP\Hardware\src\Logic\AND.ts">
        <metrics statements="7" coveredstatements="7" conditionals="0" coveredconditionals="0" methods="2" coveredmethods="2"/>
        <line num="1" count="3" type="stmt"/>
        <line num="2" count="3" type="stmt"/>
        <line num="6" count="3" type="stmt"/>
        <line num="15" count="1543958" type="stmt"/>
        <line num="16" count="1543958" type="stmt"/>
        <line num="23" count="23069966" type="stmt"/>
        <line num="24" count="23069966" type="stmt"/>
      </file>
      <file name="AND32.ts" path="E:\File\learning\Kiyan\on-going\MIPS\GRP\Hardware\src\Logic\AND32.ts">
        <metrics statements="14" coveredstatements="14" conditionals="0" coveredconditionals="0" methods="3" coveredmethods="3"/>
        <line num="1" count="2" type="stmt"/>
        <line num="2" count="2" type="stmt"/>
        <line num="8" count="2" type="stmt"/>
        <line num="29" count="2" type="stmt"/>
        <line num="30" count="2" type="stmt"/>
        <line num="31" count="2" type="stmt"/>
        <line num="32" count="2" type="stmt"/>
        <line num="33" count="2" type="stmt"/>
        <line num="42" count="915" type="stmt"/>
        <line num="43" count="915" type="stmt"/>
        <line num="44" count="915" type="stmt"/>
        <line num="45" count="29280" type="stmt"/>
        <line num="46" count="29280" type="stmt"/>
        <line num="48" count="915" type="stmt"/>
      </file>
      <file name="Logic.ts" path="E:\File\learning\Kiyan\on-going\MIPS\GRP\Hardware\src\Logic\Logic.ts">
        <metrics statements="9" coveredstatements="9" conditionals="0" coveredconditionals="0" methods="2" coveredmethods="2"/>
        <line num="14" count="3" type="stmt"/>
        <line num="26" count="105290302" type="stmt"/>
        <line num="31" count="105290302" type="stmt"/>
        <line num="32" count="105290302" type="stmt"/>
        <line num="39" count="4" type="stmt"/>
        <line num="40" count="4" type="stmt"/>
        <line num="41" count="4" type="stmt"/>
        <line num="42" count="4" type="stmt"/>
        <line num="47" count="3" type="stmt"/>
      </file>
      <file name="NAND.ts" path="E:\File\learning\Kiyan\on-going\MIPS\GRP\Hardware\src\Logic\NAND.ts">
        <metrics statements="5" coveredstatements="5" conditionals="0" coveredconditionals="0" methods="2" coveredmethods="2"/>
        <line num="1" count="3" type="stmt"/>
        <line num="7" count="3" type="stmt"/>
        <line num="17" count="102873234" type="stmt"/>
        <line num="18" count="102873234" type="stmt"/>
        <line num="25" count="148238251" type="stmt"/>
      </file>
      <file name="NOT.ts" path="E:\File\learning\Kiyan\on-going\MIPS\GRP\Hardware\src\Logic\NOT.ts">
        <metrics statements="7" coveredstatements="7" conditionals="0" coveredconditionals="0" methods="2" coveredmethods="2"/>
        <line num="1" count="3" type="stmt"/>
        <line num="2" count="3" type="stmt"/>
        <line num="6" count="3" type="stmt"/>
        <line num="14" count="772113" type="stmt"/>
        <line num="15" count="772113" type="stmt"/>
        <line num="22" count="35112181" type="stmt"/>
        <line num="23" count="35112181" type="stmt"/>
      </file>
      <file name="NOT32.ts" path="E:\File\learning\Kiyan\on-going\MIPS\GRP\Hardware\src\Logic\NOT32.ts">
        <metrics statements="12" coveredstatements="12" conditionals="0" coveredconditionals="0" methods="3" coveredmethods="3"/>
        <line num="1" count="2" type="stmt"/>
        <line num="2" count="2" type="stmt"/>
        <line num="8" count="2" type="stmt"/>
        <line num="24" count="2" type="stmt"/>
        <line num="25" count="2" type="stmt"/>
        <line num="26" count="2" type="stmt"/>
        <line num="35" count="347" type="stmt"/>
        <line num="36" count="347" type="stmt"/>
        <line num="37" count="347" type="stmt"/>
        <line num="38" count="11104" type="stmt"/>
        <line num="39" count="11104" type="stmt"/>
        <line num="41" count="347" type="stmt"/>
      </file>
      <file name="OR.ts" path="E:\File\learning\Kiyan\on-going\MIPS\GRP\Hardware\src\Logic\OR.ts">
        <metrics statements="8" coveredstatements="8" conditionals="0" coveredconditionals="0" methods="2" coveredmethods="2"/>
        <line num="1" count="3" type="stmt"/>
        <line num="2" count="3" type="stmt"/>
        <line num="8" count="3" type="stmt"/>
        <line num="17" count="100993" type="stmt"/>
        <line num="18" count="100993" type="stmt"/>
        <line num="25" count="22295047" type="stmt"/>
        <line num="26" count="22295047" type="stmt"/>
        <line num="27" count="22295047" type="stmt"/>
      </file>
      <file name="OR32.ts" path="E:\File\learning\Kiyan\on-going\MIPS\GRP\Hardware\src\Logic\OR32.ts">
        <metrics statements="14" coveredstatements="14" conditionals="0" coveredconditionals="0" methods="3" coveredmethods="3"/>
        <line num="1" count="2" type="stmt"/>
        <line num="2" count="2" type="stmt"/>
        <line num="8" count="2" type="stmt"/>
        <line num="29" count="2" type="stmt"/>
        <line num="30" count="2" type="stmt"/>
        <line num="31" count="2" type="stmt"/>
        <line num="32" count="2" type="stmt"/>
        <line num="33" count="2" type="stmt"/>
        <line num="43" count="915" type="stmt"/>
        <line num="44" count="915" type="stmt"/>
        <line num="45" count="915" type="stmt"/>
        <line num="46" count="29280" type="stmt"/>
        <line num="47" count="29280" type="stmt"/>
        <line num="49" count="915" type="stmt"/>
      </file>
      <file name="OR32WAY.ts" path="E:\File\learning\Kiyan\on-going\MIPS\GRP\Hardware\src\Logic\OR32WAY.ts">
        <metrics statements="10" coveredstatements="10" conditionals="0" coveredconditionals="0" methods="3" coveredmethods="3"/>
        <line num="1" count="1" type="stmt"/>
        <line num="2" count="1" type="stmt"/>
        <line num="10" count="1" type="stmt"/>
        <line num="26" count="2" type="stmt"/>
        <line num="27" count="2" type="stmt"/>
        <line num="28" count="2" type="stmt"/>
        <line num="37" count="2" type="stmt"/>
        <line num="38" count="2" type="stmt"/>
        <line num="39" count="64" type="stmt"/>
        <line num="41" count="2" type="stmt"/>
      </file>
      <file name="XOR.ts" path="E:\File\learning\Kiyan\on-going\MIPS\GRP\Hardware\src\Logic\XOR.ts">
        <metrics statements="10" coveredstatements="8" conditionals="0" coveredconditionals="0" methods="2" coveredmethods="1"/>
        <line num="1" count="2" type="stmt"/>
        <line num="2" count="2" type="stmt"/>
        <line num="3" count="2" type="stmt"/>
        <line num="4" count="2" type="stmt"/>
        <line num="10" count="2" type="stmt"/>
        <line num="19" count="0" type="stmt"/>
        <line num="20" count="0" type="stmt"/>
        <line num="27" count="100993" type="stmt"/>
        <line num="28" count="100993" type="stmt"/>
        <line num="29" count="100993" type="stmt"/>
      </file>
    </package>
  </project>
</coverage>
