{"E:\\File\\learning\\Kiyan\\on-going\\MIPS\\GRP\\Hardware\\src\\Assembler\\ArrayList.ts": {"path":"E:\\File\\learning\\Kiyan\\on-going\\MIPS\\GRP\\Hardware\\src\\Assembler\\ArrayList.ts","statementMap":{"0":{"start":{"line":7,"column":4},"end":{"line":7,"column":31}},"1":{"start":{"line":12,"column":4},"end":{"line":12,"column":24}},"2":{"start":{"line":23,"column":8},"end":{"line":30,"column":null}},"3":{"start":{"line":24,"column":12},"end":{"line":26,"column":null}},"4":{"start":{"line":25,"column":16},"end":{"line":25,"column":78}},"5":{"start":{"line":27,"column":12},"end":{"line":27,"column":66}},"6":{"start":{"line":29,"column":12},"end":{"line":29,"column":53}},"7":{"start":{"line":43,"column":8},"end":{"line":52,"column":null}},"8":{"start":{"line":44,"column":12},"end":{"line":44,"column":42}},"9":{"start":{"line":45,"column":12},"end":{"line":45,"column":34}},"10":{"start":{"line":46,"column":12},"end":{"line":46,"column":51}},"11":{"start":{"line":47,"column":12},"end":{"line":47,"column":27}},"12":{"start":{"line":49,"column":12},"end":{"line":49,"column":42}},"13":{"start":{"line":50,"column":12},"end":{"line":50,"column":50}},"14":{"start":{"line":51,"column":12},"end":{"line":51,"column":27}},"15":{"start":{"line":62,"column":8},"end":{"line":62,"column":31}},"16":{"start":{"line":63,"column":8},"end":{"line":63,"column":39}},"17":{"start":{"line":74,"column":8},"end":{"line":74,"column":31}},"18":{"start":{"line":75,"column":8},"end":{"line":75,"column":41}},"19":{"start":{"line":87,"column":8},"end":{"line":102,"column":null}},"20":{"start":{"line":88,"column":12},"end":{"line":88,"column":45}},"21":{"start":{"line":89,"column":12},"end":{"line":89,"column":27}},"22":{"start":{"line":90,"column":12},"end":{"line":90,"column":24}},"23":{"start":{"line":92,"column":25},"end":{"line":92,"column":30}},"24":{"start":{"line":93,"column":12},"end":{"line":97,"column":null}},"25":{"start":{"line":93,"column":25},"end":{"line":93,"column":26}},"26":{"start":{"line":94,"column":16},"end":{"line":96,"column":null}},"27":{"start":{"line":95,"column":20},"end":{"line":95,"column":44}},"28":{"start":{"line":98,"column":12},"end":{"line":100,"column":null}},"29":{"start":{"line":99,"column":16},"end":{"line":99,"column":45}},"30":{"start":{"line":101,"column":12},"end":{"line":101,"column":26}},"31":{"start":{"line":110,"column":8},"end":{"line":110,"column":30}},"32":{"start":{"line":118,"column":8},"end":{"line":118,"column":28}},"33":{"start":{"line":127,"column":8},"end":{"line":129,"column":null}},"34":{"start":{"line":128,"column":12},"end":{"line":128,"column":55}},"35":{"start":{"line":138,"column":8},"end":{"line":142,"column":null}},"36":{"start":{"line":139,"column":38},"end":{"line":139,"column":61}},"37":{"start":{"line":140,"column":38},"end":{"line":140,"column":70}},"38":{"start":{"line":141,"column":12},"end":{"line":141,"column":50}},"39":{"start":{"line":2,"column":0},"end":{"line":2,"column":13}}},"fnMap":{"0":{"name":"(anonymous_0)","decl":{"start":{"line":22,"column":4},"end":{"line":22,"column":16}},"loc":{"start":{"line":22,"column":37},"end":{"line":31,"column":5}}},"1":{"name":"(anonymous_1)","decl":{"start":{"line":42,"column":4},"end":{"line":42,"column":7}},"loc":{"start":{"line":42,"column":30},"end":{"line":53,"column":5}}},"2":{"name":"(anonymous_2)","decl":{"start":{"line":61,"column":4},"end":{"line":61,"column":7}},"loc":{"start":{"line":61,"column":21},"end":{"line":64,"column":5}}},"3":{"name":"(anonymous_3)","decl":{"start":{"line":73,"column":4},"end":{"line":73,"column":10}},"loc":{"start":{"line":73,"column":35},"end":{"line":76,"column":5}}},"4":{"name":"(anonymous_4)","decl":{"start":{"line":86,"column":4},"end":{"line":86,"column":10}},"loc":{"start":{"line":86,"column":27},"end":{"line":103,"column":5}}},"5":{"name":"(anonymous_5)","decl":{"start":{"line":109,"column":4},"end":{"line":109,"column":9}},"loc":{"start":{"line":109,"column":9},"end":{"line":111,"column":5}}},"6":{"name":"(anonymous_6)","decl":{"start":{"line":117,"column":11},"end":{"line":117,"column":15}},"loc":{"start":{"line":117,"column":15},"end":{"line":119,"column":5}}},"7":{"name":"(anonymous_7)","decl":{"start":{"line":126,"column":12},"end":{"line":126,"column":22}},"loc":{"start":{"line":126,"column":36},"end":{"line":130,"column":5}}},"8":{"name":"(anonymous_8)","decl":{"start":{"line":137,"column":11},"end":{"line":137,"column":33}},"loc":{"start":{"line":137,"column":33},"end":{"line":143,"column":5}}}},"branchMap":{"0":{"loc":{"start":{"line":23,"column":8},"end":{"line":30,"column":null}},"type":"if","locations":[{"start":{"line":23,"column":8},"end":{"line":30,"column":null}},{"start":{"line":23,"column":8},"end":{"line":30,"column":null}}]},"1":{"loc":{"start":{"line":24,"column":12},"end":{"line":26,"column":null}},"type":"if","locations":[{"start":{"line":24,"column":12},"end":{"line":26,"column":null}},{"start":{"line":24,"column":12},"end":{"line":26,"column":null}}]},"2":{"loc":{"start":{"line":43,"column":8},"end":{"line":52,"column":null}},"type":"if","locations":[{"start":{"line":43,"column":8},"end":{"line":52,"column":null}},{"start":{"line":43,"column":8},"end":{"line":52,"column":null}}]},"3":{"loc":{"start":{"line":87,"column":8},"end":{"line":102,"column":null}},"type":"if","locations":[{"start":{"line":87,"column":8},"end":{"line":102,"column":null}},{"start":{"line":87,"column":8},"end":{"line":102,"column":null}}]},"4":{"loc":{"start":{"line":94,"column":16},"end":{"line":96,"column":null}},"type":"if","locations":[{"start":{"line":94,"column":16},"end":{"line":96,"column":null}},{"start":{"line":94,"column":16},"end":{"line":96,"column":null}}]},"5":{"loc":{"start":{"line":98,"column":12},"end":{"line":100,"column":null}},"type":"if","locations":[{"start":{"line":98,"column":12},"end":{"line":100,"column":null}},{"start":{"line":98,"column":12},"end":{"line":100,"column":null}}]},"6":{"loc":{"start":{"line":127,"column":8},"end":{"line":129,"column":null}},"type":"if","locations":[{"start":{"line":127,"column":8},"end":{"line":129,"column":null}},{"start":{"line":127,"column":8},"end":{"line":129,"column":null}}]},"7":{"loc":{"start":{"line":127,"column":12},"end":{"line":127,"column":33}},"type":"binary-expr","locations":[{"start":{"line":127,"column":12},"end":{"line":127,"column":33}},{"start":{"line":127,"column":37},"end":{"line":127,"column":46}}]},"8":{"loc":{"start":{"line":138,"column":8},"end":{"line":142,"column":null}},"type":"if","locations":[{"start":{"line":138,"column":8},"end":{"line":142,"column":null}},{"start":{"line":138,"column":8},"end":{"line":142,"column":null}}]}},"s":{"0":9,"1":9,"2":9,"3":8,"4":0,"5":8,"6":1,"7":18,"8":0,"9":0,"10":0,"11":0,"12":18,"13":18,"14":18,"15":52,"16":52,"17":2,"18":2,"19":3,"20":3,"21":3,"22":3,"23":0,"24":0,"25":0,"26":0,"27":0,"28":0,"29":0,"30":0,"31":0,"32":39,"33":54,"34":0,"35":18,"36":0,"37":0,"38":0,"39":2},"f":{"0":9,"1":18,"2":52,"3":2,"4":3,"5":0,"6":39,"7":54,"8":18},"b":{"0":[8,1],"1":[0,8],"2":[0,18],"3":[3,0],"4":[0,0],"5":[0,0],"6":[0,54],"7":[54,54],"8":[0,18]}}
,"E:\\File\\learning\\Kiyan\\on-going\\MIPS\\GRP\\Hardware\\src\\Assembler\\Assembler.ts": {"path":"E:\\File\\learning\\Kiyan\\on-going\\MIPS\\GRP\\Hardware\\src\\Assembler\\Assembler.ts","statementMap":{"0":{"start":{"line":1,"column":0},"end":{"line":1,"column":44}},"1":{"start":{"line":2,"column":0},"end":{"line":2,"column":44}},"2":{"start":{"line":3,"column":0},"end":{"line":3,"column":44}},"3":{"start":{"line":4,"column":0},"end":{"line":4,"column":50}},"4":{"start":{"line":5,"column":0},"end":{"line":5,"column":48}},"5":{"start":{"line":6,"column":0},"end":{"line":6,"column":40}},"6":{"start":{"line":7,"column":0},"end":{"line":7,"column":40}},"7":{"start":{"line":8,"column":0},"end":{"line":8,"column":52}},"8":{"start":{"line":9,"column":0},"end":{"line":9,"column":52}},"9":{"start":{"line":28,"column":12},"end":{"line":28,"column":64}},"10":{"start":{"line":32,"column":12},"end":{"line":32,"column":64}},"11":{"start":{"line":36,"column":12},"end":{"line":36,"column":64}},"12":{"start":{"line":40,"column":12},"end":{"line":40,"column":40}},"13":{"start":{"line":44,"column":12},"end":{"line":44,"column":64}},"14":{"start":{"line":48,"column":12},"end":{"line":48,"column":71}},"15":{"start":{"line":52,"column":12},"end":{"line":52,"column":42}},"16":{"start":{"line":56,"column":12},"end":{"line":56,"column":65}},"17":{"start":{"line":60,"column":12},"end":{"line":60,"column":63}},"18":{"start":{"line":64,"column":12},"end":{"line":64,"column":61}},"19":{"start":{"line":68,"column":12},"end":{"line":68,"column":56}},"20":{"start":{"line":72,"column":12},"end":{"line":72,"column":57}},"21":{"start":{"line":76,"column":12},"end":{"line":76,"column":56}},"22":{"start":{"line":80,"column":12},"end":{"line":80,"column":32}},"23":{"start":{"line":92,"column":8},"end":{"line":92,"column":30}},"24":{"start":{"line":100,"column":8},"end":{"line":100,"column":27}},"25":{"start":{"line":108,"column":8},"end":{"line":108,"column":31}},"26":{"start":{"line":116,"column":8},"end":{"line":116,"column":36}},"27":{"start":{"line":124,"column":8},"end":{"line":124,"column":32}},"28":{"start":{"line":132,"column":8},"end":{"line":132,"column":31}},"29":{"start":{"line":140,"column":8},"end":{"line":140,"column":32}},"30":{"start":{"line":148,"column":8},"end":{"line":148,"column":30}},"31":{"start":{"line":156,"column":8},"end":{"line":156,"column":26}},"32":{"start":{"line":164,"column":8},"end":{"line":164,"column":25}},"33":{"start":{"line":172,"column":8},"end":{"line":172,"column":24}},"34":{"start":{"line":181,"column":8},"end":{"line":181,"column":41}},"35":{"start":{"line":185,"column":8},"end":{"line":191,"column":null}},"36":{"start":{"line":186,"column":12},"end":{"line":186,"column":53}},"37":{"start":{"line":187,"column":12},"end":{"line":190,"column":null}},"38":{"start":{"line":188,"column":32},"end":{"line":188,"column":59}},"39":{"start":{"line":189,"column":16},"end":{"line":189,"column":74}},"40":{"start":{"line":199,"column":8},"end":{"line":199,"column":28}},"41":{"start":{"line":212,"column":37},"end":{"line":212,"column":56}},"42":{"start":{"line":213,"column":8},"end":{"line":220,"column":null}},"43":{"start":{"line":214,"column":12},"end":{"line":216,"column":null}},"44":{"start":{"line":215,"column":16},"end":{"line":215,"column":32}},"45":{"start":{"line":217,"column":12},"end":{"line":219,"column":null}},"46":{"start":{"line":218,"column":16},"end":{"line":218,"column":37}},"47":{"start":{"line":222,"column":8},"end":{"line":279,"column":null}},"48":{"start":{"line":223,"column":12},"end":{"line":225,"column":null}},"49":{"start":{"line":224,"column":16},"end":{"line":224,"column":54}},"50":{"start":{"line":227,"column":12},"end":{"line":278,"column":null}},"51":{"start":{"line":228,"column":16},"end":{"line":277,"column":null}},"52":{"start":{"line":229,"column":20},"end":{"line":233,"column":null}},"53":{"start":{"line":230,"column":24},"end":{"line":232,"column":null}},"54":{"start":{"line":231,"column":28},"end":{"line":231,"column":66}},"55":{"start":{"line":234,"column":20},"end":{"line":254,"column":null}},"56":{"start":{"line":235,"column":24},"end":{"line":243,"column":null}},"57":{"start":{"line":236,"column":28},"end":{"line":238,"column":null}},"58":{"start":{"line":237,"column":32},"end":{"line":237,"column":63}},"59":{"start":{"line":240,"column":28},"end":{"line":242,"column":null}},"60":{"start":{"line":241,"column":32},"end":{"line":241,"column":70}},"61":{"start":{"line":245,"column":24},"end":{"line":253,"column":null}},"62":{"start":{"line":246,"column":28},"end":{"line":248,"column":null}},"63":{"start":{"line":247,"column":32},"end":{"line":247,"column":63}},"64":{"start":{"line":250,"column":28},"end":{"line":252,"column":null}},"65":{"start":{"line":251,"column":32},"end":{"line":251,"column":70}},"66":{"start":{"line":256,"column":20},"end":{"line":276,"column":null}},"67":{"start":{"line":257,"column":24},"end":{"line":265,"column":null}},"68":{"start":{"line":258,"column":28},"end":{"line":260,"column":null}},"69":{"start":{"line":259,"column":32},"end":{"line":259,"column":63}},"70":{"start":{"line":262,"column":28},"end":{"line":264,"column":null}},"71":{"start":{"line":263,"column":32},"end":{"line":263,"column":70}},"72":{"start":{"line":267,"column":24},"end":{"line":275,"column":null}},"73":{"start":{"line":268,"column":28},"end":{"line":270,"column":null}},"74":{"start":{"line":269,"column":32},"end":{"line":269,"column":63}},"75":{"start":{"line":272,"column":28},"end":{"line":274,"column":null}},"76":{"start":{"line":273,"column":32},"end":{"line":273,"column":70}},"77":{"start":{"line":281,"column":8},"end":{"line":285,"column":null}},"78":{"start":{"line":282,"column":12},"end":{"line":284,"column":null}},"79":{"start":{"line":283,"column":16},"end":{"line":283,"column":36}},"80":{"start":{"line":287,"column":8},"end":{"line":291,"column":null}},"81":{"start":{"line":288,"column":12},"end":{"line":290,"column":null}},"82":{"start":{"line":289,"column":16},"end":{"line":289,"column":43}},"83":{"start":{"line":293,"column":8},"end":{"line":295,"column":null}},"84":{"start":{"line":294,"column":12},"end":{"line":294,"column":67}},"85":{"start":{"line":306,"column":30},"end":{"line":306,"column":34}},"86":{"start":{"line":308,"column":24},"end":{"line":308,"column":42}},"87":{"start":{"line":309,"column":25},"end":{"line":309,"column":32}},"88":{"start":{"line":312,"column":8},"end":{"line":323,"column":null}},"89":{"start":{"line":313,"column":12},"end":{"line":313,"column":56}},"90":{"start":{"line":314,"column":12},"end":{"line":322,"column":null}},"91":{"start":{"line":315,"column":16},"end":{"line":315,"column":74}},"92":{"start":{"line":316,"column":16},"end":{"line":321,"column":null}},"93":{"start":{"line":317,"column":20},"end":{"line":317,"column":107}},"94":{"start":{"line":318,"column":20},"end":{"line":318,"column":33}},"95":{"start":{"line":319,"column":23},"end":{"line":321,"column":null}},"96":{"start":{"line":320,"column":20},"end":{"line":320,"column":139}},"97":{"start":{"line":324,"column":8},"end":{"line":324,"column":22}},"98":{"start":{"line":335,"column":30},"end":{"line":335,"column":34}},"99":{"start":{"line":339,"column":24},"end":{"line":339,"column":42}},"100":{"start":{"line":340,"column":25},"end":{"line":340,"column":38}},"101":{"start":{"line":341,"column":44},"end":{"line":341,"column":67}},"102":{"start":{"line":344,"column":30},"end":{"line":344,"column":32}},"103":{"start":{"line":348,"column":8},"end":{"line":644,"column":null}},"104":{"start":{"line":349,"column":12},"end":{"line":349,"column":66}},"105":{"start":{"line":350,"column":12},"end":{"line":352,"column":null}},"106":{"start":{"line":351,"column":16},"end":{"line":351,"column":25}},"107":{"start":{"line":353,"column":12},"end":{"line":643,"column":null}},"108":{"start":{"line":354,"column":16},"end":{"line":354,"column":77}},"109":{"start":{"line":355,"column":16},"end":{"line":358,"column":null}},"110":{"start":{"line":356,"column":20},"end":{"line":356,"column":106}},"111":{"start":{"line":357,"column":20},"end":{"line":357,"column":33}},"112":{"start":{"line":359,"column":16},"end":{"line":551,"column":null}},"113":{"start":{"line":360,"column":20},"end":{"line":459,"column":null}},"114":{"start":{"line":361,"column":24},"end":{"line":361,"column":52}},"115":{"start":{"line":362,"column":24},"end":{"line":362,"column":30}},"116":{"start":{"line":363,"column":27},"end":{"line":459,"column":null}},"117":{"start":{"line":364,"column":24},"end":{"line":364,"column":52}},"118":{"start":{"line":365,"column":24},"end":{"line":365,"column":33}},"119":{"start":{"line":367,"column":24},"end":{"line":367,"column":89}},"120":{"start":{"line":368,"column":24},"end":{"line":368,"column":88}},"121":{"start":{"line":369,"column":24},"end":{"line":458,"column":null}},"122":{"start":{"line":370,"column":28},"end":{"line":424,"column":null}},"123":{"start":{"line":371,"column":32},"end":{"line":396,"column":null}},"124":{"start":{"line":372,"column":36},"end":{"line":372,"column":46}},"125":{"start":{"line":373,"column":36},"end":{"line":377,"column":null}},"126":{"start":{"line":374,"column":40},"end":{"line":374,"column":95}},"127":{"start":{"line":376,"column":40},"end":{"line":376,"column":95}},"128":{"start":{"line":378,"column":36},"end":{"line":385,"column":null}},"129":{"start":{"line":379,"column":40},"end":{"line":384,"column":null}},"130":{"start":{"line":380,"column":44},"end":{"line":380,"column":105}},"131":{"start":{"line":381,"column":44},"end":{"line":381,"column":48}},"132":{"start":{"line":383,"column":44},"end":{"line":383,"column":50}},"133":{"start":{"line":386,"column":36},"end":{"line":388,"column":null}},"134":{"start":{"line":387,"column":40},"end":{"line":387,"column":91}},"135":{"start":{"line":389,"column":36},"end":{"line":389,"column":75}},"136":{"start":{"line":390,"column":36},"end":{"line":390,"column":46}},"137":{"start":{"line":391,"column":36},"end":{"line":391,"column":49}},"138":{"start":{"line":392,"column":36},"end":{"line":392,"column":45}},"139":{"start":{"line":394,"column":36},"end":{"line":394,"column":106}},"140":{"start":{"line":395,"column":36},"end":{"line":395,"column":42}},"141":{"start":{"line":397,"column":35},"end":{"line":424,"column":null}},"142":{"start":{"line":398,"column":32},"end":{"line":419,"column":null}},"143":{"start":{"line":399,"column":36},"end":{"line":399,"column":46}},"144":{"start":{"line":400,"column":36},"end":{"line":407,"column":null}},"145":{"start":{"line":401,"column":40},"end":{"line":406,"column":null}},"146":{"start":{"line":402,"column":44},"end":{"line":402,"column":159}},"147":{"start":{"line":403,"column":44},"end":{"line":403,"column":48}},"148":{"start":{"line":405,"column":44},"end":{"line":405,"column":50}},"149":{"start":{"line":408,"column":36},"end":{"line":412,"column":null}},"150":{"start":{"line":409,"column":40},"end":{"line":409,"column":110}},"151":{"start":{"line":411,"column":40},"end":{"line":411,"column":135}},"152":{"start":{"line":413,"column":36},"end":{"line":413,"column":46}},"153":{"start":{"line":414,"column":36},"end":{"line":414,"column":49}},"154":{"start":{"line":415,"column":36},"end":{"line":415,"column":45}},"155":{"start":{"line":417,"column":36},"end":{"line":417,"column":106}},"156":{"start":{"line":418,"column":36},"end":{"line":418,"column":42}},"157":{"start":{"line":421,"column":32},"end":{"line":421,"column":124}},"158":{"start":{"line":422,"column":32},"end":{"line":422,"column":36}},"159":{"start":{"line":423,"column":32},"end":{"line":423,"column":41}},"160":{"start":{"line":426,"column":28},"end":{"line":432,"column":null}},"161":{"start":{"line":427,"column":32},"end":{"line":427,"column":103}},"162":{"start":{"line":428,"column":35},"end":{"line":432,"column":null}},"163":{"start":{"line":429,"column":32},"end":{"line":429,"column":105}},"164":{"start":{"line":431,"column":32},"end":{"line":431,"column":103}},"165":{"start":{"line":433,"column":28},"end":{"line":457,"column":null}},"166":{"start":{"line":434,"column":32},"end":{"line":452,"column":null}},"167":{"start":{"line":435,"column":36},"end":{"line":435,"column":46}},"168":{"start":{"line":436,"column":36},"end":{"line":436,"column":171}},"169":{"start":{"line":437,"column":36},"end":{"line":444,"column":null}},"170":{"start":{"line":438,"column":40},"end":{"line":443,"column":null}},"171":{"start":{"line":439,"column":44},"end":{"line":439,"column":159}},"172":{"start":{"line":440,"column":44},"end":{"line":440,"column":48}},"173":{"start":{"line":442,"column":44},"end":{"line":442,"column":50}},"174":{"start":{"line":445,"column":36},"end":{"line":445,"column":82}},"175":{"start":{"line":446,"column":36},"end":{"line":446,"column":46}},"176":{"start":{"line":447,"column":36},"end":{"line":447,"column":49}},"177":{"start":{"line":448,"column":36},"end":{"line":448,"column":45}},"178":{"start":{"line":450,"column":36},"end":{"line":450,"column":106}},"179":{"start":{"line":451,"column":36},"end":{"line":451,"column":42}},"180":{"start":{"line":454,"column":32},"end":{"line":454,"column":124}},"181":{"start":{"line":455,"column":32},"end":{"line":455,"column":36}},"182":{"start":{"line":456,"column":32},"end":{"line":456,"column":41}},"183":{"start":{"line":461,"column":20},"end":{"line":550,"column":null}},"184":{"start":{"line":462,"column":24},"end":{"line":462,"column":101}},"185":{"start":{"line":463,"column":24},"end":{"line":463,"column":63}},"186":{"start":{"line":464,"column":24},"end":{"line":470,"column":null}},"187":{"start":{"line":465,"column":28},"end":{"line":465,"column":145}},"188":{"start":{"line":466,"column":28},"end":{"line":466,"column":34}},"189":{"start":{"line":468,"column":28},"end":{"line":468,"column":120}},"190":{"start":{"line":469,"column":28},"end":{"line":469,"column":34}},"191":{"start":{"line":471,"column":27},"end":{"line":550,"column":null}},"192":{"start":{"line":472,"column":24},"end":{"line":472,"column":116}},"193":{"start":{"line":473,"column":24},"end":{"line":473,"column":33}},"194":{"start":{"line":475,"column":24},"end":{"line":475,"column":101}},"195":{"start":{"line":476,"column":24},"end":{"line":476,"column":64}},"196":{"start":{"line":477,"column":24},"end":{"line":477,"column":63}},"197":{"start":{"line":478,"column":24},"end":{"line":549,"column":null}},"198":{"start":{"line":479,"column":28},"end":{"line":520,"column":null}},"199":{"start":{"line":480,"column":32},"end":{"line":480,"column":42}},"200":{"start":{"line":481,"column":32},"end":{"line":485,"column":null}},"201":{"start":{"line":482,"column":36},"end":{"line":482,"column":66}},"202":{"start":{"line":484,"column":36},"end":{"line":484,"column":66}},"203":{"start":{"line":486,"column":32},"end":{"line":493,"column":null}},"204":{"start":{"line":487,"column":36},"end":{"line":492,"column":null}},"205":{"start":{"line":488,"column":40},"end":{"line":488,"column":101}},"206":{"start":{"line":489,"column":40},"end":{"line":489,"column":44}},"207":{"start":{"line":491,"column":40},"end":{"line":491,"column":46}},"208":{"start":{"line":494,"column":32},"end":{"line":496,"column":null}},"209":{"start":{"line":495,"column":36},"end":{"line":495,"column":87}},"210":{"start":{"line":497,"column":32},"end":{"line":497,"column":71}},"211":{"start":{"line":498,"column":32},"end":{"line":498,"column":42}},"212":{"start":{"line":499,"column":32},"end":{"line":499,"column":45}},"213":{"start":{"line":500,"column":32},"end":{"line":500,"column":41}},"214":{"start":{"line":501,"column":35},"end":{"line":520,"column":null}},"215":{"start":{"line":502,"column":32},"end":{"line":502,"column":42}},"216":{"start":{"line":503,"column":32},"end":{"line":503,"column":64}},"217":{"start":{"line":504,"column":32},"end":{"line":511,"column":null}},"218":{"start":{"line":505,"column":36},"end":{"line":510,"column":null}},"219":{"start":{"line":506,"column":40},"end":{"line":506,"column":155}},"220":{"start":{"line":507,"column":40},"end":{"line":507,"column":44}},"221":{"start":{"line":509,"column":40},"end":{"line":509,"column":46}},"222":{"start":{"line":512,"column":32},"end":{"line":512,"column":78}},"223":{"start":{"line":513,"column":32},"end":{"line":513,"column":42}},"224":{"start":{"line":514,"column":32},"end":{"line":514,"column":45}},"225":{"start":{"line":515,"column":32},"end":{"line":515,"column":41}},"226":{"start":{"line":517,"column":32},"end":{"line":517,"column":77}},"227":{"start":{"line":518,"column":32},"end":{"line":518,"column":36}},"228":{"start":{"line":519,"column":32},"end":{"line":519,"column":41}},"229":{"start":{"line":522,"column":28},"end":{"line":528,"column":null}},"230":{"start":{"line":523,"column":32},"end":{"line":523,"column":78}},"231":{"start":{"line":524,"column":35},"end":{"line":528,"column":null}},"232":{"start":{"line":525,"column":32},"end":{"line":525,"column":80}},"233":{"start":{"line":527,"column":32},"end":{"line":527,"column":78}},"234":{"start":{"line":529,"column":28},"end":{"line":548,"column":null}},"235":{"start":{"line":530,"column":32},"end":{"line":530,"column":42}},"236":{"start":{"line":531,"column":32},"end":{"line":531,"column":117}},"237":{"start":{"line":532,"column":32},"end":{"line":539,"column":null}},"238":{"start":{"line":533,"column":36},"end":{"line":538,"column":null}},"239":{"start":{"line":534,"column":40},"end":{"line":534,"column":155}},"240":{"start":{"line":535,"column":40},"end":{"line":535,"column":44}},"241":{"start":{"line":537,"column":40},"end":{"line":537,"column":46}},"242":{"start":{"line":540,"column":32},"end":{"line":540,"column":78}},"243":{"start":{"line":541,"column":32},"end":{"line":541,"column":42}},"244":{"start":{"line":542,"column":32},"end":{"line":542,"column":45}},"245":{"start":{"line":543,"column":32},"end":{"line":543,"column":41}},"246":{"start":{"line":545,"column":32},"end":{"line":545,"column":77}},"247":{"start":{"line":546,"column":32},"end":{"line":546,"column":36}},"248":{"start":{"line":547,"column":32},"end":{"line":547,"column":41}},"249":{"start":{"line":553,"column":16},"end":{"line":642,"column":null}},"250":{"start":{"line":554,"column":20},"end":{"line":570,"column":null}},"251":{"start":{"line":555,"column":24},"end":{"line":555,"column":30}},"252":{"start":{"line":557,"column":24},"end":{"line":557,"column":34}},"253":{"start":{"line":558,"column":24},"end":{"line":565,"column":null}},"254":{"start":{"line":559,"column":28},"end":{"line":564,"column":null}},"255":{"start":{"line":560,"column":32},"end":{"line":560,"column":147}},"256":{"start":{"line":561,"column":32},"end":{"line":561,"column":36}},"257":{"start":{"line":563,"column":32},"end":{"line":563,"column":38}},"258":{"start":{"line":566,"column":24},"end":{"line":566,"column":100}},"259":{"start":{"line":567,"column":24},"end":{"line":567,"column":34}},"260":{"start":{"line":568,"column":24},"end":{"line":568,"column":37}},"261":{"start":{"line":569,"column":24},"end":{"line":569,"column":33}},"262":{"start":{"line":571,"column":23},"end":{"line":642,"column":null}},"263":{"start":{"line":572,"column":20},"end":{"line":591,"column":null}},"264":{"start":{"line":573,"column":24},"end":{"line":573,"column":30}},"265":{"start":{"line":575,"column":24},"end":{"line":575,"column":34}},"266":{"start":{"line":576,"column":24},"end":{"line":583,"column":null}},"267":{"start":{"line":577,"column":28},"end":{"line":582,"column":null}},"268":{"start":{"line":578,"column":32},"end":{"line":578,"column":93}},"269":{"start":{"line":579,"column":32},"end":{"line":579,"column":36}},"270":{"start":{"line":581,"column":32},"end":{"line":581,"column":38}},"271":{"start":{"line":584,"column":24},"end":{"line":586,"column":null}},"272":{"start":{"line":585,"column":28},"end":{"line":585,"column":79}},"273":{"start":{"line":587,"column":24},"end":{"line":587,"column":91}},"274":{"start":{"line":588,"column":24},"end":{"line":588,"column":34}},"275":{"start":{"line":589,"column":24},"end":{"line":589,"column":37}},"276":{"start":{"line":590,"column":24},"end":{"line":590,"column":33}},"277":{"start":{"line":593,"column":20},"end":{"line":593,"column":81}},"278":{"start":{"line":594,"column":20},"end":{"line":594,"column":80}},"279":{"start":{"line":595,"column":20},"end":{"line":641,"column":null}},"280":{"start":{"line":596,"column":24},"end":{"line":617,"column":null}},"281":{"start":{"line":597,"column":28},"end":{"line":597,"column":79}},"282":{"start":{"line":598,"column":28},"end":{"line":598,"column":34}},"283":{"start":{"line":600,"column":28},"end":{"line":600,"column":38}},"284":{"start":{"line":601,"column":28},"end":{"line":601,"column":101}},"285":{"start":{"line":602,"column":28},"end":{"line":609,"column":null}},"286":{"start":{"line":603,"column":32},"end":{"line":608,"column":null}},"287":{"start":{"line":604,"column":36},"end":{"line":604,"column":97}},"288":{"start":{"line":605,"column":36},"end":{"line":605,"column":40}},"289":{"start":{"line":607,"column":36},"end":{"line":607,"column":42}},"290":{"start":{"line":610,"column":28},"end":{"line":612,"column":null}},"291":{"start":{"line":611,"column":32},"end":{"line":611,"column":83}},"292":{"start":{"line":613,"column":28},"end":{"line":613,"column":120}},"293":{"start":{"line":614,"column":28},"end":{"line":614,"column":38}},"294":{"start":{"line":615,"column":28},"end":{"line":615,"column":41}},"295":{"start":{"line":616,"column":28},"end":{"line":616,"column":37}},"296":{"start":{"line":618,"column":27},"end":{"line":641,"column":null}},"297":{"start":{"line":619,"column":24},"end":{"line":637,"column":null}},"298":{"start":{"line":620,"column":28},"end":{"line":620,"column":179}},"299":{"start":{"line":621,"column":28},"end":{"line":621,"column":34}},"300":{"start":{"line":623,"column":28},"end":{"line":623,"column":38}},"301":{"start":{"line":624,"column":28},"end":{"line":624,"column":187}},"302":{"start":{"line":625,"column":28},"end":{"line":632,"column":null}},"303":{"start":{"line":626,"column":32},"end":{"line":631,"column":null}},"304":{"start":{"line":627,"column":36},"end":{"line":627,"column":151}},"305":{"start":{"line":628,"column":36},"end":{"line":628,"column":40}},"306":{"start":{"line":630,"column":36},"end":{"line":630,"column":42}},"307":{"start":{"line":633,"column":28},"end":{"line":633,"column":134}},"308":{"start":{"line":634,"column":28},"end":{"line":634,"column":38}},"309":{"start":{"line":635,"column":28},"end":{"line":635,"column":41}},"310":{"start":{"line":636,"column":28},"end":{"line":636,"column":37}},"311":{"start":{"line":639,"column":24},"end":{"line":639,"column":116}},"312":{"start":{"line":640,"column":24},"end":{"line":640,"column":37}},"313":{"start":{"line":646,"column":8},"end":{"line":648,"column":null}},"314":{"start":{"line":647,"column":12},"end":{"line":647,"column":62}},"315":{"start":{"line":649,"column":33},"end":{"line":649,"column":49}},"316":{"start":{"line":650,"column":8},"end":{"line":654,"column":null}},"317":{"start":{"line":651,"column":12},"end":{"line":653,"column":null}},"318":{"start":{"line":652,"column":16},"end":{"line":652,"column":36}},"319":{"start":{"line":655,"column":8},"end":{"line":655,"column":22}},"320":{"start":{"line":667,"column":30},"end":{"line":667,"column":34}},"321":{"start":{"line":671,"column":30},"end":{"line":671,"column":41}},"322":{"start":{"line":674,"column":19},"end":{"line":674,"column":34}},"323":{"start":{"line":675,"column":8},"end":{"line":871,"column":null}},"324":{"start":{"line":676,"column":30},"end":{"line":676,"column":57}},"325":{"start":{"line":677,"column":37},"end":{"line":677,"column":53}},"326":{"start":{"line":678,"column":12},"end":{"line":869,"column":null}},"327":{"start":{"line":679,"column":16},"end":{"line":679,"column":60}},"328":{"start":{"line":680,"column":16},"end":{"line":680,"column":57}},"329":{"start":{"line":681,"column":36},"end":{"line":681,"column":77}},"330":{"start":{"line":682,"column":16},"end":{"line":682,"column":56}},"331":{"start":{"line":683,"column":16},"end":{"line":683,"column":65}},"332":{"start":{"line":684,"column":16},"end":{"line":776,"column":null}},"333":{"start":{"line":685,"column":20},"end":{"line":726,"column":null}},"334":{"start":{"line":686,"column":40},"end":{"line":686,"column":93}},"335":{"start":{"line":687,"column":24},"end":{"line":703,"column":null}},"336":{"start":{"line":688,"column":28},"end":{"line":702,"column":null}},"337":{"start":{"line":689,"column":32},"end":{"line":689,"column":122}},"338":{"start":{"line":690,"column":32},"end":{"line":690,"column":45}},"339":{"start":{"line":691,"column":35},"end":{"line":702,"column":null}},"340":{"start":{"line":692,"column":32},"end":{"line":692,"column":128}},"341":{"start":{"line":693,"column":32},"end":{"line":693,"column":45}},"342":{"start":{"line":695,"column":32},"end":{"line":700,"column":null}},"343":{"start":{"line":696,"column":36},"end":{"line":696,"column":80}},"344":{"start":{"line":698,"column":36},"end":{"line":698,"column":88}},"345":{"start":{"line":699,"column":36},"end":{"line":699,"column":80}},"346":{"start":{"line":701,"column":32},"end":{"line":701,"column":67}},"347":{"start":{"line":705,"column":24},"end":{"line":707,"column":null}},"348":{"start":{"line":706,"column":28},"end":{"line":706,"column":37}},"349":{"start":{"line":708,"column":24},"end":{"line":725,"column":null}},"350":{"start":{"line":709,"column":28},"end":{"line":709,"column":118}},"351":{"start":{"line":710,"column":28},"end":{"line":710,"column":41}},"352":{"start":{"line":712,"column":53},"end":{"line":712,"column":96}},"353":{"start":{"line":713,"column":28},"end":{"line":724,"column":null}},"354":{"start":{"line":714,"column":32},"end":{"line":714,"column":128}},"355":{"start":{"line":715,"column":32},"end":{"line":715,"column":45}},"356":{"start":{"line":717,"column":32},"end":{"line":722,"column":null}},"357":{"start":{"line":718,"column":36},"end":{"line":718,"column":77}},"358":{"start":{"line":720,"column":36},"end":{"line":720,"column":88}},"359":{"start":{"line":721,"column":36},"end":{"line":721,"column":77}},"360":{"start":{"line":723,"column":32},"end":{"line":723,"column":67}},"361":{"start":{"line":727,"column":23},"end":{"line":776,"column":null}},"362":{"start":{"line":728,"column":20},"end":{"line":759,"column":null}},"363":{"start":{"line":729,"column":40},"end":{"line":729,"column":93}},"364":{"start":{"line":730,"column":24},"end":{"line":741,"column":null}},"365":{"start":{"line":731,"column":28},"end":{"line":740,"column":null}},"366":{"start":{"line":732,"column":32},"end":{"line":732,"column":122}},"367":{"start":{"line":733,"column":32},"end":{"line":733,"column":45}},"368":{"start":{"line":734,"column":35},"end":{"line":740,"column":null}},"369":{"start":{"line":735,"column":32},"end":{"line":735,"column":128}},"370":{"start":{"line":736,"column":32},"end":{"line":736,"column":45}},"371":{"start":{"line":738,"column":32},"end":{"line":738,"column":76}},"372":{"start":{"line":739,"column":32},"end":{"line":739,"column":67}},"373":{"start":{"line":743,"column":24},"end":{"line":745,"column":null}},"374":{"start":{"line":744,"column":28},"end":{"line":744,"column":37}},"375":{"start":{"line":746,"column":24},"end":{"line":758,"column":null}},"376":{"start":{"line":747,"column":28},"end":{"line":747,"column":118}},"377":{"start":{"line":748,"column":28},"end":{"line":748,"column":41}},"378":{"start":{"line":750,"column":53},"end":{"line":750,"column":96}},"379":{"start":{"line":751,"column":28},"end":{"line":757,"column":null}},"380":{"start":{"line":752,"column":32},"end":{"line":752,"column":128}},"381":{"start":{"line":753,"column":32},"end":{"line":753,"column":45}},"382":{"start":{"line":755,"column":32},"end":{"line":755,"column":73}},"383":{"start":{"line":756,"column":32},"end":{"line":756,"column":67}},"384":{"start":{"line":760,"column":23},"end":{"line":776,"column":null}},"385":{"start":{"line":761,"column":20},"end":{"line":772,"column":null}},"386":{"start":{"line":762,"column":24},"end":{"line":762,"column":111}},"387":{"start":{"line":763,"column":24},"end":{"line":763,"column":37}},"388":{"start":{"line":765,"column":24},"end":{"line":771,"column":null}},"389":{"start":{"line":766,"column":28},"end":{"line":766,"column":125}},"390":{"start":{"line":767,"column":28},"end":{"line":767,"column":134}},"391":{"start":{"line":769,"column":28},"end":{"line":769,"column":132}},"392":{"start":{"line":770,"column":28},"end":{"line":770,"column":138}},"393":{"start":{"line":774,"column":20},"end":{"line":774,"column":112}},"394":{"start":{"line":775,"column":20},"end":{"line":775,"column":33}},"395":{"start":{"line":778,"column":16},"end":{"line":778,"column":46}},"396":{"start":{"line":779,"column":16},"end":{"line":779,"column":55}},"397":{"start":{"line":780,"column":16},"end":{"line":868,"column":null}},"398":{"start":{"line":781,"column":20},"end":{"line":822,"column":null}},"399":{"start":{"line":782,"column":40},"end":{"line":782,"column":83}},"400":{"start":{"line":783,"column":24},"end":{"line":799,"column":null}},"401":{"start":{"line":784,"column":28},"end":{"line":798,"column":null}},"402":{"start":{"line":785,"column":32},"end":{"line":785,"column":122}},"403":{"start":{"line":786,"column":32},"end":{"line":786,"column":45}},"404":{"start":{"line":787,"column":35},"end":{"line":798,"column":null}},"405":{"start":{"line":788,"column":32},"end":{"line":788,"column":128}},"406":{"start":{"line":789,"column":32},"end":{"line":789,"column":45}},"407":{"start":{"line":791,"column":32},"end":{"line":796,"column":null}},"408":{"start":{"line":792,"column":36},"end":{"line":792,"column":80}},"409":{"start":{"line":794,"column":36},"end":{"line":794,"column":88}},"410":{"start":{"line":795,"column":36},"end":{"line":795,"column":80}},"411":{"start":{"line":797,"column":32},"end":{"line":797,"column":67}},"412":{"start":{"line":801,"column":24},"end":{"line":803,"column":null}},"413":{"start":{"line":802,"column":28},"end":{"line":802,"column":37}},"414":{"start":{"line":804,"column":24},"end":{"line":821,"column":null}},"415":{"start":{"line":805,"column":28},"end":{"line":805,"column":118}},"416":{"start":{"line":806,"column":28},"end":{"line":806,"column":41}},"417":{"start":{"line":808,"column":53},"end":{"line":808,"column":98}},"418":{"start":{"line":809,"column":28},"end":{"line":820,"column":null}},"419":{"start":{"line":810,"column":32},"end":{"line":810,"column":128}},"420":{"start":{"line":811,"column":32},"end":{"line":811,"column":45}},"421":{"start":{"line":813,"column":32},"end":{"line":818,"column":null}},"422":{"start":{"line":814,"column":36},"end":{"line":814,"column":77}},"423":{"start":{"line":816,"column":36},"end":{"line":816,"column":88}},"424":{"start":{"line":817,"column":36},"end":{"line":817,"column":77}},"425":{"start":{"line":819,"column":32},"end":{"line":819,"column":67}},"426":{"start":{"line":823,"column":23},"end":{"line":868,"column":null}},"427":{"start":{"line":824,"column":20},"end":{"line":855,"column":null}},"428":{"start":{"line":825,"column":40},"end":{"line":825,"column":95}},"429":{"start":{"line":826,"column":24},"end":{"line":837,"column":null}},"430":{"start":{"line":827,"column":28},"end":{"line":836,"column":null}},"431":{"start":{"line":828,"column":32},"end":{"line":828,"column":122}},"432":{"start":{"line":829,"column":32},"end":{"line":829,"column":45}},"433":{"start":{"line":830,"column":35},"end":{"line":836,"column":null}},"434":{"start":{"line":831,"column":32},"end":{"line":831,"column":128}},"435":{"start":{"line":832,"column":32},"end":{"line":832,"column":45}},"436":{"start":{"line":834,"column":32},"end":{"line":834,"column":76}},"437":{"start":{"line":835,"column":32},"end":{"line":835,"column":67}},"438":{"start":{"line":839,"column":24},"end":{"line":841,"column":null}},"439":{"start":{"line":840,"column":28},"end":{"line":840,"column":37}},"440":{"start":{"line":842,"column":24},"end":{"line":854,"column":null}},"441":{"start":{"line":843,"column":28},"end":{"line":843,"column":118}},"442":{"start":{"line":844,"column":28},"end":{"line":844,"column":41}},"443":{"start":{"line":846,"column":53},"end":{"line":846,"column":98}},"444":{"start":{"line":847,"column":28},"end":{"line":853,"column":null}},"445":{"start":{"line":848,"column":32},"end":{"line":848,"column":128}},"446":{"start":{"line":849,"column":32},"end":{"line":849,"column":45}},"447":{"start":{"line":851,"column":32},"end":{"line":851,"column":73}},"448":{"start":{"line":852,"column":32},"end":{"line":852,"column":67}},"449":{"start":{"line":856,"column":23},"end":{"line":868,"column":null}},"450":{"start":{"line":857,"column":20},"end":{"line":867,"column":null}},"451":{"start":{"line":858,"column":24},"end":{"line":858,"column":111}},"452":{"start":{"line":859,"column":24},"end":{"line":859,"column":37}},"453":{"start":{"line":861,"column":24},"end":{"line":861,"column":101}},"454":{"start":{"line":862,"column":24},"end":{"line":866,"column":null}},"455":{"start":{"line":863,"column":28},"end":{"line":863,"column":114}},"456":{"start":{"line":865,"column":28},"end":{"line":865,"column":118}},"457":{"start":{"line":872,"column":8},"end":{"line":872,"column":22}},"458":{"start":{"line":880,"column":30},"end":{"line":880,"column":34}},"459":{"start":{"line":883,"column":50},"end":{"line":883,"column":59}},"460":{"start":{"line":884,"column":8},"end":{"line":897,"column":null}},"461":{"start":{"line":885,"column":12},"end":{"line":885,"column":54}},"462":{"start":{"line":886,"column":12},"end":{"line":896,"column":null}},"463":{"start":{"line":887,"column":28},"end":{"line":887,"column":68}},"464":{"start":{"line":888,"column":16},"end":{"line":893,"column":null}},"465":{"start":{"line":889,"column":20},"end":{"line":889,"column":117}},"466":{"start":{"line":890,"column":20},"end":{"line":890,"column":33}},"467":{"start":{"line":892,"column":20},"end":{"line":892,"column":50}},"468":{"start":{"line":895,"column":16},"end":{"line":895,"column":25}},"469":{"start":{"line":898,"column":8},"end":{"line":898,"column":22}},"470":{"start":{"line":907,"column":30},"end":{"line":907,"column":34}},"471":{"start":{"line":910,"column":34},"end":{"line":910,"column":36}},"472":{"start":{"line":911,"column":8},"end":{"line":1027,"column":null}},"473":{"start":{"line":912,"column":12},"end":{"line":915,"column":null}},"474":{"start":{"line":913,"column":16},"end":{"line":913,"column":45}},"475":{"start":{"line":914,"column":16},"end":{"line":914,"column":25}},"476":{"start":{"line":916,"column":12},"end":{"line":916,"column":56}},"477":{"start":{"line":917,"column":12},"end":{"line":917,"column":66}},"478":{"start":{"line":918,"column":12},"end":{"line":1026,"column":null}},"479":{"start":{"line":919,"column":59},"end":{"line":919,"column":96}},"480":{"start":{"line":920,"column":37},"end":{"line":920,"column":76}},"481":{"start":{"line":921,"column":16},"end":{"line":1020,"column":null}},"482":{"start":{"line":922,"column":20},"end":{"line":922,"column":113}},"483":{"start":{"line":923,"column":20},"end":{"line":923,"column":33}},"484":{"start":{"line":924,"column":23},"end":{"line":1020,"column":null}},"485":{"start":{"line":925,"column":51},"end":{"line":925,"column":87}},"486":{"start":{"line":926,"column":20},"end":{"line":1016,"column":null}},"487":{"start":{"line":927,"column":24},"end":{"line":927,"column":117}},"488":{"start":{"line":928,"column":24},"end":{"line":928,"column":37}},"489":{"start":{"line":929,"column":27},"end":{"line":1016,"column":null}},"490":{"start":{"line":930,"column":43},"end":{"line":930,"column":45}},"491":{"start":{"line":931,"column":43},"end":{"line":931,"column":45}},"492":{"start":{"line":932,"column":43},"end":{"line":932,"column":45}},"493":{"start":{"line":934,"column":47},"end":{"line":934,"column":49}},"494":{"start":{"line":935,"column":47},"end":{"line":935,"column":49}},"495":{"start":{"line":936,"column":47},"end":{"line":936,"column":49}},"496":{"start":{"line":938,"column":24},"end":{"line":938,"column":90}},"497":{"start":{"line":940,"column":24},"end":{"line":942,"column":null}},"498":{"start":{"line":941,"column":28},"end":{"line":941,"column":51}},"499":{"start":{"line":943,"column":24},"end":{"line":945,"column":null}},"500":{"start":{"line":944,"column":28},"end":{"line":944,"column":51}},"501":{"start":{"line":946,"column":24},"end":{"line":948,"column":null}},"502":{"start":{"line":947,"column":28},"end":{"line":947,"column":51}},"503":{"start":{"line":950,"column":24},"end":{"line":1003,"column":null}},"504":{"start":{"line":951,"column":28},"end":{"line":951,"column":64}},"505":{"start":{"line":952,"column":28},"end":{"line":952,"column":73}},"506":{"start":{"line":953,"column":28},"end":{"line":953,"column":79}},"507":{"start":{"line":954,"column":31},"end":{"line":1003,"column":null}},"508":{"start":{"line":955,"column":28},"end":{"line":955,"column":73}},"509":{"start":{"line":956,"column":28},"end":{"line":956,"column":59}},"510":{"start":{"line":957,"column":31},"end":{"line":1003,"column":null}},"511":{"start":{"line":958,"column":28},"end":{"line":958,"column":73}},"512":{"start":{"line":959,"column":28},"end":{"line":959,"column":59}},"513":{"start":{"line":960,"column":31},"end":{"line":1003,"column":null}},"514":{"start":{"line":961,"column":28},"end":{"line":961,"column":73}},"515":{"start":{"line":962,"column":28},"end":{"line":962,"column":59}},"516":{"start":{"line":963,"column":31},"end":{"line":1003,"column":null}},"517":{"start":{"line":964,"column":28},"end":{"line":964,"column":73}},"518":{"start":{"line":965,"column":31},"end":{"line":1003,"column":null}},"519":{"start":{"line":966,"column":28},"end":{"line":966,"column":74}},"520":{"start":{"line":967,"column":31},"end":{"line":1003,"column":null}},"521":{"start":{"line":968,"column":28},"end":{"line":968,"column":78}},"522":{"start":{"line":969,"column":31},"end":{"line":1003,"column":null}},"523":{"start":{"line":970,"column":28},"end":{"line":970,"column":73}},"524":{"start":{"line":971,"column":28},"end":{"line":971,"column":59}},"525":{"start":{"line":972,"column":31},"end":{"line":1003,"column":null}},"526":{"start":{"line":973,"column":28},"end":{"line":983,"column":null}},"527":{"start":{"line":974,"column":32},"end":{"line":974,"column":79}},"528":{"start":{"line":975,"column":35},"end":{"line":983,"column":null}},"529":{"start":{"line":976,"column":50},"end":{"line":976,"column":92}},"530":{"start":{"line":977,"column":49},"end":{"line":977,"column":88}},"531":{"start":{"line":978,"column":32},"end":{"line":978,"column":63}},"532":{"start":{"line":979,"column":32},"end":{"line":979,"column":79}},"533":{"start":{"line":981,"column":32},"end":{"line":981,"column":129}},"534":{"start":{"line":982,"column":32},"end":{"line":982,"column":45}},"535":{"start":{"line":984,"column":31},"end":{"line":1003,"column":null}},"536":{"start":{"line":985,"column":28},"end":{"line":994,"column":null}},"537":{"start":{"line":986,"column":54},"end":{"line":986,"column":117}},"538":{"start":{"line":987,"column":50},"end":{"line":987,"column":91}},"539":{"start":{"line":988,"column":49},"end":{"line":988,"column":87}},"540":{"start":{"line":989,"column":32},"end":{"line":989,"column":63}},"541":{"start":{"line":990,"column":32},"end":{"line":990,"column":79}},"542":{"start":{"line":992,"column":32},"end":{"line":992,"column":125}},"543":{"start":{"line":993,"column":32},"end":{"line":993,"column":45}},"544":{"start":{"line":995,"column":31},"end":{"line":1003,"column":null}},"545":{"start":{"line":996,"column":28},"end":{"line":996,"column":74}},"546":{"start":{"line":997,"column":31},"end":{"line":1003,"column":null}},"547":{"start":{"line":998,"column":28},"end":{"line":998,"column":87}},"548":{"start":{"line":999,"column":28},"end":{"line":999,"column":49}},"549":{"start":{"line":1000,"column":28},"end":{"line":1000,"column":74}},"550":{"start":{"line":1001,"column":31},"end":{"line":1003,"column":null}},"551":{"start":{"line":1002,"column":28},"end":{"line":1002,"column":86}},"552":{"start":{"line":1005,"column":24},"end":{"line":1007,"column":null}},"553":{"start":{"line":1006,"column":28},"end":{"line":1006,"column":44}},"554":{"start":{"line":1008,"column":24},"end":{"line":1010,"column":null}},"555":{"start":{"line":1009,"column":28},"end":{"line":1009,"column":44}},"556":{"start":{"line":1011,"column":24},"end":{"line":1013,"column":null}},"557":{"start":{"line":1012,"column":28},"end":{"line":1012,"column":44}},"558":{"start":{"line":1015,"column":24},"end":{"line":1015,"column":53}},"559":{"start":{"line":1018,"column":20},"end":{"line":1018,"column":135}},"560":{"start":{"line":1019,"column":20},"end":{"line":1019,"column":33}},"561":{"start":{"line":1021,"column":19},"end":{"line":1026,"column":null}},"562":{"start":{"line":1022,"column":16},"end":{"line":1022,"column":45}},"563":{"start":{"line":1024,"column":16},"end":{"line":1024,"column":114}},"564":{"start":{"line":1025,"column":16},"end":{"line":1025,"column":29}},"565":{"start":{"line":1028,"column":8},"end":{"line":1028,"column":30}},"566":{"start":{"line":1029,"column":8},"end":{"line":1029,"column":22}},"567":{"start":{"line":1038,"column":30},"end":{"line":1038,"column":34}},"568":{"start":{"line":1041,"column":47},"end":{"line":1041,"column":56}},"569":{"start":{"line":1042,"column":30},"end":{"line":1042,"column":39}},"570":{"start":{"line":1046,"column":41},"end":{"line":1046,"column":42}},"571":{"start":{"line":1047,"column":35},"end":{"line":1047,"column":36}},"572":{"start":{"line":1048,"column":49},"end":{"line":1048,"column":58}},"573":{"start":{"line":1049,"column":35},"end":{"line":1049,"column":36}},"574":{"start":{"line":1050,"column":19},"end":{"line":1050,"column":27}},"575":{"start":{"line":1051,"column":24},"end":{"line":1051,"column":42}},"576":{"start":{"line":1052,"column":25},"end":{"line":1052,"column":32}},"577":{"start":{"line":1055,"column":8},"end":{"line":1079,"column":null}},"578":{"start":{"line":1056,"column":12},"end":{"line":1077,"column":null}},"579":{"start":{"line":1057,"column":16},"end":{"line":1057,"column":25}},"580":{"start":{"line":1059,"column":16},"end":{"line":1059,"column":60}},"581":{"start":{"line":1060,"column":16},"end":{"line":1075,"column":null}},"582":{"start":{"line":1061,"column":20},"end":{"line":1061,"column":78}},"583":{"start":{"line":1062,"column":20},"end":{"line":1074,"column":null}},"584":{"start":{"line":1063,"column":24},"end":{"line":1070,"column":null}},"585":{"start":{"line":1064,"column":28},"end":{"line":1064,"column":115}},"586":{"start":{"line":1065,"column":28},"end":{"line":1065,"column":41}},"587":{"start":{"line":1067,"column":28},"end":{"line":1067,"column":60}},"588":{"start":{"line":1068,"column":28},"end":{"line":1068,"column":62}},"589":{"start":{"line":1069,"column":28},"end":{"line":1069,"column":77}},"590":{"start":{"line":1072,"column":24},"end":{"line":1072,"column":111}},"591":{"start":{"line":1073,"column":24},"end":{"line":1073,"column":37}},"592":{"start":{"line":1076,"column":16},"end":{"line":1076,"column":51}},"593":{"start":{"line":1078,"column":12},"end":{"line":1078,"column":33}},"594":{"start":{"line":1081,"column":8},"end":{"line":1081,"column":31}},"595":{"start":{"line":1082,"column":8},"end":{"line":1121,"column":null}},"596":{"start":{"line":1083,"column":12},"end":{"line":1120,"column":null}},"597":{"start":{"line":1084,"column":16},"end":{"line":1084,"column":37}},"598":{"start":{"line":1085,"column":16},"end":{"line":1085,"column":25}},"599":{"start":{"line":1087,"column":16},"end":{"line":1087,"column":60}},"600":{"start":{"line":1088,"column":16},"end":{"line":1088,"column":70}},"601":{"start":{"line":1089,"column":16},"end":{"line":1117,"column":null}},"602":{"start":{"line":1090,"column":20},"end":{"line":1090,"column":105}},"603":{"start":{"line":1091,"column":20},"end":{"line":1100,"column":null}},"604":{"start":{"line":1092,"column":24},"end":{"line":1096,"column":null}},"605":{"start":{"line":1093,"column":28},"end":{"line":1093,"column":82}},"606":{"start":{"line":1095,"column":28},"end":{"line":1095,"column":84}},"607":{"start":{"line":1098,"column":24},"end":{"line":1098,"column":126}},"608":{"start":{"line":1099,"column":24},"end":{"line":1099,"column":37}},"609":{"start":{"line":1101,"column":23},"end":{"line":1117,"column":null}},"610":{"start":{"line":1102,"column":20},"end":{"line":1102,"column":133}},"611":{"start":{"line":1103,"column":20},"end":{"line":1116,"column":null}},"612":{"start":{"line":1104,"column":24},"end":{"line":1104,"column":101}},"613":{"start":{"line":1105,"column":24},"end":{"line":1107,"column":null}},"614":{"start":{"line":1106,"column":28},"end":{"line":1106,"column":43}},"615":{"start":{"line":1108,"column":24},"end":{"line":1112,"column":null}},"616":{"start":{"line":1109,"column":28},"end":{"line":1109,"column":161}},"617":{"start":{"line":1111,"column":28},"end":{"line":1111,"column":161}},"618":{"start":{"line":1114,"column":24},"end":{"line":1114,"column":116}},"619":{"start":{"line":1115,"column":24},"end":{"line":1115,"column":37}},"620":{"start":{"line":1118,"column":16},"end":{"line":1118,"column":61}},"621":{"start":{"line":1119,"column":16},"end":{"line":1119,"column":37}},"622":{"start":{"line":1122,"column":8},"end":{"line":1122,"column":22}},"623":{"start":{"line":1132,"column":8},"end":{"line":1132,"column":31}},"624":{"start":{"line":1133,"column":8},"end":{"line":1157,"column":null}},"625":{"start":{"line":1134,"column":12},"end":{"line":1154,"column":null}},"626":{"start":{"line":1135,"column":16},"end":{"line":1151,"column":null}},"627":{"start":{"line":1136,"column":20},"end":{"line":1148,"column":null}},"628":{"start":{"line":1137,"column":24},"end":{"line":1145,"column":null}},"629":{"start":{"line":1138,"column":28},"end":{"line":1142,"column":null}},"630":{"start":{"line":1139,"column":32},"end":{"line":1139,"column":44}},"631":{"start":{"line":1141,"column":32},"end":{"line":1141,"column":45}},"632":{"start":{"line":1144,"column":28},"end":{"line":1144,"column":41}},"633":{"start":{"line":1147,"column":24},"end":{"line":1147,"column":37}},"634":{"start":{"line":1150,"column":20},"end":{"line":1150,"column":33}},"635":{"start":{"line":1153,"column":16},"end":{"line":1153,"column":29}},"636":{"start":{"line":1156,"column":12},"end":{"line":1156,"column":25}},"637":{"start":{"line":1165,"column":8},"end":{"line":1165,"column":26}},"638":{"start":{"line":1166,"column":8},"end":{"line":1166,"column":26}},"639":{"start":{"line":1167,"column":8},"end":{"line":1167,"column":33}},"640":{"start":{"line":1168,"column":8},"end":{"line":1168,"column":28}},"641":{"start":{"line":1169,"column":8},"end":{"line":1169,"column":27}},"642":{"start":{"line":1170,"column":8},"end":{"line":1170,"column":25}},"643":{"start":{"line":1171,"column":8},"end":{"line":1171,"column":37}},"644":{"start":{"line":1172,"column":8},"end":{"line":1172,"column":32}},"645":{"start":{"line":1173,"column":8},"end":{"line":1173,"column":33}},"646":{"start":{"line":1174,"column":8},"end":{"line":1174,"column":32}},"647":{"start":{"line":1175,"column":8},"end":{"line":1175,"column":25}},"648":{"start":{"line":1184,"column":30},"end":{"line":1184,"column":34}},"649":{"start":{"line":1186,"column":8},"end":{"line":1250,"column":null}},"650":{"start":{"line":1187,"column":30},"end":{"line":1187,"column":58}},"651":{"start":{"line":1188,"column":12},"end":{"line":1191,"column":null}},"652":{"start":{"line":1189,"column":16},"end":{"line":1189,"column":65}},"653":{"start":{"line":1190,"column":16},"end":{"line":1190,"column":25}},"654":{"start":{"line":1192,"column":37},"end":{"line":1192,"column":53}},"655":{"start":{"line":1193,"column":35},"end":{"line":1193,"column":63}},"656":{"start":{"line":1194,"column":12},"end":{"line":1249,"column":null}},"657":{"start":{"line":1195,"column":59},"end":{"line":1195,"column":96}},"658":{"start":{"line":1196,"column":37},"end":{"line":1196,"column":62}},"659":{"start":{"line":1197,"column":16},"end":{"line":1245,"column":null}},"660":{"start":{"line":1198,"column":20},"end":{"line":1198,"column":118}},"661":{"start":{"line":1199,"column":20},"end":{"line":1199,"column":33}},"662":{"start":{"line":1200,"column":23},"end":{"line":1245,"column":null}},"663":{"start":{"line":1201,"column":51},"end":{"line":1201,"column":87}},"664":{"start":{"line":1202,"column":20},"end":{"line":1241,"column":null}},"665":{"start":{"line":1203,"column":24},"end":{"line":1203,"column":122}},"666":{"start":{"line":1204,"column":24},"end":{"line":1204,"column":37}},"667":{"start":{"line":1206,"column":24},"end":{"line":1240,"column":null}},"668":{"start":{"line":1208,"column":32},"end":{"line":1208,"column":61}},"669":{"start":{"line":1209,"column":32},"end":{"line":1215,"column":null}},"670":{"start":{"line":1210,"column":36},"end":{"line":1210,"column":62}},"671":{"start":{"line":1211,"column":36},"end":{"line":1211,"column":79}},"672":{"start":{"line":1213,"column":36},"end":{"line":1213,"column":79}},"673":{"start":{"line":1214,"column":36},"end":{"line":1214,"column":49}},"674":{"start":{"line":1216,"column":32},"end":{"line":1216,"column":38}},"675":{"start":{"line":1218,"column":32},"end":{"line":1218,"column":61}},"676":{"start":{"line":1219,"column":32},"end":{"line":1225,"column":null}},"677":{"start":{"line":1220,"column":36},"end":{"line":1220,"column":62}},"678":{"start":{"line":1221,"column":36},"end":{"line":1221,"column":79}},"679":{"start":{"line":1223,"column":36},"end":{"line":1223,"column":79}},"680":{"start":{"line":1224,"column":36},"end":{"line":1224,"column":49}},"681":{"start":{"line":1226,"column":32},"end":{"line":1226,"column":38}},"682":{"start":{"line":1228,"column":32},"end":{"line":1228,"column":61}},"683":{"start":{"line":1229,"column":32},"end":{"line":1235,"column":null}},"684":{"start":{"line":1230,"column":36},"end":{"line":1230,"column":62}},"685":{"start":{"line":1231,"column":36},"end":{"line":1231,"column":79}},"686":{"start":{"line":1233,"column":36},"end":{"line":1233,"column":79}},"687":{"start":{"line":1234,"column":36},"end":{"line":1234,"column":49}},"688":{"start":{"line":1236,"column":32},"end":{"line":1236,"column":38}},"689":{"start":{"line":1238,"column":32},"end":{"line":1238,"column":130}},"690":{"start":{"line":1239,"column":32},"end":{"line":1239,"column":45}},"691":{"start":{"line":1243,"column":20},"end":{"line":1243,"column":135}},"692":{"start":{"line":1244,"column":20},"end":{"line":1244,"column":33}},"693":{"start":{"line":1247,"column":16},"end":{"line":1247,"column":114}},"694":{"start":{"line":1248,"column":16},"end":{"line":1248,"column":29}},"695":{"start":{"line":1251,"column":8},"end":{"line":1251,"column":22}},"696":{"start":{"line":19,"column":0},"end":{"line":19,"column":13}},"697":{"start":{"line":24,"column":19},"end":{"line":24,"column":58}}},"fnMap":{"0":{"name":"(anonymous_0)","decl":{"start":{"line":85,"column":4},"end":{"line":85,"column":28}},"loc":{"start":{"line":85,"column":4},"end":{"line":85,"column":29}}},"1":{"name":"(anonymous_1)","decl":{"start":{"line":91,"column":11},"end":{"line":91,"column":17}},"loc":{"start":{"line":91,"column":30},"end":{"line":93,"column":5}}},"2":{"name":"(anonymous_2)","decl":{"start":{"line":99,"column":11},"end":{"line":99,"column":20}},"loc":{"start":{"line":99,"column":20},"end":{"line":101,"column":5}}},"3":{"name":"(anonymous_3)","decl":{"start":{"line":107,"column":11},"end":{"line":107,"column":24}},"loc":{"start":{"line":107,"column":24},"end":{"line":109,"column":5}}},"4":{"name":"(anonymous_4)","decl":{"start":{"line":115,"column":11},"end":{"line":115,"column":29}},"loc":{"start":{"line":115,"column":29},"end":{"line":117,"column":5}}},"5":{"name":"(anonymous_5)","decl":{"start":{"line":123,"column":11},"end":{"line":123,"column":25}},"loc":{"start":{"line":123,"column":25},"end":{"line":125,"column":5}}},"6":{"name":"(anonymous_6)","decl":{"start":{"line":131,"column":11},"end":{"line":131,"column":24}},"loc":{"start":{"line":131,"column":24},"end":{"line":133,"column":5}}},"7":{"name":"(anonymous_7)","decl":{"start":{"line":139,"column":11},"end":{"line":139,"column":25}},"loc":{"start":{"line":139,"column":25},"end":{"line":141,"column":5}}},"8":{"name":"(anonymous_8)","decl":{"start":{"line":147,"column":11},"end":{"line":147,"column":23}},"loc":{"start":{"line":147,"column":23},"end":{"line":149,"column":5}}},"9":{"name":"(anonymous_9)","decl":{"start":{"line":155,"column":11},"end":{"line":155,"column":19}},"loc":{"start":{"line":155,"column":19},"end":{"line":157,"column":5}}},"10":{"name":"(anonymous_10)","decl":{"start":{"line":163,"column":11},"end":{"line":163,"column":18}},"loc":{"start":{"line":163,"column":18},"end":{"line":165,"column":5}}},"11":{"name":"(anonymous_11)","decl":{"start":{"line":171,"column":11},"end":{"line":171,"column":17}},"loc":{"start":{"line":171,"column":17},"end":{"line":173,"column":5}}},"12":{"name":"(anonymous_12)","decl":{"start":{"line":180,"column":11},"end":{"line":180,"column":21}},"loc":{"start":{"line":180,"column":35},"end":{"line":192,"column":5}}},"13":{"name":"(anonymous_13)","decl":{"start":{"line":198,"column":11},"end":{"line":198,"column":21}},"loc":{"start":{"line":198,"column":21},"end":{"line":200,"column":5}}},"14":{"name":"(anonymous_14)","decl":{"start":{"line":209,"column":11},"end":{"line":209,"column":26}},"loc":{"start":{"line":209,"column":26},"end":{"line":296,"column":5}}},"15":{"name":"(anonymous_15)","decl":{"start":{"line":305,"column":11},"end":{"line":305,"column":27}},"loc":{"start":{"line":305,"column":27},"end":{"line":325,"column":5}}},"16":{"name":"(anonymous_16)","decl":{"start":{"line":334,"column":11},"end":{"line":334,"column":21}},"loc":{"start":{"line":334,"column":21},"end":{"line":656,"column":5}}},"17":{"name":"(anonymous_17)","decl":{"start":{"line":666,"column":11},"end":{"line":666,"column":20}},"loc":{"start":{"line":666,"column":20},"end":{"line":873,"column":5}}},"18":{"name":"(anonymous_18)","decl":{"start":{"line":879,"column":11},"end":{"line":879,"column":21}},"loc":{"start":{"line":879,"column":21},"end":{"line":899,"column":5}}},"19":{"name":"(anonymous_19)","decl":{"start":{"line":905,"column":11},"end":{"line":905,"column":23}},"loc":{"start":{"line":905,"column":23},"end":{"line":1030,"column":5}}},"20":{"name":"(anonymous_20)","decl":{"start":{"line":1037,"column":11},"end":{"line":1037,"column":25}},"loc":{"start":{"line":1037,"column":25},"end":{"line":1123,"column":5}}},"21":{"name":"(anonymous_21)","decl":{"start":{"line":1131,"column":11},"end":{"line":1131,"column":21}},"loc":{"start":{"line":1131,"column":21},"end":{"line":1158,"column":5}}},"22":{"name":"(anonymous_22)","decl":{"start":{"line":1164,"column":11},"end":{"line":1164,"column":18}},"loc":{"start":{"line":1164,"column":18},"end":{"line":1176,"column":5}}},"23":{"name":"(anonymous_23)","decl":{"start":{"line":1183,"column":11},"end":{"line":1183,"column":19}},"loc":{"start":{"line":1183,"column":19},"end":{"line":1252,"column":5}}}},"branchMap":{"0":{"loc":{"start":{"line":187,"column":12},"end":{"line":190,"column":null}},"type":"if","locations":[{"start":{"line":187,"column":12},"end":{"line":190,"column":null}},{"start":{"line":187,"column":12},"end":{"line":190,"column":null}}]},"1":{"loc":{"start":{"line":214,"column":12},"end":{"line":216,"column":null}},"type":"if","locations":[{"start":{"line":214,"column":12},"end":{"line":216,"column":null}},{"start":{"line":214,"column":12},"end":{"line":216,"column":null}}]},"2":{"loc":{"start":{"line":214,"column":16},"end":{"line":214,"column":42}},"type":"binary-expr","locations":[{"start":{"line":214,"column":16},"end":{"line":214,"column":42}},{"start":{"line":214,"column":46},"end":{"line":214,"column":72}}]},"3":{"loc":{"start":{"line":217,"column":12},"end":{"line":219,"column":null}},"type":"if","locations":[{"start":{"line":217,"column":12},"end":{"line":219,"column":null}},{"start":{"line":217,"column":12},"end":{"line":219,"column":null}}]},"4":{"loc":{"start":{"line":222,"column":8},"end":{"line":279,"column":null}},"type":"if","locations":[{"start":{"line":222,"column":8},"end":{"line":279,"column":null}},{"start":{"line":222,"column":8},"end":{"line":279,"column":null}}]},"5":{"loc":{"start":{"line":228,"column":16},"end":{"line":277,"column":null}},"type":"if","locations":[{"start":{"line":228,"column":16},"end":{"line":277,"column":null}},{"start":{"line":228,"column":16},"end":{"line":277,"column":null}}]},"6":{"loc":{"start":{"line":229,"column":20},"end":{"line":233,"column":null}},"type":"if","locations":[{"start":{"line":229,"column":20},"end":{"line":233,"column":null}},{"start":{"line":229,"column":20},"end":{"line":233,"column":null}}]},"7":{"loc":{"start":{"line":234,"column":20},"end":{"line":254,"column":null}},"type":"if","locations":[{"start":{"line":234,"column":20},"end":{"line":254,"column":null}},{"start":{"line":234,"column":20},"end":{"line":254,"column":null}}]},"8":{"loc":{"start":{"line":235,"column":24},"end":{"line":243,"column":null}},"type":"if","locations":[{"start":{"line":235,"column":24},"end":{"line":243,"column":null}},{"start":{"line":235,"column":24},"end":{"line":243,"column":null}}]},"9":{"loc":{"start":{"line":245,"column":24},"end":{"line":253,"column":null}},"type":"if","locations":[{"start":{"line":245,"column":24},"end":{"line":253,"column":null}},{"start":{"line":245,"column":24},"end":{"line":253,"column":null}}]},"10":{"loc":{"start":{"line":256,"column":20},"end":{"line":276,"column":null}},"type":"if","locations":[{"start":{"line":256,"column":20},"end":{"line":276,"column":null}},{"start":{"line":256,"column":20},"end":{"line":276,"column":null}}]},"11":{"loc":{"start":{"line":257,"column":24},"end":{"line":265,"column":null}},"type":"if","locations":[{"start":{"line":257,"column":24},"end":{"line":265,"column":null}},{"start":{"line":257,"column":24},"end":{"line":265,"column":null}}]},"12":{"loc":{"start":{"line":267,"column":24},"end":{"line":275,"column":null}},"type":"if","locations":[{"start":{"line":267,"column":24},"end":{"line":275,"column":null}},{"start":{"line":267,"column":24},"end":{"line":275,"column":null}}]},"13":{"loc":{"start":{"line":282,"column":12},"end":{"line":284,"column":null}},"type":"if","locations":[{"start":{"line":282,"column":12},"end":{"line":284,"column":null}},{"start":{"line":282,"column":12},"end":{"line":284,"column":null}}]},"14":{"loc":{"start":{"line":288,"column":12},"end":{"line":290,"column":null}},"type":"if","locations":[{"start":{"line":288,"column":12},"end":{"line":290,"column":null}},{"start":{"line":288,"column":12},"end":{"line":290,"column":null}}]},"15":{"loc":{"start":{"line":314,"column":12},"end":{"line":322,"column":null}},"type":"if","locations":[{"start":{"line":314,"column":12},"end":{"line":322,"column":null}},{"start":{"line":314,"column":12},"end":{"line":322,"column":null}}]},"16":{"loc":{"start":{"line":316,"column":16},"end":{"line":321,"column":null}},"type":"if","locations":[{"start":{"line":316,"column":16},"end":{"line":321,"column":null}},{"start":{"line":316,"column":16},"end":{"line":321,"column":null}}]},"17":{"loc":{"start":{"line":316,"column":20},"end":{"line":316,"column":41}},"type":"binary-expr","locations":[{"start":{"line":316,"column":20},"end":{"line":316,"column":41}},{"start":{"line":316,"column":45},"end":{"line":316,"column":77}}]},"18":{"loc":{"start":{"line":319,"column":23},"end":{"line":321,"column":null}},"type":"if","locations":[{"start":{"line":319,"column":23},"end":{"line":321,"column":null}},{"start":{"line":319,"column":23},"end":{"line":321,"column":null}}]},"19":{"loc":{"start":{"line":350,"column":12},"end":{"line":352,"column":null}},"type":"if","locations":[{"start":{"line":350,"column":12},"end":{"line":352,"column":null}},{"start":{"line":350,"column":12},"end":{"line":352,"column":null}}]},"20":{"loc":{"start":{"line":353,"column":12},"end":{"line":643,"column":null}},"type":"if","locations":[{"start":{"line":353,"column":12},"end":{"line":643,"column":null}},{"start":{"line":353,"column":12},"end":{"line":643,"column":null}}]},"21":{"loc":{"start":{"line":355,"column":16},"end":{"line":358,"column":null}},"type":"if","locations":[{"start":{"line":355,"column":16},"end":{"line":358,"column":null}},{"start":{"line":355,"column":16},"end":{"line":358,"column":null}}]},"22":{"loc":{"start":{"line":355,"column":20},"end":{"line":355,"column":41}},"type":"binary-expr","locations":[{"start":{"line":355,"column":20},"end":{"line":355,"column":41}},{"start":{"line":355,"column":45},"end":{"line":355,"column":77}}]},"23":{"loc":{"start":{"line":359,"column":16},"end":{"line":551,"column":null}},"type":"if","locations":[{"start":{"line":359,"column":16},"end":{"line":551,"column":null}},{"start":{"line":359,"column":16},"end":{"line":551,"column":null}}]},"24":{"loc":{"start":{"line":360,"column":20},"end":{"line":459,"column":null}},"type":"if","locations":[{"start":{"line":360,"column":20},"end":{"line":459,"column":null}},{"start":{"line":360,"column":20},"end":{"line":459,"column":null}}]},"25":{"loc":{"start":{"line":363,"column":27},"end":{"line":459,"column":null}},"type":"if","locations":[{"start":{"line":363,"column":27},"end":{"line":459,"column":null}},{"start":{"line":363,"column":27},"end":{"line":459,"column":null}}]},"26":{"loc":{"start":{"line":369,"column":24},"end":{"line":458,"column":null}},"type":"if","locations":[{"start":{"line":369,"column":24},"end":{"line":458,"column":null}},{"start":{"line":369,"column":24},"end":{"line":458,"column":null}}]},"27":{"loc":{"start":{"line":370,"column":28},"end":{"line":424,"column":null}},"type":"if","locations":[{"start":{"line":370,"column":28},"end":{"line":424,"column":null}},{"start":{"line":370,"column":28},"end":{"line":424,"column":null}}]},"28":{"loc":{"start":{"line":370,"column":32},"end":{"line":370,"column":106}},"type":"binary-expr","locations":[{"start":{"line":370,"column":32},"end":{"line":370,"column":106}},{"start":{"line":370,"column":110},"end":{"line":370,"column":184}},{"start":{"line":370,"column":188},"end":{"line":370,"column":237}},{"start":{"line":370,"column":241},"end":{"line":370,"column":290}}]},"29":{"loc":{"start":{"line":371,"column":32},"end":{"line":396,"column":null}},"type":"if","locations":[{"start":{"line":371,"column":32},"end":{"line":396,"column":null}},{"start":{"line":371,"column":32},"end":{"line":396,"column":null}}]},"30":{"loc":{"start":{"line":373,"column":36},"end":{"line":377,"column":null}},"type":"if","locations":[{"start":{"line":373,"column":36},"end":{"line":377,"column":null}},{"start":{"line":373,"column":36},"end":{"line":377,"column":null}}]},"31":{"loc":{"start":{"line":373,"column":40},"end":{"line":373,"column":89}},"type":"binary-expr","locations":[{"start":{"line":373,"column":40},"end":{"line":373,"column":89}},{"start":{"line":373,"column":93},"end":{"line":373,"column":142}}]},"32":{"loc":{"start":{"line":379,"column":40},"end":{"line":384,"column":null}},"type":"if","locations":[{"start":{"line":379,"column":40},"end":{"line":384,"column":null}},{"start":{"line":379,"column":40},"end":{"line":384,"column":null}}]},"33":{"loc":{"start":{"line":386,"column":36},"end":{"line":388,"column":null}},"type":"if","locations":[{"start":{"line":386,"column":36},"end":{"line":388,"column":null}},{"start":{"line":386,"column":36},"end":{"line":388,"column":null}}]},"34":{"loc":{"start":{"line":397,"column":35},"end":{"line":424,"column":null}},"type":"if","locations":[{"start":{"line":397,"column":35},"end":{"line":424,"column":null}},{"start":{"line":397,"column":35},"end":{"line":424,"column":null}}]},"35":{"loc":{"start":{"line":397,"column":39},"end":{"line":397,"column":89}},"type":"binary-expr","locations":[{"start":{"line":397,"column":39},"end":{"line":397,"column":89}},{"start":{"line":397,"column":93},"end":{"line":397,"column":144}}]},"36":{"loc":{"start":{"line":398,"column":32},"end":{"line":419,"column":null}},"type":"if","locations":[{"start":{"line":398,"column":32},"end":{"line":419,"column":null}},{"start":{"line":398,"column":32},"end":{"line":419,"column":null}}]},"37":{"loc":{"start":{"line":401,"column":40},"end":{"line":406,"column":null}},"type":"if","locations":[{"start":{"line":401,"column":40},"end":{"line":406,"column":null}},{"start":{"line":401,"column":40},"end":{"line":406,"column":null}}]},"38":{"loc":{"start":{"line":401,"column":44},"end":{"line":401,"column":96}},"type":"binary-expr","locations":[{"start":{"line":401,"column":44},"end":{"line":401,"column":96}},{"start":{"line":401,"column":100},"end":{"line":401,"column":149}}]},"39":{"loc":{"start":{"line":408,"column":36},"end":{"line":412,"column":null}},"type":"if","locations":[{"start":{"line":408,"column":36},"end":{"line":412,"column":null}},{"start":{"line":408,"column":36},"end":{"line":412,"column":null}}]},"40":{"loc":{"start":{"line":426,"column":28},"end":{"line":432,"column":null}},"type":"if","locations":[{"start":{"line":426,"column":28},"end":{"line":432,"column":null}},{"start":{"line":426,"column":28},"end":{"line":432,"column":null}}]},"41":{"loc":{"start":{"line":428,"column":35},"end":{"line":432,"column":null}},"type":"if","locations":[{"start":{"line":428,"column":35},"end":{"line":432,"column":null}},{"start":{"line":428,"column":35},"end":{"line":432,"column":null}}]},"42":{"loc":{"start":{"line":433,"column":28},"end":{"line":457,"column":null}},"type":"if","locations":[{"start":{"line":433,"column":28},"end":{"line":457,"column":null}},{"start":{"line":433,"column":28},"end":{"line":457,"column":null}}]},"43":{"loc":{"start":{"line":433,"column":32},"end":{"line":433,"column":50}},"type":"binary-expr","locations":[{"start":{"line":433,"column":32},"end":{"line":433,"column":50}},{"start":{"line":433,"column":54},"end":{"line":433,"column":73}},{"start":{"line":433,"column":77},"end":{"line":433,"column":127}},{"start":{"line":433,"column":131},"end":{"line":433,"column":182}}]},"44":{"loc":{"start":{"line":434,"column":32},"end":{"line":452,"column":null}},"type":"if","locations":[{"start":{"line":434,"column":32},"end":{"line":452,"column":null}},{"start":{"line":434,"column":32},"end":{"line":452,"column":null}}]},"45":{"loc":{"start":{"line":438,"column":40},"end":{"line":443,"column":null}},"type":"if","locations":[{"start":{"line":438,"column":40},"end":{"line":443,"column":null}},{"start":{"line":438,"column":40},"end":{"line":443,"column":null}}]},"46":{"loc":{"start":{"line":438,"column":44},"end":{"line":438,"column":96}},"type":"binary-expr","locations":[{"start":{"line":438,"column":44},"end":{"line":438,"column":96}},{"start":{"line":438,"column":100},"end":{"line":438,"column":149}}]},"47":{"loc":{"start":{"line":461,"column":20},"end":{"line":550,"column":null}},"type":"if","locations":[{"start":{"line":461,"column":20},"end":{"line":550,"column":null}},{"start":{"line":461,"column":20},"end":{"line":550,"column":null}}]},"48":{"loc":{"start":{"line":464,"column":24},"end":{"line":470,"column":null}},"type":"if","locations":[{"start":{"line":464,"column":24},"end":{"line":470,"column":null}},{"start":{"line":464,"column":24},"end":{"line":470,"column":null}}]},"49":{"loc":{"start":{"line":471,"column":27},"end":{"line":550,"column":null}},"type":"if","locations":[{"start":{"line":471,"column":27},"end":{"line":550,"column":null}},{"start":{"line":471,"column":27},"end":{"line":550,"column":null}}]},"50":{"loc":{"start":{"line":478,"column":24},"end":{"line":549,"column":null}},"type":"if","locations":[{"start":{"line":478,"column":24},"end":{"line":549,"column":null}},{"start":{"line":478,"column":24},"end":{"line":549,"column":null}}]},"51":{"loc":{"start":{"line":479,"column":28},"end":{"line":520,"column":null}},"type":"if","locations":[{"start":{"line":479,"column":28},"end":{"line":520,"column":null}},{"start":{"line":479,"column":28},"end":{"line":520,"column":null}}]},"52":{"loc":{"start":{"line":479,"column":32},"end":{"line":479,"column":81}},"type":"binary-expr","locations":[{"start":{"line":479,"column":32},"end":{"line":479,"column":81}},{"start":{"line":479,"column":85},"end":{"line":479,"column":134}},{"start":{"line":479,"column":138},"end":{"line":479,"column":162}},{"start":{"line":479,"column":166},"end":{"line":479,"column":190}}]},"53":{"loc":{"start":{"line":481,"column":32},"end":{"line":485,"column":null}},"type":"if","locations":[{"start":{"line":481,"column":32},"end":{"line":485,"column":null}},{"start":{"line":481,"column":32},"end":{"line":485,"column":null}}]},"54":{"loc":{"start":{"line":481,"column":36},"end":{"line":481,"column":60}},"type":"binary-expr","locations":[{"start":{"line":481,"column":36},"end":{"line":481,"column":60}},{"start":{"line":481,"column":64},"end":{"line":481,"column":88}}]},"55":{"loc":{"start":{"line":487,"column":36},"end":{"line":492,"column":null}},"type":"if","locations":[{"start":{"line":487,"column":36},"end":{"line":492,"column":null}},{"start":{"line":487,"column":36},"end":{"line":492,"column":null}}]},"56":{"loc":{"start":{"line":494,"column":32},"end":{"line":496,"column":null}},"type":"if","locations":[{"start":{"line":494,"column":32},"end":{"line":496,"column":null}},{"start":{"line":494,"column":32},"end":{"line":496,"column":null}}]},"57":{"loc":{"start":{"line":501,"column":35},"end":{"line":520,"column":null}},"type":"if","locations":[{"start":{"line":501,"column":35},"end":{"line":520,"column":null}},{"start":{"line":501,"column":35},"end":{"line":520,"column":null}}]},"58":{"loc":{"start":{"line":501,"column":39},"end":{"line":501,"column":64}},"type":"binary-expr","locations":[{"start":{"line":501,"column":39},"end":{"line":501,"column":64}},{"start":{"line":501,"column":68},"end":{"line":501,"column":94}}]},"59":{"loc":{"start":{"line":505,"column":36},"end":{"line":510,"column":null}},"type":"if","locations":[{"start":{"line":505,"column":36},"end":{"line":510,"column":null}},{"start":{"line":505,"column":36},"end":{"line":510,"column":null}}]},"60":{"loc":{"start":{"line":505,"column":40},"end":{"line":505,"column":92}},"type":"binary-expr","locations":[{"start":{"line":505,"column":40},"end":{"line":505,"column":92}},{"start":{"line":505,"column":96},"end":{"line":505,"column":145}}]},"61":{"loc":{"start":{"line":522,"column":28},"end":{"line":528,"column":null}},"type":"if","locations":[{"start":{"line":522,"column":28},"end":{"line":528,"column":null}},{"start":{"line":522,"column":28},"end":{"line":528,"column":null}}]},"62":{"loc":{"start":{"line":524,"column":35},"end":{"line":528,"column":null}},"type":"if","locations":[{"start":{"line":524,"column":35},"end":{"line":528,"column":null}},{"start":{"line":524,"column":35},"end":{"line":528,"column":null}}]},"63":{"loc":{"start":{"line":529,"column":28},"end":{"line":548,"column":null}},"type":"if","locations":[{"start":{"line":529,"column":28},"end":{"line":548,"column":null}},{"start":{"line":529,"column":28},"end":{"line":548,"column":null}}]},"64":{"loc":{"start":{"line":529,"column":32},"end":{"line":529,"column":50}},"type":"binary-expr","locations":[{"start":{"line":529,"column":32},"end":{"line":529,"column":50}},{"start":{"line":529,"column":54},"end":{"line":529,"column":73}},{"start":{"line":529,"column":77},"end":{"line":529,"column":102}},{"start":{"line":529,"column":106},"end":{"line":529,"column":132}}]},"65":{"loc":{"start":{"line":533,"column":36},"end":{"line":538,"column":null}},"type":"if","locations":[{"start":{"line":533,"column":36},"end":{"line":538,"column":null}},{"start":{"line":533,"column":36},"end":{"line":538,"column":null}}]},"66":{"loc":{"start":{"line":533,"column":40},"end":{"line":533,"column":92}},"type":"binary-expr","locations":[{"start":{"line":533,"column":40},"end":{"line":533,"column":92}},{"start":{"line":533,"column":96},"end":{"line":533,"column":145}}]},"67":{"loc":{"start":{"line":553,"column":16},"end":{"line":642,"column":null}},"type":"if","locations":[{"start":{"line":553,"column":16},"end":{"line":642,"column":null}},{"start":{"line":553,"column":16},"end":{"line":642,"column":null}}]},"68":{"loc":{"start":{"line":553,"column":20},"end":{"line":553,"column":66}},"type":"binary-expr","locations":[{"start":{"line":553,"column":20},"end":{"line":553,"column":66}},{"start":{"line":553,"column":70},"end":{"line":553,"column":117}}]},"69":{"loc":{"start":{"line":554,"column":20},"end":{"line":570,"column":null}},"type":"if","locations":[{"start":{"line":554,"column":20},"end":{"line":570,"column":null}},{"start":{"line":554,"column":20},"end":{"line":570,"column":null}}]},"70":{"loc":{"start":{"line":559,"column":28},"end":{
[...]
:{"name":"decToSignedBin32","decl":{"start":{"line":37,"column":16},"end":{"line":37,"column":32}},"loc":{"start":{"line":37,"column":43},"end":{"line":69,"column":1}}},"4":{"name":"decToUnsignedBin32","decl":{"start":{"line":77,"column":16},"end":{"line":77,"column":34}},"loc":{"start":{"line":77,"column":45},"end":{"line":98,"column":1}}},"5":{"name":"lengthDetect","decl":{"start":{"line":105,"column":16},"end":{"line":105,"column":28}},"loc":{"start":{"line":105,"column":42},"end":{"line":108,"column":1}}},"6":{"name":"bin2dec","decl":{"start":{"line":116,"column":16},"end":{"line":116,"column":23}},"loc":{"start":{"line":116,"column":53},"end":{"line":134,"column":1}}},"7":{"name":"binaryDetect","decl":{"start":{"line":139,"column":16},"end":{"line":139,"column":28}},"loc":{"start":{"line":139,"column":39},"end":{"line":146,"column":1}}},"8":{"name":"(anonymous_8)","decl":{"start":{"line":141,"column":8},"end":{"line":141,"column":11}},"loc":{"start":{"line":141,"column":14},"end":{"line":144,"column":9}}},"9":{"name":"bitsMapping","decl":{"start":{"line":155,"column":16},"end":{"line":155,"column":27}},"loc":{"start":{"line":155,"column":61},"end":{"line":159,"column":1}}},"10":{"name":"shiftLeftBinary32Bits","decl":{"start":{"line":166,"column":16},"end":{"line":166,"column":37}},"loc":{"start":{"line":166,"column":52},"end":{"line":168,"column":1}}}},"branchMap":{"0":{"loc":{"start":{"line":24,"column":8},"end":{"line":26,"column":null}},"type":"if","locations":[{"start":{"line":24,"column":8},"end":{"line":26,"column":null}},{"start":{"line":24,"column":8},"end":{"line":26,"column":null}}]},"1":{"loc":{"start":{"line":24,"column":12},"end":{"line":24,"column":20}},"type":"binary-expr","locations":[{"start":{"line":24,"column":12},"end":{"line":24,"column":20}},{"start":{"line":24,"column":24},"end":{"line":24,"column":31}}]},"2":{"loc":{"start":{"line":39,"column":4},"end":{"line":48,"column":null}},"type":"if","locations":[{"start":{"line":39,"column":4},"end":{"line":48,"column":null}},{"start":{"line":39,"column":4},"end":{"line":48,"column":null}}]},"3":{"loc":{"start":{"line":39,"column":8},"end":{"line":39,"column":16}},"type":"binary-expr","locations":[{"start":{"line":39,"column":8},"end":{"line":39,"column":16}},{"start":{"line":39,"column":20},"end":{"line":39,"column":30}}]},"4":{"loc":{"start":{"line":50,"column":4},"end":{"line":66,"column":null}},"type":"if","locations":[{"start":{"line":50,"column":4},"end":{"line":66,"column":null}},{"start":{"line":50,"column":4},"end":{"line":66,"column":null}}]},"5":{"loc":{"start":{"line":58,"column":12},"end":{"line":59,"column":22}},"type":"if","locations":[{"start":{"line":58,"column":12},"end":{"line":59,"column":22}},{"start":{"line":58,"column":12},"end":{"line":59,"column":22}}]},"6":{"loc":{"start":{"line":78,"column":4},"end":{"line":79,"column":60}},"type":"if","locations":[{"start":{"line":78,"column":4},"end":{"line":79,"column":60}},{"start":{"line":78,"column":4},"end":{"line":79,"column":60}}]},"7":{"loc":{"start":{"line":82,"column":4},"end":{"line":91,"column":null}},"type":"if","locations":[{"start":{"line":82,"column":4},"end":{"line":91,"column":null}},{"start":{"line":82,"column":4},"end":{"line":91,"column":null}}]},"8":{"loc":{"start":{"line":82,"column":8},"end":{"line":82,"column":16}},"type":"binary-expr","locations":[{"start":{"line":82,"column":8},"end":{"line":82,"column":16}},{"start":{"line":82,"column":20},"end":{"line":82,"column":30}}]},"9":{"loc":{"start":{"line":93,"column":4},"end":{"line":94,"column":37}},"type":"if","locations":[{"start":{"line":93,"column":4},"end":{"line":94,"column":37}},{"start":{"line":93,"column":4},"end":{"line":94,"column":37}}]},"10":{"loc":{"start":{"line":95,"column":4},"end":{"line":96,"column":21}},"type":"if","locations":[{"start":{"line":95,"column":4},"end":{"line":96,"column":21}},{"start":{"line":95,"column":4},"end":{"line":96,"column":21}}]},"11":{"loc":{"start":{"line":106,"column":4},"end":{"line":107,"column":56}},"type":"if","locations":[{"start":{"line":106,"column":4},"end":{"line":107,"column":56}},{"start":{"line":106,"column":4},"end":{"line":107,"column":56}}]},"12":{"loc":{"start":{"line":117,"column":4},"end":{"line":118,"column":56}},"type":"if","locations":[{"start":{"line":117,"column":4},"end":{"line":118,"column":56}},{"start":{"line":117,"column":4},"end":{"line":118,"column":56}}]},"13":{"loc":{"start":{"line":123,"column":4},"end":{"line":127,"column":null}},"type":"if","locations":[{"start":{"line":123,"column":4},"end":{"line":127,"column":null}},{"start":{"line":123,"column":4},"end":{"line":127,"column":null}}]},"14":{"loc":{"start":{"line":142,"column":12},"end":{"line":143,"column":72}},"type":"if","locations":[{"start":{"line":142,"column":12},"end":{"line":143,"column":72}},{"start":{"line":142,"column":12},"end":{"line":143,"column":72}}]},"15":{"loc":{"start":{"line":142,"column":16},"end":{"line":142,"column":24}},"type":"binary-expr","locations":[{"start":{"line":142,"column":16},"end":{"line":142,"column":24}},{"start":{"line":142,"column":28},"end":{"line":142,"column":36}}]}},"s":{"0":136240,"1":136240,"2":136240,"3":4155849,"4":136240,"5":4,"6":54509,"7":1707546,"8":1,"9":54508,"10":4,"11":1582,"12":1582,"13":0,"14":0,"15":0,"16":0,"17":0,"18":0,"19":0,"20":1582,"21":1480,"22":1480,"23":1480,"24":1480,"25":1480,"26":4220,"27":4220,"28":1480,"29":1480,"30":43140,"31":1480,"32":1480,"33":102,"34":102,"35":4,"36":547,"37":1,"38":546,"39":546,"40":12,"41":12,"42":12,"43":12,"44":12,"45":12,"46":12,"47":546,"48":461,"49":85,"50":85,"51":0,"52":4,"53":103,"54":1,"55":4,"56":2381,"57":0,"58":2381,"59":2381,"60":2381,"61":2176,"62":205,"63":2381,"64":2381,"65":73811,"66":2381,"67":4,"68":1519,"69":37446,"70":1,"71":4,"72":1719,"73":1719,"74":1719,"75":4,"76":405,"77":4},"f":{"0":136240,"1":54509,"2":1707546,"3":1582,"4":547,"5":103,"6":2381,"7":1519,"8":37446,"9":1719,"10":405},"b":{"0":[1,1707545],"1":[1707546,204694],"2":[0,1582],"3":[1582,655],"4":[1480,102],"5":[1480,2740],"6":[1,546],"7":[12,534],"8":[546,378],"9":[461,85],"10":[85,0],"11":[1,102],"12":[0,2381],"13":[2176,205],"14":[1,37445],"15":[37446,8086]}}
,"E:\\File\\learning\\Kiyan\\on-going\\MIPS\\GRP\\Hardware\\src\\Logic\\AND.ts": {"path":"E:\\File\\learning\\Kiyan\\on-going\\MIPS\\GRP\\Hardware\\src\\Logic\\AND.ts","statementMap":{"0":{"start":{"line":1,"column":0},"end":{"line":1,"column":27}},"1":{"start":{"line":2,"column":0},"end":{"line":2,"column":30}},"2":{"start":{"line":15,"column":8},"end":{"line":15,"column":35}},"3":{"start":{"line":16,"column":8},"end":{"line":16,"column":51}},"4":{"start":{"line":23,"column":24},"end":{"line":23,"column":53}},"5":{"start":{"line":24,"column":8},"end":{"line":24,"column":50}},"6":{"start":{"line":6,"column":0},"end":{"line":6,"column":13}}},"fnMap":{"0":{"name":"(anonymous_1)","decl":{"start":{"line":14,"column":4},"end":{"line":14,"column":16}},"loc":{"start":{"line":14,"column":49},"end":{"line":17,"column":5}}},"1":{"name":"(anonymous_2)","decl":{"start":{"line":22,"column":11},"end":{"line":22,"column":17}},"loc":{"start":{"line":22,"column":55},"end":{"line":25,"column":5}}}},"branchMap":{},"s":{"0":3,"1":3,"2":1543958,"3":1543958,"4":23069966,"5":23069966,"6":3},"f":{"0":1543958,"1":23069966},"b":{}}
,"E:\\File\\learning\\Kiyan\\on-going\\MIPS\\GRP\\Hardware\\src\\Logic\\AND32.ts": {"path":"E:\\File\\learning\\Kiyan\\on-going\\MIPS\\GRP\\Hardware\\src\\Logic\\AND32.ts","statementMap":{"0":{"start":{"line":1,"column":0},"end":{"line":1,"column":25}},"1":{"start":{"line":2,"column":0},"end":{"line":2,"column":73}},"2":{"start":{"line":29,"column":8},"end":{"line":29,"column":34}},"3":{"start":{"line":30,"column":8},"end":{"line":30,"column":34}},"4":{"start":{"line":31,"column":28},"end":{"line":31,"column":59}},"5":{"start":{"line":32,"column":28},"end":{"line":32,"column":59}},"6":{"start":{"line":33,"column":8},"end":{"line":33,"column":65}},"7":{"start":{"line":42,"column":31},"end":{"line":42,"column":33}},"8":{"start":{"line":43,"column":23},"end":{"line":43,"column":24}},"9":{"start":{"line":44,"column":8},"end":{"line":47,"column":11}},"10":{"start":{"line":45,"column":12},"end":{"line":45,"column":null}},"11":{"start":{"line":46,"column":12},"end":{"line":46,"column":16}},"12":{"start":{"line":48,"column":8},"end":{"line":48,"column":23}},"13":{"start":{"line":8,"column":0},"end":{"line":8,"column":13}}},"fnMap":{"0":{"name":"(anonymous_0)","decl":{"start":{"line":28,"column":4},"end":{"line":28,"column":16}},"loc":{"start":{"line":28,"column":49},"end":{"line":34,"column":5}}},"1":{"name":"(anonymous_1)","decl":{"start":{"line":41,"column":11},"end":{"line":41,"column":17}},"loc":{"start":{"line":41,"column":53},"end":{"line":49,"column":5}}},"2":{"name":"(anonymous_2)","decl":{"start":{"line":44,"column":22},"end":{"line":44,"column":23}},"loc":{"start":{"line":44,"column":29},"end":{"line":47,"column":9}}}},"branchMap":{},"s":{"0":2,"1":2,"2":2,"3":2,"4":2,"5":2,"6":2,"7":915,"8":915,"9":915,"10":29280,"11":29280,"12":915,"13":2},"f":{"0":2,"1":915,"2":29280},"b":{}}
,"E:\\File\\learning\\Kiyan\\on-going\\MIPS\\GRP\\Hardware\\src\\Logic\\Logic.ts": {"path":"E:\\File\\learning\\Kiyan\\on-going\\MIPS\\GRP\\Hardware\\src\\Logic\\Logic.ts","statementMap":{"0":{"start":{"line":26,"column":4},"end":{"line":26,"column":22}},"1":{"start":{"line":31,"column":8},"end":{"line":31,"column":30}},"2":{"start":{"line":32,"column":8},"end":{"line":32,"column":30}},"3":{"start":{"line":39,"column":23},"end":{"line":39,"column":35}},"4":{"start":{"line":40,"column":23},"end":{"line":40,"column":35}},"5":{"start":{"line":41,"column":23},"end":{"line":41,"column":37}},"6":{"start":{"line":42,"column":8},"end":{"line":42,"column":21}},"7":{"start":{"line":14,"column":0},"end":{"line":14,"column":13}},"8":{"start":{"line":47,"column":0},"end":{"line":47,"column":21}}},"fnMap":{"0":{"name":"(anonymous_0)","decl":{"start":{"line":30,"column":4},"end":{"line":30,"column":16}},"loc":{"start":{"line":30,"column":49},"end":{"line":33,"column":5}}},"1":{"name":"(anonymous_1)","decl":{"start":{"line":38,"column":11},"end":{"line":38,"column":25}},"loc":{"start":{"line":38,"column":25},"end":{"line":43,"column":5}}}},"branchMap":{},"s":{"0":105290302,"1":105290302,"2":105290302,"3":4,"4":4,"5":4,"6":4,"7":3,"8":3},"f":{"0":105290302,"1":4},"b":{}}
,"E:\\File\\learning\\Kiyan\\on-going\\MIPS\\GRP\\Hardware\\src\\Logic\\NAND.ts": {"path":"E:\\File\\learning\\Kiyan\\on-going\\MIPS\\GRP\\Hardware\\src\\Logic\\NAND.ts","statementMap":{"0":{"start":{"line":1,"column":0},"end":{"line":1,"column":27}},"1":{"start":{"line":17,"column":8},"end":{"line":17,"column":35}},"2":{"start":{"line":18,"column":8},"end":{"line":18,"column":53}},"3":{"start":{"line":25,"column":12},"end":{"line":25,"column":58}},"4":{"start":{"line":7,"column":0},"end":{"line":7,"column":13}}},"fnMap":{"0":{"name":"(anonymous_1)","decl":{"start":{"line":16,"column":4},"end":{"line":16,"column":16}},"loc":{"start":{"line":16,"column":49},"end":{"line":19,"column":5}}},"1":{"name":"(anonymous_2)","decl":{"start":{"line":24,"column":11},"end":{"line":24,"column":17}},"loc":{"start":{"line":24,"column":56},"end":{"line":26,"column":5}}}},"branchMap":{},"s":{"0":3,"1":102873234,"2":102873234,"3":148238251,"4":3},"f":{"0":102873234,"1":148238251},"b":{}}
,"E:\\File\\learning\\Kiyan\\on-going\\MIPS\\GRP\\Hardware\\src\\Logic\\NOT.ts": {"path":"E:\\File\\learning\\Kiyan\\on-going\\MIPS\\GRP\\Hardware\\src\\Logic\\NOT.ts","statementMap":{"0":{"start":{"line":1,"column":0},"end":{"line":1,"column":27}},"1":{"start":{"line":2,"column":0},"end":{"line":2,"column":30}},"2":{"start":{"line":14,"column":8},"end":{"line":14,"column":27}},"3":{"start":{"line":15,"column":8},"end":{"line":15,"column":41}},"4":{"start":{"line":22,"column":24},"end":{"line":22,"column":53}},"5":{"start":{"line":23,"column":8},"end":{"line":23,"column":27}},"6":{"start":{"line":6,"column":0},"end":{"line":6,"column":13}}},"fnMap":{"0":{"name":"(anonymous_1)","decl":{"start":{"line":13,"column":4},"end":{"line":13,"column":16}},"loc":{"start":{"line":13,"column":32},"end":{"line":16,"column":5}}},"1":{"name":"(anonymous_2)","decl":{"start":{"line":21,"column":11},"end":{"line":21,"column":17}},"loc":{"start":{"line":21,"column":38},"end":{"line":24,"column":5}}}},"branchMap":{},"s":{"0":3,"1":3,"2":772113,"3":772113,"4":35112181,"5":35112181,"6":3},"f":{"0":772113,"1":35112181},"b":{}}
,"E:\\File\\learning\\Kiyan\\on-going\\MIPS\\GRP\\Hardware\\src\\Logic\\NOT32.ts": {"path":"E:\\File\\learning\\Kiyan\\on-going\\MIPS\\GRP\\Hardware\\src\\Logic\\NOT32.ts","statementMap":{"0":{"start":{"line":1,"column":0},"end":{"line":1,"column":25}},"1":{"start":{"line":2,"column":0},"end":{"line":2,"column":73}},"2":{"start":{"line":24,"column":8},"end":{"line":24,"column":34}},"3":{"start":{"line":25,"column":28},"end":{"line":25,"column":59}},"4":{"start":{"line":26,"column":8},"end":{"line":26,"column":60}},"5":{"start":{"line":35,"column":31},"end":{"line":35,"column":33}},"6":{"start":{"line":36,"column":23},"end":{"line":36,"column":24}},"7":{"start":{"line":37,"column":8},"end":{"line":40,"column":11}},"8":{"start":{"line":38,"column":12},"end":{"line":38,"column":null}},"9":{"start":{"line":39,"column":12},"end":{"line":39,"column":16}},"10":{"start":{"line":41,"column":8},"end":{"line":41,"column":23}},"11":{"start":{"line":8,"column":0},"end":{"line":8,"column":13}}},"fnMap":{"0":{"name":"(anonymous_0)","decl":{"start":{"line":23,"column":4},"end":{"line":23,"column":16}},"loc":{"start":{"line":23,"column":32},"end":{"line":27,"column":5}}},"1":{"name":"(anonymous_1)","decl":{"start":{"line":34,"column":11},"end":{"line":34,"column":17}},"loc":{"start":{"line":34,"column":38},"end":{"line":42,"column":5}}},"2":{"name":"(anonymous_2)","decl":{"start":{"line":37,"column":22},"end":{"line":37,"column":23}},"loc":{"start":{"line":37,"column":29},"end":{"line":40,"column":9}}}},"branchMap":{},"s":{"0":2,"1":2,"2":2,"3":2,"4":2,"5":347,"6":347,"7":347,"8":11104,"9":11104,"10":347,"11":2},"f":{"0":2,"1":347,"2":11104},"b":{}}
,"E:\\File\\learning\\Kiyan\\on-going\\MIPS\\GRP\\Hardware\\src\\Logic\\OR.ts": {"path":"E:\\File\\learning\\Kiyan\\on-going\\MIPS\\GRP\\Hardware\\src\\Logic\\OR.ts","statementMap":{"0":{"start":{"line":1,"column":0},"end":{"line":1,"column":27}},"1":{"start":{"line":2,"column":0},"end":{"line":2,"column":30}},"2":{"start":{"line":17,"column":8},"end":{"line":17,"column":35}},"3":{"start":{"line":18,"column":8},"end":{"line":18,"column":49}},"4":{"start":{"line":25,"column":25},"end":{"line":25,"column":54}},"5":{"start":{"line":26,"column":25},"end":{"line":26,"column":54}},"6":{"start":{"line":27,"column":8},"end":{"line":27,"column":52}},"7":{"start":{"line":8,"column":0},"end":{"line":8,"column":13}}},"fnMap":{"0":{"name":"(anonymous_1)","decl":{"start":{"line":16,"column":4},"end":{"line":16,"column":16}},"loc":{"start":{"line":16,"column":49},"end":{"line":19,"column":5}}},"1":{"name":"(anonymous_2)","decl":{"start":{"line":24,"column":11},"end":{"line":24,"column":17}},"loc":{"start":{"line":24,"column":54},"end":{"line":28,"column":5}}}},"branchMap":{},"s":{"0":3,"1":3,"2":100993,"3":100993,"4":22295047,"5":22295047,"6":22295047,"7":3},"f":{"0":100993,"1":22295047},"b":{}}
,"E:\\File\\learning\\Kiyan\\on-going\\MIPS\\GRP\\Hardware\\src\\Logic\\OR32.ts": {"path":"E:\\File\\learning\\Kiyan\\on-going\\MIPS\\GRP\\Hardware\\src\\Logic\\OR32.ts","statementMap":{"0":{"start":{"line":1,"column":0},"end":{"line":1,"column":23}},"1":{"start":{"line":2,"column":0},"end":{"line":2,"column":73}},"2":{"start":{"line":29,"column":8},"end":{"line":29,"column":34}},"3":{"start":{"line":30,"column":8},"end":{"line":30,"column":34}},"4":{"start":{"line":31,"column":28},"end":{"line":31,"column":59}},"5":{"start":{"line":32,"column":28},"end":{"line":32,"column":59}},"6":{"start":{"line":33,"column":8},"end":{"line":33,"column":63}},"7":{"start":{"line":43,"column":31},"end":{"line":43,"column":33}},"8":{"start":{"line":44,"column":23},"end":{"line":44,"column":24}},"9":{"start":{"line":45,"column":8},"end":{"line":48,"column":11}},"10":{"start":{"line":46,"column":12},"end":{"line":46,"column":null}},"11":{"start":{"line":47,"column":12},"end":{"line":47,"column":16}},"12":{"start":{"line":49,"column":8},"end":{"line":49,"column":23}},"13":{"start":{"line":8,"column":0},"end":{"line":8,"column":13}}},"fnMap":{"0":{"name":"(anonymous_0)","decl":{"start":{"line":28,"column":4},"end":{"line":28,"column":16}},"loc":{"start":{"line":28,"column":49},"end":{"line":34,"column":5}}},"1":{"name":"(anonymous_1)","decl":{"start":{"line":42,"column":11},"end":{"line":42,"column":17}},"loc":{"start":{"line":42,"column":52},"end":{"line":50,"column":5}}},"2":{"name":"(anonymous_2)","decl":{"start":{"line":45,"column":22},"end":{"line":45,"column":23}},"loc":{"start":{"line":45,"column":29},"end":{"line":48,"column":9}}}},"branchMap":{},"s":{"0":2,"1":2,"2":2,"3":2,"4":2,"5":2,"6":2,"7":915,"8":915,"9":915,"10":29280,"11":29280,"12":915,"13":2},"f":{"0":2,"1":915,"2":29280},"b":{}}
,"E:\\File\\learning\\Kiyan\\on-going\\MIPS\\GRP\\Hardware\\src\\Logic\\OR32WAY.ts": {"path":"E:\\File\\learning\\Kiyan\\on-going\\MIPS\\GRP\\Hardware\\src\\Logic\\OR32WAY.ts","statementMap":{"0":{"start":{"line":1,"column":0},"end":{"line":1,"column":23}},"1":{"start":{"line":2,"column":0},"end":{"line":2,"column":73}},"2":{"start":{"line":26,"column":8},"end":{"line":26,"column":33}},"3":{"start":{"line":27,"column":28},"end":{"line":27,"column":58}},"4":{"start":{"line":28,"column":8},"end":{"line":28,"column":46}},"5":{"start":{"line":37,"column":28},"end":{"line":37,"column":29}},"6":{"start":{"line":38,"column":8},"end":{"line":40,"column":11}},"7":{"start":{"line":39,"column":12},"end":{"line":39,"column":39}},"8":{"start":{"line":41,"column":8},"end":{"line":41,"column":22}},"9":{"start":{"line":10,"column":0},"end":{"line":10,"column":13}}},"fnMap":{"0":{"name":"(anonymous_0)","decl":{"start":{"line":25,"column":4},"end":{"line":25,"column":16}},"loc":{"start":{"line":25,"column":32},"end":{"line":29,"column":5}}},"1":{"name":"(anonymous_1)","decl":{"start":{"line":36,"column":11},"end":{"line":36,"column":17}},"loc":{"start":{"line":36,"column":40},"end":{"line":42,"column":5}}},"2":{"name":"(anonymous_2)","decl":{"start":{"line":38,"column":22},"end":{"line":38,"column":23}},"loc":{"start":{"line":38,"column":29},"end":{"line":40,"column":9}}}},"branchMap":{},"s":{"0":1,"1":1,"2":2,"3":2,"4":2,"5":2,"6":2,"7":64,"8":2,"9":1},"f":{"0":2,"1":2,"2":64},"b":{}}
,"E:\\File\\learning\\Kiyan\\on-going\\MIPS\\GRP\\Hardware\\src\\Logic\\XOR.ts": {"path":"E:\\File\\learning\\Kiyan\\on-going\\MIPS\\GRP\\Hardware\\src\\Logic\\XOR.ts","statementMap":{"0":{"start":{"line":1,"column":0},"end":{"line":1,"column":27}},"1":{"start":{"line":2,"column":0},"end":{"line":2,"column":30}},"2":{"start":{"line":3,"column":0},"end":{"line":3,"column":23}},"3":{"start":{"line":4,"column":0},"end":{"line":4,"column":25}},"4":{"start":{"line":19,"column":8},"end":{"line":19,"column":35}},"5":{"start":{"line":20,"column":8},"end":{"line":20,"column":51}},"6":{"start":{"line":27,"column":24},"end":{"line":27,"column":53}},"7":{"start":{"line":28,"column":20},"end":{"line":28,"column":47}},"8":{"start":{"line":29,"column":8},"end":{"line":29,"column":46}},"9":{"start":{"line":10,"column":0},"end":{"line":10,"column":13}}},"fnMap":{"0":{"name":"(anonymous_1)","decl":{"start":{"line":18,"column":4},"end":{"line":18,"column":16}},"loc":{"start":{"line":18,"column":49},"end":{"line":21,"column":5}}},"1":{"name":"(anonymous_2)","decl":{"start":{"line":26,"column":11},"end":{"line":26,"column":17}},"loc":{"start":{"line":26,"column":55},"end":{"line":30,"column":5}}}},"branchMap":{},"s":{"0":2,"1":2,"2":2,"3":2,"4":0,"5":0,"6":100993,"7":100993,"8":100993,"9":2},"f":{"0":0,"1":100993},"b":{}}
}
