TN:
SF:src\Assembler\ArrayList.ts
FN:22,(anonymous_0)
FN:42,(anonymous_1)
FN:61,(anonymous_2)
FN:73,(anonymous_3)
FN:86,(anonymous_4)
FN:109,(anonymous_5)
FN:117,(anonymous_6)
FN:126,(anonymous_7)
FN:137,(anonymous_8)
FNF:9
FNH:8
FNDA:9,(anonymous_0)
FNDA:18,(anonymous_1)
FNDA:52,(anonymous_2)
FNDA:2,(anonymous_3)
FNDA:3,(anonymous_4)
FNDA:0,(anonymous_5)
FNDA:39,(anonymous_6)
FNDA:54,(anonymous_7)
FNDA:18,(anonymous_8)
DA:2,2
DA:7,9
DA:12,9
DA:23,9
DA:24,8
DA:25,0
DA:27,8
DA:29,1
DA:43,18
DA:44,0
DA:45,0
DA:46,0
DA:47,0
DA:49,18
DA:50,18
DA:51,18
DA:62,52
DA:63,52
DA:74,2
DA:75,2
DA:87,3
DA:88,3
DA:89,3
DA:90,3
DA:92,0
DA:93,0
DA:94,0
DA:95,0
DA:98,0
DA:99,0
DA:101,0
DA:110,0
DA:118,39
DA:127,54
DA:128,0
DA:138,18
DA:139,0
DA:140,0
DA:141,0
LF:39
LH:22
BRDA:23,0,0,8
BRDA:23,0,1,1
BRDA:24,1,0,0
BRDA:24,1,1,8
BRDA:43,2,0,0
BRDA:43,2,1,18
BRDA:87,3,0,3
BRDA:87,3,1,0
BRDA:94,4,0,0
BRDA:94,4,1,0
BRDA:98,5,0,0
BRDA:98,5,1,0
BRDA:127,6,0,0
BRDA:127,6,1,54
BRDA:127,7,0,54
BRDA:127,7,1,54
BRDA:138,8,0,0
BRDA:138,8,1,18
BRF:18
BRH:9
end_of_record
TN:
SF:src\Assembler\Assembler.ts
FN:85,(anonymous_0)
FN:91,(anonymous_1)
FN:99,(anonymous_2)
FN:107,(anonymous_3)
FN:115,(anonymous_4)
FN:123,(anonymous_5)
FN:131,(anonymous_6)
FN:139,(anonymous_7)
FN:147,(anonymous_8)
FN:155,(anonymous_9)
FN:163,(anonymous_10)
FN:171,(anonymous_11)
FN:180,(anonymous_12)
FN:198,(anonymous_13)
FN:209,(anonymous_14)
FN:305,(anonymous_15)
FN:334,(anonymous_16)
FN:666,(anonymous_17)
FN:879,(anonymous_18)
FN:905,(anonymous_19)
FN:1037,(anonymous_20)
FN:1131,(anonymous_21)
FN:1164,(anonymous_22)
FN:1183,(anonymous_23)
FNF:24
FNH:20
FNDA:2,(anonymous_0)
FNDA:13,(anonymous_1)
FNDA:0,(anonymous_2)
FNDA:1,(anonymous_3)
FNDA:1,(anonymous_4)
FNDA:1,(anonymous_5)
FNDA:1,(anonymous_6)
FNDA:1,(anonymous_7)
FNDA:2,(anonymous_8)
FNDA:1,(anonymous_9)
FNDA:2,(anonymous_10)
FNDA:4,(anonymous_11)
FNDA:1,(anonymous_12)
FNDA:1,(anonymous_13)
FNDA:1,(anonymous_14)
FNDA:1,(anonymous_15)
FNDA:1,(anonymous_16)
FNDA:1,(anonymous_17)
FNDA:0,(anonymous_18)
FNDA:1,(anonymous_19)
FNDA:1,(anonymous_20)
FNDA:0,(anonymous_21)
FNDA:0,(anonymous_22)
FNDA:1,(anonymous_23)
DA:1,2
DA:2,2
DA:3,2
DA:4,2
DA:5,2
DA:6,2
DA:7,2
DA:8,2
DA:9,2
DA:19,2
DA:24,2
DA:28,2
DA:32,2
DA:36,2
DA:40,2
DA:44,2
DA:48,2
DA:52,2
DA:56,2
DA:60,2
DA:64,2
DA:68,2
DA:72,2
DA:76,2
DA:80,2
DA:92,13
DA:100,0
DA:108,1
DA:116,1
DA:124,1
DA:132,1
DA:140,1
DA:148,2
DA:156,1
DA:164,2
DA:172,4
DA:181,1
DA:185,1
DA:186,10
DA:187,10
DA:188,1
DA:189,1
DA:199,1
DA:212,1
DA:213,1
DA:214,10
DA:215,2
DA:217,10
DA:218,0
DA:222,1
DA:223,0
DA:224,0
DA:227,1
DA:228,2
DA:229,1
DA:230,0
DA:231,0
DA:234,1
DA:235,0
DA:236,0
DA:237,0
DA:240,0
DA:241,0
DA:245,1
DA:246,1
DA:247,4
DA:250,0
DA:251,0
DA:256,1
DA:257,1
DA:258,0
DA:259,0
DA:262,1
DA:263,4
DA:267,0
DA:268,0
DA:269,0
DA:272,0
DA:273,0
DA:281,1
DA:282,4
DA:283,0
DA:287,1
DA:288,3
DA:289,1
DA:293,1
DA:294,3
DA:306,1
DA:308,1
DA:309,1
DA:312,1
DA:313,4
DA:314,4
DA:315,1
DA:316,1
DA:317,0
DA:318,0
DA:319,1
DA:320,1
DA:324,1
DA:335,1
DA:339,1
DA:340,1
DA:341,1
DA:344,1
DA:348,1
DA:349,2
DA:350,2
DA:351,0
DA:353,2
DA:354,1
DA:355,1
DA:356,0
DA:357,0
DA:359,1
DA:360,1
DA:361,0
DA:362,0
DA:363,1
DA:364,0
DA:365,0
DA:367,1
DA:368,1
DA:369,1
DA:370,1
DA:371,0
DA:372,0
DA:373,0
DA:374,0
DA:376,0
DA:378,0
DA:379,0
DA:380,0
DA:381,0
DA:383,0
DA:386,0
DA:387,0
DA:389,0
DA:390,0
DA:391,0
DA:392,0
DA:394,0
DA:395,0
DA:397,1
DA:398,1
DA:399,1
DA:400,1
DA:401,1
DA:402,1
DA:403,1
DA:405,0
DA:408,1
DA:409,0
DA:411,1
DA:413,1
DA:414,1
DA:415,1
DA:417,0
DA:418,0
DA:421,0
DA:422,0
DA:423,0
DA:426,0
DA:427,0
DA:428,0
DA:429,0
DA:431,0
DA:433,0
DA:434,0
DA:435,0
DA:436,0
DA:437,0
DA:438,0
DA:439,0
DA:440,0
DA:442,0
DA:445,0
DA:446,0
DA:447,0
DA:448,0
DA:450,0
DA:451,0
DA:454,0
DA:455,0
DA:456,0
DA:461,0
DA:462,0
DA:463,0
DA:464,0
DA:465,0
DA:466,0
DA:468,0
DA:469,0
DA:471,0
DA:472,0
DA:473,0
DA:475,0
DA:476,0
DA:477,0
DA:478,0
DA:479,0
DA:480,0
DA:481,0
DA:482,0
DA:484,0
DA:486,0
DA:487,0
DA:488,0
DA:489,0
DA:491,0
DA:494,0
DA:495,0
DA:497,0
DA:498,0
DA:499,0
DA:500,0
DA:501,0
DA:502,0
DA:503,0
DA:504,0
DA:505,0
DA:506,0
DA:507,0
DA:509,0
DA:512,0
DA:513,0
DA:514,0
DA:515,0
DA:517,0
DA:518,0
DA:519,0
DA:522,0
DA:523,0
DA:524,0
DA:525,0
DA:527,0
DA:529,0
DA:530,0
DA:531,0
DA:532,0
DA:533,0
DA:534,0
DA:535,0
DA:537,0
DA:540,0
DA:541,0
DA:542,0
DA:543,0
DA:545,0
DA:546,0
DA:547,0
DA:553,1
DA:554,0
DA:555,0
DA:557,0
DA:558,0
DA:559,0
DA:560,0
DA:561,0
DA:563,0
DA:566,0
DA:567,0
DA:568,0
DA:569,0
DA:571,1
DA:572,0
DA:573,0
DA:575,0
DA:576,0
DA:577,0
DA:578,0
DA:579,0
DA:581,0
DA:584,0
DA:585,0
DA:587,0
DA:588,0
DA:589,0
DA:590,0
DA:593,1
DA:594,1
DA:595,1
DA:596,1
DA:597,0
DA:598,0
DA:600,1
DA:601,1
DA:602,1
DA:603,1
DA:604,0
DA:605,0
DA:607,1
DA:610,1
DA:611,1
DA:613,1
DA:614,1
DA:615,1
DA:616,1
DA:618,0
DA:619,0
DA:620,0
DA:621,0
DA:623,0
DA:624,0
DA:625,0
DA:626,0
DA:627,0
DA:628,0
DA:630,0
DA:633,0
DA:634,0
DA:635,0
DA:636,0
DA:639,0
DA:640,0
DA:646,1
DA:647,2
DA:649,1
DA:650,1
DA:651,1
DA:652,2
DA:655,1
DA:667,1
DA:671,1
DA:674,1
DA:675,1
DA:676,2
DA:677,2
DA:678,2
DA:679,1
DA:680,1
DA:681,1
DA:682,1
DA:683,1
DA:684,1
DA:685,0
DA:686,0
DA:687,0
DA:688,0
DA:689,0
DA:690,0
DA:691,0
DA:692,0
DA:693,0
DA:695,0
DA:696,0
DA:698,0
DA:699,0
DA:701,0
DA:705,0
DA:706,0
DA:708,0
DA:709,0
DA:710,0
DA:712,0
DA:713,0
DA:714,0
DA:715,0
DA:717,0
DA:718,0
DA:720,0
DA:721,0
DA:723,0
DA:727,1
DA:728,0
DA:729,0
DA:730,0
DA:731,0
DA:732,0
DA:733,0
DA:734,0
DA:735,0
DA:736,0
DA:738,0
DA:739,0
DA:743,0
DA:744,0
DA:746,0
DA:747,0
DA:748,0
DA:750,0
DA:751,0
DA:752,0
DA:753,0
DA:755,0
DA:756,0
DA:760,1
DA:761,1
DA:762,0
DA:763,0
DA:765,1
DA:766,1
DA:767,1
DA:769,0
DA:770,0
DA:774,0
DA:775,0
DA:778,1
DA:779,1
DA:780,1
DA:781,1
DA:782,0
DA:783,0
DA:784,0
DA:785,0
DA:786,0
DA:787,0
DA:788,0
DA:789,0
DA:791,0
DA:792,0
DA:794,0
DA:795,0
DA:797,0
DA:801,1
DA:802,0
DA:804,1
DA:805,0
DA:806,0
DA:808,1
DA:809,1
DA:810,0
DA:811,0
DA:813,1
DA:814,1
DA:816,0
DA:817,0
DA:819,1
DA:823,0
DA:824,0
DA:825,0
DA:826,0
DA:827,0
DA:828,0
DA:829,0
DA:830,0
DA:831,0
DA:832,0
DA:834,0
DA:835,0
DA:839,0
DA:840,0
DA:842,0
DA:843,0
DA:844,0
DA:846,0
DA:847,0
DA:848,0
DA:849,0
DA:851,0
DA:852,0
DA:856,0
DA:857,0
DA:858,0
DA:859,0
DA:861,0
DA:862,0
DA:863,0
DA:865,0
DA:872,1
DA:880,0
DA:883,0
DA:884,0
DA:885,0
DA:886,0
DA:887,0
DA:888,0
DA:889,0
DA:890,0
DA:892,0
DA:895,0
DA:898,0
DA:907,1
DA:910,1
DA:911,1
DA:912,4
DA:913,0
DA:914,0
DA:916,4
DA:917,4
DA:918,4
DA:919,3
DA:920,3
DA:921,3
DA:922,0
DA:923,0
DA:924,3
DA:925,3
DA:926,3
DA:927,0
DA:928,0
DA:929,3
DA:930,1
DA:931,1
DA:932,1
DA:934,1
DA:935,1
DA:936,1
DA:938,1
DA:940,1
DA:941,1
DA:943,1
DA:944,1
DA:946,1
DA:947,1
DA:950,1
DA:951,0
DA:952,0
DA:953,0
DA:954,1
DA:955,0
DA:956,0
DA:957,1
DA:958,0
DA:959,0
DA:960,1
DA:961,0
DA:962,0
DA:963,1
DA:964,0
DA:965,1
DA:966,0
DA:967,1
DA:968,0
DA:969,1
DA:970,0
DA:971,0
DA:972,1
DA:973,0
DA:974,0
DA:975,0
DA:976,0
DA:977,0
DA:978,0
DA:979,0
DA:981,0
DA:982,0
DA:984,1
DA:985,1
DA:986,1
DA:987,1
DA:988,1
DA:989,1
DA:990,1
DA:992,0
DA:993,0
DA:995,0
DA:996,0
DA:997,0
DA:998,0
DA:999,0
DA:1000,0
DA:1001,0
DA:1002,0
DA:1005,1
DA:1006,1
DA:1008,1
DA:1009,1
DA:1011,1
DA:1012,0
DA:1015,2
DA:1018,0
DA:1019,0
DA:1021,1
DA:1022,1
DA:1024,0
DA:1025,0
DA:1028,1
DA:1029,1
DA:1038,1
DA:1041,1
DA:1042,1
DA:1046,1
DA:1047,1
DA:1048,1
DA:1049,1
DA:1050,1
DA:1051,1
DA:1052,1
DA:1055,1
DA:1056,5
DA:1057,0
DA:1059,5
DA:1060,5
DA:1061,1
DA:1062,1
DA:1063,1
DA:1064,0
DA:1065,0
DA:1067,1
DA:1068,1
DA:1069,1
DA:1072,0
DA:1073,0
DA:1076,5
DA:1078,5
DA:1081,1
DA:1082,1
DA:1083,5
DA:1084,1
DA:1085,1
DA:1087,4
DA:1088,4
DA:1089,4
DA:1090,0
DA:1091,0
DA:1092,0
DA:1093,0
DA:1095,0
DA:1098,0
DA:1099,0
DA:1101,4
DA:1102,1
DA:1103,1
DA:1104,1
DA:1105,1
DA:1106,1
DA:1108,1
DA:1109,1
DA:1111,0
DA:1114,0
DA:1115,0
DA:1118,4
DA:1119,4
DA:1122,1
DA:1132,0
DA:1133,0
DA:1134,0
DA:1135,0
DA:1136,0
DA:1137,0
DA:1138,0
DA:1139,0
DA:1141,0
DA:1144,0
DA:1147,0
DA:1150,0
DA:1153,0
DA:1156,0
DA:1165,0
DA:1166,0
DA:1167,0
DA:1168,0
DA:1169,0
DA:1170,0
DA:1171,0
DA:1172,0
DA:1173,0
DA:1174,0
DA:1175,0
DA:1184,1
DA:1186,1
DA:1187,4
DA:1188,4
DA:1189,0
DA:1190,0
DA:1192,4
DA:1193,4
DA:1194,4
DA:1195,4
DA:1196,4
DA:1197,4
DA:1198,0
DA:1199,0
DA:1200,4
DA:1201,4
DA:1202,4
DA:1203,0
DA:1204,0
DA:1206,4
DA:1208,1
DA:1209,1
DA:1210,1
DA:1211,1
DA:1213,0
DA:1214,0
DA:1216,1
DA:1218,3
DA:1219,3
DA:1220,3
DA:1221,3
DA:1223,0
DA:1224,0
DA:1226,3
DA:1228,0
DA:1229,0
DA:1230,0
DA:1231,0
DA:1233,0
DA:1234,0
DA:1236,0
DA:1238,0
DA:1239,0
DA:1243,0
DA:1244,0
DA:1247,0
DA:1248,0
DA:1251,1
LF:698
LH:281
BRDA:187,0,0,1
BRDA:187,0,1,9
BRDA:214,1,0,2
BRDA:214,1,1,8
BRDA:214,2,0,10
BRDA:214,2,1,9
BRDA:217,3,0,0
BRDA:217,3,1,10
BRDA:222,4,0,0
BRDA:222,4,1,1
BRDA:228,5,0,1
BRDA:228,5,1,1
BRDA:229,6,0,0
BRDA:229,6,1,1
BRDA:234,7,0,0
BRDA:234,7,1,1
BRDA:235,8,0,0
BRDA:235,8,1,0
BRDA:245,9,0,1
BRDA:245,9,1,0
BRDA:256,10,0,1
BRDA:256,10,1,0
BRDA:257,11,0,0
BRDA:257,11,1,1
BRDA:267,12,0,0
BRDA:267,12,1,0
BRDA:282,13,0,0
BRDA:282,13,1,4
BRDA:288,14,0,1
BRDA:288,14,1,2
BRDA:314,15,0,1
BRDA:314,15,1,3
BRDA:316,16,0,0
BRDA:316,16,1,1
BRDA:316,17,0,1
BRDA:316,17,1,1
BRDA:319,18,0,1
BRDA:319,18,1,0
BRDA:350,19,0,0
BRDA:350,19,1,2
BRDA:353,20,0,1
BRDA:353,20,1,1
BRDA:355,21,0,0
BRDA:355,21,1,1
BRDA:355,22,0,1
BRDA:355,22,1,1
BRDA:359,23,0,1
BRDA:359,23,1,0
BRDA:360,24,0,0
BRDA:360,24,1,1
BRDA:363,25,0,0
BRDA:363,25,1,1
BRDA:369,26,0,1
BRDA:369,26,1,0
BRDA:370,27,0,0
BRDA:370,27,1,1
BRDA:370,28,0,1
BRDA:370,28,1,1
BRDA:370,28,2,1
BRDA:370,28,3,1
BRDA:371,29,0,0
BRDA:371,29,1,0
BRDA:373,30,0,0
BRDA:373,30,1,0
BRDA:373,31,0,0
BRDA:373,31,1,0
BRDA:379,32,0,0
BRDA:379,32,1,0
BRDA:386,33,0,0
BRDA:386,33,1,0
BRDA:397,34,0,1
BRDA:397,34,1,0
BRDA:397,35,0,1
BRDA:397,35,1,0
BRDA:398,36,0,1
BRDA:398,36,1,0
BRDA:401,37,0,1
BRDA:401,37,1,0
BRDA:401,38,0,1
BRDA:401,38,1,1
BRDA:408,39,0,0
BRDA:408,39,1,1
BRDA:426,40,0,0
BRDA:426,40,1,0
BRDA:428,41,0,0
BRDA:428,41,1,0
BRDA:433,42,0,0
BRDA:433,42,1,0
BRDA:433,43,0,0
BRDA:433,43,1,0
BRDA:433,43,2,0
BRDA:433,43,3,0
BRDA:434,44,0,0
BRDA:434,44,1,0
BRDA:438,45,0,0
BRDA:438,45,1,0
BRDA:438,46,0,0
BRDA:438,46,1,0
BRDA:461,47,0,0
BRDA:461,47,1,0
BRDA:464,48,0,0
BRDA:464,48,1,0
BRDA:471,49,0,0
BRDA:471,49,1,0
BRDA:478,50,0,0
BRDA:478,50,1,0
BRDA:479,51,0,0
BRDA:479,51,1,0
BRDA:479,52,0,0
BRDA:479,52,1,0
BRDA:479,52,2,0
BRDA:479,52,3,0
BRDA:481,53,0,0
BRDA:481,53,1,0
BRDA:481,54,0,0
BRDA:481,54,1,0
BRDA:487,55,0,0
BRDA:487,55,1,0
BRDA:494,56,0,0
BRDA:494,56,1,0
BRDA:501,57,0,0
BRDA:501,57,1,0
BRDA:501,58,0,0
BRDA:501,58,1,0
BRDA:505,59,0,0
BRDA:505,59,1,0
BRDA:505,60,0,0
BRDA:505,60,1,0
BRDA:522,61,0,0
BRDA:522,61,1,0
BRDA:524,62,0,0
BRDA:524,62,1,0
BRDA:529,63,0,0
BRDA:529,63,1,0
BRDA:529,64,0,0
BRDA:529,64,1,0
BRDA:529,64,2,0
BRDA:529,64,3,0
BRDA:533,65,0,0
BRDA:533,65,1,0
BRDA:533,66,0,0
BRDA:533,66,1,0
BRDA:553,67,0,0
BRDA:553,67,1,1
BRDA:553,68,0,1
BRDA:553,68,1,1
BRDA:554,69,0,0
BRDA:554,69,1,0
BRDA:559,70,0,0
BRDA:559,70,1,0
BRDA:559,71,0,0
BRDA:559,71,1,0
BRDA:571,72,0,0
BRDA:571,72,1,1
BRDA:571,73,0,1
BRDA:571,73,1,1
BRDA:572,74,0,0
BRDA:572,74,1,0
BRDA:577,75,0,0
BRDA:577,75,1,0
BRDA:584,76,0,0
BRDA:584,76,1,0
BRDA:595,77,0,1
BRDA:595,77,1,0
BRDA:595,78,0,1
BRDA:595,78,1,0
BRDA:596,79,0,0
BRDA:596,79,1,1
BRDA:603,80,0,0
BRDA:603,80,1,1
BRDA:610,81,0,1
BRDA:610,81,1,0
BRDA:618,82,0,0
BRDA:618,82,1,0
BRDA:618,83,0,0
BRDA:618,83,1,0
BRDA:619,84,0,0
BRDA:619,84,1,0
BRDA:626,85,0,0
BRDA:626,85,1,0
BRDA:626,86,0,0
BRDA:626,86,1,0
BRDA:650,87,0,1
BRDA:650,87,1,0
BRDA:678,88,0,1
BRDA:678,88,1,1
BRDA:684,89,0,0
BRDA:684,89,1,1
BRDA:685,90,0,0
BRDA:685,90,1,0
BRDA:688,91,0,0
BRDA:688,91,1,0
BRDA:691,92,0,0
BRDA:691,92,1,0
BRDA:691,93,0,0
BRDA:691,93,1,0
BRDA:695,94,0,0
BRDA:695,94,1,0
BRDA:705,95,0,0
BRDA:705,95,1,0
BRDA:708,96,0,0
BRDA:708,96,1,0
BRDA:713,97,0,0
BRDA:713,97,1,0
BRDA:713,98,0,0
BRDA:713,98,1,0
BRDA:717,99,0,0
BRDA:717,99,1,0
BRDA:727,100,0,0
BRDA:727,100,1,1
BRDA:728,101,0,0
BRDA:728,101,1,0
BRDA:731,102,0,0
BRDA:731,102,1,0
BRDA:734,103,0,0
BRDA:734,103,1,0
BRDA:734,104,0,0
BRDA:734,104,1,0
BRDA:743,105,0,0
BRDA:743,105,1,0
BRDA:746,106,0,0
BRDA:746,106,1,0
BRDA:751,107,0,0
BRDA:751,107,1,0
BRDA:751,108,0,0
BRDA:751,108,1,0
BRDA:760,109,0,1
BRDA:760,109,1,0
BRDA:760,110,0,1
BRDA:760,110,1,0
BRDA:761,111,0,0
BRDA:761,111,1,1
BRDA:761,112,0,1
BRDA:761,112,1,1
BRDA:765,113,0,1
BRDA:765,113,1,0
BRDA:780,114,0,1
BRDA:780,114,1,0
BRDA:781,115,0,0
BRDA:781,115,1,1
BRDA:784,116,0,0
BRDA:784,116,1,0
BRDA:787,117,0,0
BRDA:787,117,1,0
BRDA:787,118,0,0
BRDA:787,118,1,0
BRDA:791,119,0,0
BRDA:791,119,1,0
BRDA:801,120,0,0
BRDA:801,120,1,1
BRDA:804,121,0,0
BRDA:804,121,1,1
BRDA:809,122,0,0
BRDA:809,122,1,1
BRDA:809,123,0,1
BRDA:809,123,1,1
BRDA:813,124,0,1
BRDA:813,124,1,0
BRDA:823,125,0,0
BRDA:823,125,1,0
BRDA:824,126,0,0
BRDA:824,126,1,0
BRDA:827,127,0,0
BRDA:827,127,1,0
BRDA:830,128,0,0
BRDA:830,128,1,0
BRDA:830,129,0,0
BRDA:830,129,1,0
BRDA:839,130,0,0
BRDA:839,130,1,0
BRDA:842,131,0,0
BRDA:842,131,1,0
BRDA:847,132,0,0
BRDA:847,132,1,0
BRDA:847,133,0,0
BRDA:847,133,1,0
BRDA:856,134,0,0
BRDA:856,134,1,0
BRDA:856,135,0,0
BRDA:856,135,1,0
BRDA:857,136,0,0
BRDA:857,136,1,0
BRDA:857,137,0,0
BRDA:857,137,1,0
BRDA:862,138,0,0
BRDA:862,138,1,0
BRDA:886,139,0,0
BRDA:886,139,1,0
BRDA:888,140,0,0
BRDA:888,140,1,0
BRDA:912,141,0,0
BRDA:912,141,1,4
BRDA:918,142,0,3
BRDA:918,142,1,1
BRDA:921,143,0,0
BRDA:921,143,1,3
BRDA:924,144,0,3
BRDA:924,144,1,0
BRDA:926,145,0,0
BRDA:926,145,1,3
BRDA:929,146,0,1
BRDA:929,146,1,2
BRDA:940,147,0,1
BRDA:940,147,1,0
BRDA:943,148,0,1
BRDA:943,148,1,0
BRDA:946,149,0,1
BRDA:946,149,1,0
BRDA:950,150,0,0
BRDA:950,150,1,1
BRDA:954,151,0,0
BRDA:954,151,1,1
BRDA:957,152,0,0
BRDA:957,152,1,1
BRDA:960,153,0,0
BRDA:960,153,1,1
BRDA:963,154,0,0
BRDA:963,154,1,1
BRDA:965,155,0,0
BRDA:965,155,1,1
BRDA:967,156,0,0
BRDA:967,156,1,1
BRDA:969,157,0,0
BRDA:969,157,1,1
BRDA:972,158,0,0
BRDA:972,158,1,1
BRDA:973,159,0,0
BRDA:973,159,1,0
BRDA:973,160,0,0
BRDA:973,160,1,0
BRDA:975,161,0,0
BRDA:975,161,1,0
BRDA:975,162,0,0
BRDA:975,162,1,0
BRDA:984,163,0,1
BRDA:984,163,1,0
BRDA:985,164,0,1
BRDA:985,164,1,0
BRDA:995,165,0,0
BRDA:995,165,1,0
BRDA:997,166,0,0
BRDA:997,166,1,0
BRDA:1001,167,0,0
BRDA:1001,167,1,0
BRDA:1005,168,0,1
BRDA:1005,168,1,0
BRDA:1008,169,0,1
BRDA:1008,169,1,0
BRDA:1011,170,0,0
BRDA:1011,170,1,1
BRDA:1021,171,0,1
BRDA:1021,171,1,0
BRDA:1056,172,0,0
BRDA:1056,172,1,5
BRDA:1056,173,0,5
BRDA:1056,173,1,5
BRDA:1060,174,0,1
BRDA:1060,174,1,4
BRDA:1062,175,0,1
BRDA:1062,175,1,0
BRDA:1063,176,0,0
BRDA:1063,176,1,1
BRDA:1083,177,0,1
BRDA:1083,177,1,4
BRDA:1083,178,0,5
BRDA:1083,178,1,5
BRDA:1083,178,2,5
BRDA:1089,179,0,0
BRDA:1089,179,1,4
BRDA:1089,180,0,4
BRDA:1089,180,1,4
BRDA:1091,181,0,0
BRDA:1091,181,1,0
BRDA:1092,182,0,0
BRDA:1092,182,1,0
BRDA:1101,183,0,1
BRDA:1101,183,1,3
BRDA:1101,184,0,4
BRDA:1101,184,1,3
BRDA:1103,185,0,1
BRDA:1103,185,1,0
BRDA:1105,186,0,1
BRDA:1105,186,1,0
BRDA:1108,187,0,1
BRDA:1108,187,1,0
BRDA:1133,188,0,0
BRDA:1133,188,1,0
BRDA:1134,189,0,0
BRDA:1134,189,1,0
BRDA:1135,190,0,0
BRDA:1135,190,1,0
BRDA:1136,191,0,0
BRDA:1136,191,1,0
BRDA:1137,192,0,0
BRDA:1137,192,1,0
BRDA:1138,193,0,0
BRDA:1138,193,1,0
BRDA:1188,194,0,0
BRDA:1188,194,1,4
BRDA:1194,195,0,4
BRDA:1194,195,1,0
BRDA:1197,196,0,0
BRDA:1197,196,1,4
BRDA:1200,197,0,4
BRDA:1200,197,1,0
BRDA:1202,198,0,0
BRDA:1202,198,1,4
BRDA:1207,199,0,1
BRDA:1207,199,1,3
BRDA:1207,199,2,0
BRDA:1207,199,3,0
BRDA:1209,200,0,1
BRDA:1209,200,1,0
BRDA:1219,201,0,3
BRDA:1219,201,1,0
BRDA:1229,202,0,0
BRDA:1229,202,1,0
BRF:417
BRH:133
end_of_record
TN:
SF:src\Assembler\BinaryAddition.ts
FN:7,binaryAddition
FNF:1
FNH:1
FNDA:9,binaryAddition
DA:7,6
DA:8,9
DA:9,9
DA:10,9
DA:11,9
DA:12,9
DA:13,9
DA:14,89
DA:15,89
DA:17,0
DA:22,9
DA:23,101
DA:24,101
DA:25,101
DA:26,101
DA:27,4
DA:28,4
DA:30,97
DA:31,97
DA:35,9
DA:36,0
DA:39,9
LF:22
LH:20
BRDA:14,0,0,89
BRDA:14,0,1,0
BRDA:26,1,0,4
BRDA:26,1,1,97
BRDA:35,2,0,0
BRDA:35,2,1,9
BRF:6
BRH:4
end_of_record
TN:
SF:src\Assembler\BinaryToDecimal.ts
FN:6,binaryToDecimal
FNF:1
FNH:1
FNDA:5,binaryToDecimal
DA:6,3
DA:7,5
DA:8,5
DA:9,1
DA:11,4
DA:12,4
DA:13,4
DA:14,60
DA:15,60
DA:17,4
DA:18,4
DA:20,4
LF:12
LH:12
BRDA:8,0,0,1
BRDA:8,0,1,4
BRF:2
BRH:2
end_of_record
TN:
SF:src\Assembler\DecimalToBinary.ts
FN:15,decimalToBinary
FNF:1
FNH:1
FNDA:245,decimalToBinary
DA:1,5
DA:2,5
DA:3,5
DA:15,5
DA:16,245
DA:17,245
DA:19,245
DA:20,5
DA:21,47
DA:23,5
DA:26,240
DA:27,6
DA:28,6
DA:31,240
DA:32,240
DA:33,1051
DA:34,1051
DA:37,240
DA:38,240
DA:39,1051
DA:42,240
DA:43,810
DA:46,240
DA:47,6
DA:48,6
DA:51,240
LF:26
LH:26
BRDA:19,0,0,5
BRDA:19,0,1,240
BRDA:26,1,0,6
BRDA:26,1,1,234
BRDA:46,2,0,6
BRDA:46,2,1,234
BRF:6
BRH:6
end_of_record
TN:
SF:src\Assembler\Decoder.ts
FN:5,(anonymous_0)
FN:24,(anonymous_1)
FN:35,(anonymous_2)
FN:43,(anonymous_3)
FNF:4
FNH:4
FNDA:9,(anonymous_0)
FNDA:55,(anonymous_1)
FNDA:36,(anonymous_2)
FNDA:37,(anonymous_3)
DA:5,3
DA:9,9
DA:13,9
DA:17,9
DA:25,55
DA:27,55
DA:28,55
DA:36,36
DA:44,37
LF:9
LH:9
BRF:0
BRH:0
end_of_record
TN:
SF:src\Assembler\DecoderForI.ts
FN:22,(anonymous_0)
FN:30,(anonymous_1)
FN:38,(anonymous_2)
FN:126,(anonymous_3)
FN:135,(anonymous_4)
FNF:5
FNH:5
FNDA:3,(anonymous_0)
FNDA:29,(anonymous_1)
FNDA:30,(anonymous_2)
FNDA:30,(anonymous_3)
FNDA:10,(anonymous_4)
DA:1,3
DA:2,3
DA:3,3
DA:9,3
DA:13,3
DA:17,3
DA:23,3
DA:31,29
DA:39,30
DA:40,30
DA:41,30
DA:42,30
DA:43,30
DA:44,2
DA:45,2
DA:46,2
DA:47,28
DA:48,3
DA:49,3
DA:50,3
DA:51,3
DA:52,25
DA:58,11
DA:59,11
DA:60,11
DA:61,11
DA:63,14
DA:64,14
DA:65,14
DA:66,2
DA:67,2
DA:69,12
DA:70,12
DA:71,12
DA:72,12
DA:73,12
DA:74,12
DA:77,28
DA:78,28
DA:79,28
DA:82,28
DA:83,3
DA:84,3
DA:85,25
DA:86,2
DA:87,2
DA:91,23
DA:93,23
DA:94,45
DA:95,45
DA:96,1
DA:97,1
DA:98,44
DA:99,4
DA:100,40
DA:101,39
DA:102,38
DA:103,38
DA:104,0
DA:105,0
DA:107,38
DA:110,1
DA:111,1
DA:114,1
DA:115,1
DA:119,20
DA:127,30
DA:128,30
DA:136,10
LF:69
LH:67
BRDA:43,0,0,2
BRDA:43,0,1,28
BRDA:47,1,0,3
BRDA:47,1,1,25
BRDA:47,2,0,28
BRDA:47,2,1,26
BRDA:52,3,0,11
BRDA:52,3,1,14
BRDA:52,4,0,25
BRDA:52,4,1,20
BRDA:52,4,2,19
BRDA:52,4,3,18
BRDA:52,4,4,16
BRDA:52,4,5,15
BRDA:65,5,0,2
BRDA:65,5,1,12
BRDA:65,6,0,14
BRDA:65,6,1,13
BRDA:82,7,0,3
BRDA:82,7,1,25
BRDA:85,8,0,2
BRDA:85,8,1,23
BRDA:85,9,0,25
BRDA:85,9,1,24
BRDA:95,10,0,1
BRDA:95,10,1,44
BRDA:95,11,0,45
BRDA:95,11,1,42
BRDA:95,11,2,3
BRDA:98,12,0,4
BRDA:98,12,1,40
BRDA:98,13,0,44
BRDA:98,13,1,42
BRDA:98,13,2,41
BRDA:98,13,3,2
BRDA:100,14,0,39
BRDA:100,14,1,1
BRDA:100,15,0,40
BRDA:100,15,1,39
BRDA:101,16,0,38
BRDA:101,16,1,1
BRDA:103,17,0,0
BRDA:103,17,1,38
BRF:43
BRH:42
end_of_record
TN:
SF:src\Assembler\DecoderForJ.ts
FN:21,(anonymous_0)
FN:29,(anonymous_1)
FN:37,(anonymous_2)
FN:53,(anonymous_3)
FN:62,(anonymous_4)
FNF:5
FNH:5
FNDA:3,(anonymous_0)
FNDA:6,(anonymous_1)
FNDA:4,(anonymous_2)
FNDA:4,(anonymous_3)
FNDA:2,(anonymous_4)
DA:1,3
DA:2,3
DA:8,3
DA:12,3
DA:16,3
DA:22,3
DA:30,6
DA:38,4
DA:39,4
DA:40,4
DA:42,4
DA:43,2
DA:44,2
DA:46,2
DA:54,4
DA:55,4
DA:63,2
LF:17
LH:17
BRDA:42,0,0,2
BRDA:42,0,1,2
BRF:2
BRH:2
end_of_record
TN:
SF:src\Assembler\DecoderForR.ts
FN:22,(anonymous_0)
FN:30,(anonymous_1)
FN:38,(anonymous_2)
FN:100,(anonymous_3)
FN:109,(anonymous_4)
FNF:5
FNH:5
FNDA:3,(anonymous_0)
FNDA:22,(anonymous_1)
FNDA:21,(anonymous_2)
FNDA:21,(anonymous_3)
FNDA:6,(anonymous_4)
DA:1,3
DA:2,3
DA:3,3
DA:9,3
DA:13,3
DA:17,3
DA:23,3
DA:31,22
DA:39,21
DA:40,21
DA:41,21
DA:42,21
DA:43,21
DA:44,21
DA:45,21
DA:46,21
DA:47,21
DA:48,1
DA:49,20
DA:50,9
DA:51,9
DA:52,9
DA:53,9
DA:54,9
DA:55,3
DA:56,3
DA:59,11
DA:60,11
DA:61,11
DA:62,11
DA:66,18
DA:68,18
DA:69,54
DA:70,54
DA:71,1
DA:72,1
DA:73,53
DA:74,8
DA:75,45
DA:76,44
DA:77,43
DA:78,43
DA:79,0
DA:80,0
DA:82,43
DA:85,1
DA:86,1
DA:89,1
DA:90,1
DA:93,15
DA:101,21
DA:102,21
DA:110,6
LF:53
LH:51
BRDA:47,0,0,1
BRDA:47,0,1,20
BRDA:49,1,0,9
BRDA:49,1,1,11
BRDA:49,2,0,20
BRDA:49,2,1,16
BRDA:49,2,2,15
BRDA:54,3,0,3
BRDA:54,3,1,6
BRDA:54,4,0,9
BRDA:54,4,1,8
BRDA:54,4,2,7
BRDA:54,4,3,7
BRDA:70,5,0,1
BRDA:70,5,1,53
BRDA:70,6,0,54
BRDA:70,6,1,45
BRDA:70,6,2,1
BRDA:73,7,0,8
BRDA:73,7,1,45
BRDA:73,8,0,53
BRDA:73,8,1,45
BRDA:73,8,2,44
BRDA:73,8,3,0
BRDA:75,9,0,44
BRDA:75,9,1,1
BRDA:75,10,0,45
BRDA:75,10,1,44
BRDA:76,11,0,43
BRDA:76,11,1,1
BRDA:78,12,0,0
BRDA:78,12,1,43
BRF:32
BRH:30
end_of_record
TN:
SF:src\Assembler\Instruction.ts
FN:23,(anonymous_0)
FN:34,(anonymous_1)
FNF:2
FNH:2
FNDA:87,(anonymous_0)
FNDA:87,(anonymous_1)
DA:5,4
DA:24,87
DA:25,87
DA:26,87
DA:27,87
DA:35,87
LF:6
LH:6
BRF:0
BRH:0
end_of_record
TN:
SF:src\Assembler\InstructionI.ts
FN:51,(anonymous_0)
FN:109,(anonymous_1)
FNF:2
FNH:1
FNDA:47,(anonymous_0)
FNDA:0,(anonymous_1)
DA:1,4
DA:2,4
DA:3,4
DA:9,4
DA:42,47
DA:52,47
DA:53,47
DA:54,47
DA:55,0
DA:56,0
DA:58,47
DA:61,47
DA:62,47
DA:63,3
DA:64,3
DA:65,3
DA:66,3
DA:67,3
DA:68,3
DA:69,3
DA:70,44
DA:71,5
DA:72,5
DA:73,5
DA:74,5
DA:75,5
DA:76,5
DA:77,5
DA:78,39
DA:84,17
DA:85,17
DA:86,17
DA:87,17
DA:88,17
DA:89,17
DA:90,17
DA:92,22
DA:93,22
DA:94,22
DA:95,22
DA:96,22
DA:97,22
DA:98,22
DA:99,22
DA:100,22
DA:102,47
DA:110,0
LF:47
LH:44
BRDA:54,0,0,0
BRDA:54,0,1,47
BRDA:62,1,0,3
BRDA:62,1,1,44
BRDA:70,2,0,5
BRDA:70,2,1,39
BRDA:70,3,0,44
BRDA:70,3,1,41
BRDA:78,4,0,17
BRDA:78,4,1,22
BRDA:78,5,0,39
BRDA:78,5,1,33
BRDA:78,5,2,31
BRDA:78,5,3,29
BRDA:78,5,4,26
BRDA:78,5,5,24
BRF:16
BRH:15
end_of_record
TN:
SF:src\Assembler\InstructionJ.ts
FN:35,(anonymous_0)
FN:56,(anonymous_1)
FNF:2
FNH:1
FNDA:6,(anonymous_0)
FNDA:0,(anonymous_1)
DA:1,4
DA:2,4
DA:3,4
DA:9,4
DA:26,6
DA:36,6
DA:37,6
DA:38,6
DA:39,0
DA:40,0
DA:42,6
DA:45,6
DA:46,6
DA:47,6
DA:49,6
DA:57,0
LF:16
LH:13
BRDA:38,0,0,0
BRDA:38,0,1,6
BRF:2
BRH:1
end_of_record
TN:
SF:src\Assembler\InstructionR.ts
FN:59,(anonymous_0)
FN:105,(anonymous_1)
FNF:2
FNH:1
FNDA:34,(anonymous_0)
FNDA:0,(anonymous_1)
DA:1,4
DA:2,4
DA:3,4
DA:9,4
DA:50,34
DA:60,34
DA:61,34
DA:62,34
DA:63,34
DA:64,0
DA:65,0
DA:67,34
DA:70,34
DA:71,34
DA:72,2
DA:73,2
DA:74,2
DA:75,2
DA:76,2
DA:77,2
DA:78,2
DA:79,32
DA:80,12
DA:81,12
DA:82,12
DA:83,12
DA:84,12
DA:85,12
DA:86,12
DA:87,12
DA:89,20
DA:90,20
DA:91,20
DA:92,20
DA:93,20
DA:94,20
DA:95,20
DA:96,20
DA:98,34
DA:106,0
LF:40
LH:37
BRDA:63,0,0,0
BRDA:63,0,1,34
BRDA:71,1,0,2
BRDA:71,1,1,32
BRDA:79,2,0,12
BRDA:79,2,1,20
BRDA:79,3,0,32
BRDA:79,3,1,27
BRDA:79,3,2,25
BRF:9
BRH:8
end_of_record
TN:
SF:src\Assembler\MapForCommaNum.ts
FN:61,(anonymous_0)
FN:67,(anonymous_1)
FNF:2
FNH:1
FNDA:0,(anonymous_0)
FNDA:15,(anonymous_1)
DA:4,2
DA:9,2
DA:68,15
LF:3
LH:3
BRF:0
BRH:0
end_of_record
TN:
SF:src\Assembler\MapForI.ts
FN:32,(anonymous_0)
FN:38,(anonymous_1)
FNF:2
FNH:1
FNDA:0,(anonymous_0)
FNDA:47,(anonymous_1)
DA:4,4
DA:9,4
DA:39,47
LF:3
LH:3
BRF:0
BRH:0
end_of_record
TN:
SF:src\Assembler\MapForInsType.ts
FN:64,(anonymous_0)
FN:70,(anonymous_1)
FNF:2
FNH:1
FNDA:0,(anonymous_0)
FNDA:7,(anonymous_1)
DA:5,2
DA:10,2
DA:71,7
LF:3
LH:3
BRF:0
BRH:0
end_of_record
TN:
SF:src\Assembler\MapForJ.ts
FN:17,(anonymous_0)
FN:23,(anonymous_1)
FNF:2
FNH:1
FNDA:0,(anonymous_0)
FNDA:6,(anonymous_1)
DA:4,4
DA:9,4
DA:24,6
LF:3
LH:3
BRF:0
BRH:0
end_of_record
TN:
SF:src\Assembler\MapForR.ts
FN:28,(anonymous_0)
FN:34,(anonymous_1)
FNF:2
FNH:1
FNDA:0,(anonymous_0)
FNDA:34,(anonymous_1)
DA:4,4
DA:9,4
DA:35,34
LF:3
LH:3
BRF:0
BRH:0
end_of_record
TN:
SF:src\Assembler\MapForRegister.ts
FN:47,(anonymous_0)
FN:53,(anonymous_1)
FNF:2
FNH:1
FNDA:0,(anonymous_0)
FNDA:164,(anonymous_1)
DA:4,3
DA:9,3
DA:54,164
LF:3
LH:3
BRF:0
BRH:0
end_of_record
TN:
SF:src\Assembler\Stack.ts
FN:16,(anonymous_0)
FN:25,(anonymous_1)
FN:33,(anonymous_2)
FN:41,(anonymous_3)
FN:49,(anonymous_4)
FN:57,(anonymous_5)
FN:65,(anonymous_6)
FN:73,(anonymous_7)
FN:81,(anonymous_8)
FNF:9
FNH:4
FNDA:240,(anonymous_0)
FNDA:1051,(anonymous_1)
FNDA:1051,(anonymous_2)
FNDA:0,(anonymous_3)
FNDA:0,(anonymous_4)
FNDA:240,(anonymous_5)
FNDA:0,(anonymous_6)
FNDA:0,(anonymous_7)
FNDA:0,(anonymous_8)
DA:6,5
DA:17,240
DA:26,1051
DA:34,1051
DA:42,0
DA:50,0
DA:58,240
DA:66,0
DA:74,0
DA:82,0
LF:10
LH:5
BRF:0
BRH:0
end_of_record
TN:
SF:src\Assembler\TransformZeroOne.ts
FN:6,transformZeroOne
FNF:1
FNH:1
FNDA:9,transformZeroOne
DA:6,6
DA:7,9
DA:9,9
DA:10,113
DA:11,97
DA:12,16
DA:13,16
DA:15,0
DA:16,0
DA:19,9
LF:10
LH:8
BRDA:10,0,0,97
BRDA:10,0,1,16
BRDA:12,1,0,16
BRDA:12,1,1,0
BRF:4
BRH:3
end_of_record
TN:
SF:src\Assembler\TrimSpace.ts
FN:6,trimSpace
FNF:1
FNH:1
FNDA:7,trimSpace
DA:6,3
DA:7,7
DA:8,7
DA:9,7
DA:10,7
DA:11,7
DA:12,7
DA:13,7
LF:8
LH:8
BRF:0
BRH:0
end_of_record
TN:
SF:src\CPU\Single-CycleCPU.ts
FN:39,(anonymous_0)
FN:50,(anonymous_1)
FN:62,(anonymous_2)
FN:70,(anonymous_3)
FN:97,(anonymous_4)
FN:107,(anonymous_5)
FN:118,(anonymous_6)
FN:141,(anonymous_7)
FN:150,(anonymous_8)
FN:159,(anonymous_9)
FN:171,(anonymous_10)
FN:200,(anonymous_11)
FN:211,(anonymous_12)
FN:224,(anonymous_13)
FN:243,(anonymous_14)
FN:252,(anonymous_15)
FN:272,(anonymous_16)
FN:281,(anonymous_17)
FN:300,(anonymous_18)
FN:307,(anonymous_19)
FN:338,(anonymous_20)
FN:349,(anonymous_21)
FN:360,(anonymous_22)
FN:377,(anonymous_23)
FN:386,(anonymous_24)
FN:395,(anonymous_25)
FN:403,(anonymous_26)
FN:433,(anonymous_27)
FN:444,(anonymous_28)
FN:457,(anonymous_29)
FN:467,(anonymous_30)
FN:529,(anonymous_31)
FN:545,(anonymous_32)
FN:570,(anonymous_33)
FN:700,(anonymous_34)
FN:724,(anonymous_35)
FN:742,(anonymous_36)
FN:755,(anonymous_37)
FN:837,(anonymous_38)
FN:846,(anonymous_39)
FN:881,(anonymous_40)
FN:887,(anonymous_41)
FN:902,(anonymous_42)
FN:925,(anonymous_43)
FN:945,(anonymous_44)
FN:949,(anonymous_45)
FN:960,(anonymous_46)
FN:962,(anonymous_47)
FN:977,(anonymous_48)
FN:985,(anonymous_49)
FN:993,(anonymous_50)
FN:1005,(anonymous_51)
FN:1017,(anonymous_52)
FN:1078,(anonymous_53)
FNF:54
FNH:44
FNDA:12,(anonymous_0)
FNDA:12,(anonymous_1)
FNDA:2125,(anonymous_2)
FNDA:226,(anonymous_3)
FNDA:12,(anonymous_4)
FNDA:0,(anonymous_5)
FNDA:226,(anonymous_6)
FNDA:12,(anonymous_7)
FNDA:428,(anonymous_8)
FNDA:226,(anonymous_9)
FNDA:202,(anonymous_10)
FNDA:12,(anonymous_11)
FNDA:202,(anonymous_12)
FNDA:202,(anonymous_13)
FNDA:12,(anonymous_14)
FNDA:202,(anonymous_15)
FNDA:202,(anonymous_16)
FNDA:102,(anonymous_17)
FNDA:202,(anonymous_18)
FNDA:204,(anonymous_19)
FNDA:12,(anonymous_20)
FNDA:202,(anonymous_21)
FNDA:1328,(anonymous_22)
FNDA:12,(anonymous_23)
FNDA:202,(anonymous_24)
FNDA:913,(anonymous_25)
FNDA:1115,(anonymous_26)
FNDA:12,(anonymous_27)
FNDA:913,(anonymous_28)
FNDA:1112,(anonymous_29)
FNDA:1112,(anonymous_30)
FNDA:12,(anonymous_31)
FNDA:202,(anonymous_32)
FNDA:202,(anonymous_33)
FNDA:12,(anonymous_34)
FNDA:202,(anonymous_35)
FNDA:0,(anonymous_36)
FNDA:0,(anonymous_37)
FNDA:0,(anonymous_38)
FNDA:101,(anonymous_39)
FNDA:101,(anonymous_40)
FNDA:6,(anonymous_41)
FNDA:0,(anonymous_42)
FNDA:0,(anonymous_43)
FNDA:71,(anonymous_44)
FNDA:2272,(anonymous_45)
FNDA:11,(anonymous_46)
FNDA:101,(anonymous_47)
FNDA:0,(anonymous_48)
FNDA:66,(anonymous_49)
FNDA:0,(anonymous_50)
FNDA:66,(anonymous_51)
FNDA:0,(anonymous_52)
FNDA:0,(anonymous_53)
DA:1,1
DA:2,1
DA:3,1
DA:4,1
DA:5,1
DA:6,1
DA:7,1
DA:8,1
DA:11,1
DA:12,1
DA:13,1
DA:14,1
DA:15,1
DA:17,1
DA:18,1
DA:19,1
DA:40,12
DA:41,12
DA:42,12
DA:43,12
DA:44,12
DA:51,12
DA:52,0
DA:54,12
DA:55,12
DA:63,2125
DA:71,226
DA:72,226
DA:73,226
DA:98,12
DA:99,12
DA:100,12
DA:108,0
DA:109,0
DA:119,226
DA:120,226
DA:121,226
DA:142,12
DA:143,12
DA:151,428
DA:152,428
DA:160,226
DA:161,0
DA:162,226
DA:163,226
DA:164,226
DA:172,202
DA:173,0
DA:174,202
DA:175,202
DA:176,202
DA:201,12
DA:202,12
DA:203,12
DA:212,202
DA:213,202
DA:214,202
DA:215,202
DA:225,202
DA:226,202
DA:238,12
DA:244,12
DA:253,202
DA:254,202
DA:255,100
DA:257,102
DA:258,102
DA:259,102
DA:260,102
DA:261,102
DA:262,102
DA:273,202
DA:274,202
DA:282,102
DA:283,102
DA:284,102
DA:285,30
DA:288,72
DA:289,8
DA:291,64
DA:301,202
DA:308,204
DA:339,12
DA:340,12
DA:341,12
DA:342,12
DA:350,202
DA:351,202
DA:352,202
DA:353,202
DA:361,1328
DA:378,12
DA:379,12
DA:387,202
DA:388,202
DA:396,913
DA:397,913
DA:404,1115
DA:405,1115
DA:434,12
DA:435,12
DA:436,12
DA:437,12
DA:445,913
DA:446,913
DA:447,20
DA:449,913
DA:458,1112
DA:459,1112
DA:460,1112
DA:468,1112
DA:469,1112
DA:470,155
DA:472,1112
DA:473,70
DA:475,1042
DA:476,48
DA:478,994
DA:481,1112
DA:530,12
DA:531,12
DA:532,12
DA:533,12
DA:534,12
DA:535,12
DA:536,12
DA:537,12
DA:546,202
DA:547,202
DA:550,202
DA:551,202
DA:554,202
DA:555,202
DA:556,202
DA:557,202
DA:558,202
DA:559,202
DA:560,202
DA:561,202
DA:571,202
DA:572,202
DA:573,72
DA:575,130
DA:576,12
DA:578,118
DA:591,1
DA:595,12
DA:599,12
DA:603,12
DA:607,12
DA:611,12
DA:615,12
DA:619,12
DA:623,12
DA:627,12
DA:631,12
DA:635,12
DA:639,12
DA:643,12
DA:647,12
DA:651,12
DA:655,12
DA:659,12
DA:663,12
DA:667,12
DA:671,12
DA:675,12
DA:678,12
DA:679,12
DA:680,12
DA:681,12
DA:682,12
DA:683,12
DA:684,12
DA:685,12
DA:686,12
DA:687,12
DA:688,12
DA:689,12
DA:690,12
DA:691,12
DA:692,12
DA:693,12
DA:694,12
DA:695,12
DA:701,12
DA:702,12
DA:703,12
DA:704,12
DA:707,12
DA:708,12
DA:709,12
DA:710,12
DA:711,12
DA:713,12
DA:725,202
DA:726,202
DA:727,202
DA:728,202
DA:743,0
DA:744,0
DA:745,0
DA:746,0
DA:747,0
DA:748,0
DA:756,0
DA:757,0
DA:758,0
DA:759,0
DA:760,0
DA:762,0
DA:763,0
DA:764,0
DA:765,0
DA:766,0
DA:767,0
DA:768,0
DA:770,0
DA:772,0
DA:774,0
DA:775,0
DA:776,0
DA:777,0
DA:778,0
DA:779,0
DA:780,0
DA:782,0
DA:783,0
DA:785,0
DA:788,0
DA:789,0
DA:790,0
DA:791,0
DA:792,0
DA:793,0
DA:794,0
DA:797,0
DA:798,0
DA:799,0
DA:800,0
DA:802,0
DA:805,0
DA:806,0
DA:807,0
DA:808,0
DA:809,0
DA:812,0
DA:813,0
DA:814,0
DA:815,0
DA:816,0
DA:819,0
DA:820,0
DA:821,0
DA:823,0
DA:824,0
DA:825,0
DA:827,0
DA:828,0
DA:829,0
DA:839,0
DA:847,101
DA:848,101
DA:849,0
DA:853,101
DA:854,101
DA:855,101
DA:856,101
DA:857,101
DA:858,101
DA:859,101
DA:860,101
DA:861,101
DA:862,101
DA:863,101
DA:864,101
DA:865,101
DA:866,101
DA:867,101
DA:868,101
DA:869,101
DA:870,101
DA:871,101
DA:872,101
DA:874,101
DA:882,101
DA:883,101
DA:884,3
DA:885,3
DA:886,3
DA:887,3
DA:888,6
DA:890,3
DA:892,98
DA:903,0
DA:904,0
DA:905,0
DA:906,0
DA:907,0
DA:908,0
DA:910,0
DA:911,0
DA:912,0
DA:913,0
DA:914,0
DA:915,0
DA:917,0
DA:918,0
DA:926,0
DA:927,0
DA:928,0
DA:929,0
DA:930,0
DA:931,0
DA:932,0
DA:933,0
DA:934,0
DA:935,0
DA:936,0
DA:946,71
DA:947,71
DA:948,71
DA:950,2272
DA:953,71
DA:961,11
DA:962,11
DA:963,101
DA:964,0
DA:965,101
DA:966,101
DA:967,101
DA:968,101
DA:978,0
DA:986,66
DA:994,0
DA:995,0
DA:996,0
DA:998,0
DA:1006,66
DA:1007,66
DA:1008,2
DA:1010,66
DA:1018,0
DA:1019,0
DA:1020,0
DA:1022,0
DA:1023,0
DA:1024,0
DA:1025,0
DA:1026,0
DA:1027,0
DA:1028,0
DA:1029,0
DA:1030,0
DA:1033,0
DA:1034,0
DA:1035,0
DA:1036,0
DA:1037,0
DA:1040,0
DA:1042,0
DA:1043,0
DA:1044,0
DA:1045,0
DA:1046,0
DA:1047,0
DA:1048,0
DA:1049,0
DA:1050,0
DA:1054,0
DA:1056,0
DA:1057,0
DA:1058,0
DA:1059,0
DA:1062,0
DA:1063,0
DA:1064,0
DA:1067,0
DA:1068,0
DA:1069,0
DA:1071,0
DA:1072,0
LF:382
LH:243
BRDA:51,0,0,0
BRDA:51,0,1,12
BRDA:160,1,0,0
BRDA:160,1,1,226
BRDA:172,2,0,0
BRDA:172,2,1,202
BRDA:254,3,0,100
BRDA:254,3,1,102
BRDA:254,4,0,202
BRDA:254,4,1,104
BRDA:284,5,0,30
BRDA:284,5,1,72
BRDA:284,6,0,102
BRDA:284,6,1,72
BRDA:288,7,0,8
BRDA:288,7,1,64
BRDA:288,8,0,72
BRDA:288,8,1,72
BRDA:288,8,2,68
BRDA:446,9,0,20
BRDA:446,9,1,893
BRDA:469,10,0,155
BRDA:469,10,1,957
BRDA:472,11,0,70
BRDA:472,11,1,1042
BRDA:475,12,0,48
BRDA:475,12,1,994
BRDA:475,13,0,1042
BRDA:475,13,1,432
BRDA:572,14,0,72
BRDA:572,14,1,130
BRDA:575,15,0,12
BRDA:575,15,1,118
BRDA:575,16,0,130
BRDA:575,16,1,126
BRDA:575,16,2,122
BRDA:743,17,0,0
BRDA:743,17,1,0
BRDA:758,18,0,0
BRDA:758,18,1,0
BRDA:762,19,0,0
BRDA:762,19,1,0
BRDA:765,20,0,0
BRDA:765,20,1,0
BRDA:774,21,0,0
BRDA:774,21,1,0
BRDA:777,22,0,0
BRDA:777,22,1,0
BRDA:788,23,0,0
BRDA:788,23,1,0
BRDA:791,24,0,0
BRDA:791,24,1,0
BRDA:805,25,0,0
BRDA:805,25,1,0
BRDA:812,26,0,0
BRDA:812,26,1,0
BRDA:819,27,0,0
BRDA:819,27,1,0
BRDA:848,28,0,0
BRDA:848,28,1,101
BRDA:883,29,0,3
BRDA:883,29,1,98
BRDA:963,30,0,0
BRDA:963,30,1,101
BRDA:1022,31,0,0
BRDA:1022,31,1,0
BRDA:1026,32,0,0
BRDA:1026,32,1,0
BRDA:1033,33,0,0
BRDA:1033,33,1,0
BRDA:1040,34,0,0
BRDA:1040,34,1,0
BRDA:1054,35,0,0
BRDA:1054,35,1,0
BRF:74
BRH:37
end_of_record
TN:
SF:src\Circuit\ALU.ts
FN:74,(anonymous_0)
FN:89,(anonymous_1)
FN:98,(anonymous_2)
FN:184,(anonymous_3)
FN:197,(anonymous_4)
FN:218,(anonymous_5)
FN:233,(anonymous_6)
FN:243,(anonymous_7)
FN:251,(anonymous_8)
FN:259,(anonymous_9)
FN:267,(anonymous_10)
FN:275,(anonymous_11)
FN:283,(anonymous_12)
FNF:13
FNH:12
FNDA:12,(anonymous_0)
FNDA:2325,(anonymous_1)
FNDA:1112,(anonymous_2)
FNDA:16,(anonymous_3)
FNDA:913,(anonymous_4)
FNDA:913,(anonymous_5)
FNDA:0,(anonymous_6)
FNDA:304,(anonymous_7)
FNDA:202,(anonymous_8)
FNDA:606,(anonymous_9)
FNDA:1112,(anonymous_10)
FNDA:204,(anonymous_11)
FNDA:913,(anonymous_12)
DA:1,1
DA:2,1
DA:3,1
DA:4,1
DA:5,1
DA:6,1
DA:8,1
DA:9,1
DA:23,1
DA:35,12
DA:51,12
DA:63,12
DA:67,12
DA:75,12
DA:76,12
DA:77,12
DA:78,12
DA:79,12
DA:80,12
DA:81,12
DA:82,12
DA:90,2325
DA:99,1112
DA:100,199
DA:101,199
DA:102,199
DA:103,199
DA:104,74
DA:105,7
DA:106,28
DA:109,67
DA:110,535
DA:113,74
DA:115,125
DA:116,125
DA:117,545
DA:120,199
DA:121,199
DA:125,913
DA:126,913
DA:127,913
DA:128,913
DA:129,7
DA:130,913
DA:131,338
DA:133,913
DA:134,316
DA:135,203
DA:137,113
DA:141,913
DA:142,913
DA:143,913
DA:144,913
DA:145,913
DA:146,913
DA:147,113
DA:148,113
DA:149,113
DA:150,49
DA:152,64
DA:155,800
DA:156,118
DA:158,800
DA:159,32
DA:161,800
DA:162,24
DA:164,800
DA:165,626
DA:168,913
DA:170,913
DA:171,16
DA:173,913
DA:175,913
DA:185,16
DA:186,10
DA:187,6
DA:188,6
DA:199,913
DA:200,113
DA:201,52
DA:203,61
DA:206,800
DA:207,94
DA:209,706
DA:219,913
DA:220,14774
DA:221,694
DA:222,694
DA:225,219
DA:234,0
DA:235,0
DA:236,0
DA:237,0
DA:244,304
DA:245,304
DA:252,202
DA:253,202
DA:260,606
DA:261,606
DA:268,1112
DA:276,204
DA:284,913
LF:102
LH:98
BRDA:99,0,0,199
BRDA:99,0,1,913
BRDA:99,1,0,1112
BRDA:99,1,1,1045
BRDA:99,1,2,920
BRDA:100,2,0,125
BRDA:100,2,1,74
BRDA:103,3,0,74
BRDA:103,3,1,125
BRDA:104,4,0,7
BRDA:104,4,1,67
BRDA:104,5,0,74
BRDA:104,5,1,7
BRDA:128,6,0,7
BRDA:128,6,1,906
BRDA:130,7,0,338
BRDA:130,7,1,575
BRDA:133,8,0,316
BRDA:133,8,1,597
BRDA:134,9,0,203
BRDA:134,9,1,113
BRDA:146,10,0,113
BRDA:146,10,1,800
BRDA:149,11,0,49
BRDA:149,11,1,64
BRDA:155,12,0,118
BRDA:155,12,1,682
BRDA:155,13,0,800
BRDA:155,13,1,744
BRDA:158,14,0,32
BRDA:158,14,1,768
BRDA:158,15,0,800
BRDA:158,15,1,56
BRDA:161,16,0,24
BRDA:161,16,1,776
BRDA:161,17,0,800
BRDA:161,17,1,56
BRDA:164,18,0,626
BRDA:164,18,1,174
BRDA:164,19,0,800
BRDA:164,19,1,744
BRDA:170,20,0,16
BRDA:170,20,1,897
BRDA:185,21,0,10
BRDA:185,21,1,6
BRDA:199,22,0,113
BRDA:199,22,1,800
BRDA:200,23,0,52
BRDA:200,23,1,61
BRDA:206,24,0,94
BRDA:206,24,1,706
BRDA:206,25,0,800
BRDA:206,25,1,63
BRDA:206,25,2,31
BRDA:206,25,3,796
BRDA:206,25,4,737
BRDA:206,25,5,566
BRDA:220,26,0,694
BRDA:220,26,1,14080
BRF:59
BRH:59
end_of_record
TN:
SF:src\Circuit\Adder.ts
FN:35,(anonymous_0)
FN:49,(anonymous_1)
FN:59,(anonymous_2)
FN:70,(anonymous_3)
FN:84,(anonymous_4)
FN:101,(anonymous_5)
FN:112,(anonymous_6)
FN:119,(anonymous_7)
FN:128,(anonymous_8)
FN:137,(anonymous_9)
FNF:10
FNH:10
FNDA:36,(anonymous_0)
FNDA:1603,(anonymous_1)
FNDA:101,(anonymous_2)
FNDA:49693,(anonymous_3)
FNDA:1603,(anonymous_4)
FNDA:1139,(anonymous_5)
FNDA:1563,(anonymous_6)
FNDA:1769,(anonymous_7)
FNDA:913,(anonymous_8)
FNDA:913,(anonymous_9)
DA:1,1
DA:2,1
DA:3,1
DA:4,1
DA:5,1
DA:10,1
DA:36,36
DA:37,36
DA:38,36
DA:39,36
DA:40,36
DA:41,36
DA:50,1603
DA:51,1603
DA:52,1603
DA:60,101
DA:71,49693
DA:72,49693
DA:73,49693
DA:74,49693
DA:75,49693
DA:76,49693
DA:85,1603
DA:86,1603
DA:87,1603
DA:88,1603
DA:89,49693
DA:92,1603
DA:93,1603
DA:102,1139
DA:103,1139
DA:104,1139
DA:113,1563
DA:120,1769
DA:129,913
DA:138,913
LF:36
LH:36
BRF:0
BRH:0
end_of_record
TN:
SF:src\Circuit\ControlUnits.ts
FN:82,(anonymous_0)
FN:89,(anonymous_1)
FN:109,(anonymous_2)
FN:120,(anonymous_3)
FN:146,(anonymous_4)
FN:254,(anonymous_5)
FN:275,(anonymous_6)
FN:283,(anonymous_7)
FN:290,(anonymous_8)
FN:333,(anonymous_9)
FN:343,(anonymous_10)
FN:359,(anonymous_11)
FN:365,(anonymous_12)
FN:376,(anonymous_13)
FN:383,(anonymous_14)
FN:397,(anonymous_15)
FN:439,(anonymous_16)
FNF:17
FNH:16
FNDA:12,(anonymous_0)
FNDA:202,(anonymous_1)
FNDA:202,(anonymous_2)
FNDA:0,(anonymous_3)
FNDA:202,(anonymous_4)
FNDA:202,(anonymous_5)
FNDA:404,(anonymous_6)
FNDA:100,(anonymous_7)
FNDA:101,(anonymous_8)
FNDA:12,(anonymous_9)
FNDA:202,(anonymous_10)
FNDA:102,(anonymous_11)
FNDA:612,(anonymous_12)
FNDA:102,(anonymous_13)
FNDA:216,(anonymous_14)
FNDA:216,(anonymous_15)
FNDA:304,(anonymous_16)
DA:1,1
DA:2,1
DA:10,1
DA:14,12
DA:18,12
DA:22,12
DA:26,12
DA:30,12
DA:34,12
DA:39,12
DA:43,12
DA:47,12
DA:51,12
DA:55,12
DA:59,12
DA:63,12
DA:67,12
DA:71,12
DA:75,12
DA:79,12
DA:90,202
DA:91,0
DA:92,202
DA:93,202
DA:94,202
DA:95,202
DA:96,202
DA:97,202
DA:98,202
DA:99,202
DA:100,202
DA:101,202
DA:110,202
DA:121,0
DA:125,0
DA:126,0
DA:127,0
DA:128,0
DA:129,0
DA:130,0
DA:131,0
DA:132,0
DA:133,0
DA:134,0
DA:135,0
DA:136,0
DA:147,202
DA:149,202
DA:150,20
DA:151,20
DA:152,20
DA:153,20
DA:154,20
DA:155,20
DA:156,20
DA:157,20
DA:158,20
DA:159,20
DA:160,20
DA:163,182
DA:164,4
DA:165,4
DA:166,4
DA:167,4
DA:168,4
DA:169,4
DA:170,4
DA:171,4
DA:172,4
DA:173,4
DA:174,4
DA:175,4
DA:179,178
DA:180,31
DA:181,31
DA:182,31
DA:183,31
DA:184,31
DA:185,31
DA:186,31
DA:187,31
DA:188,31
DA:189,31
DA:190,31
DA:191,31
DA:194,147
DA:195,4
DA:196,4
DA:197,4
DA:198,4
DA:199,4
DA:200,4
DA:201,4
DA:202,4
DA:203,4
DA:204,4
DA:205,4
DA:206,4
DA:209,143
DA:210,33
DA:211,33
DA:212,33
DA:213,33
DA:214,33
DA:215,33
DA:216,33
DA:217,33
DA:218,33
DA:219,33
DA:220,33
DA:221,33
DA:224,110
DA:225,28
DA:226,28
DA:227,28
DA:228,28
DA:229,28
DA:230,28
DA:231,28
DA:232,28
DA:233,28
DA:234,28
DA:235,28
DA:236,28
DA:255,202
DA:256,202
DA:257,202
DA:259,202
DA:260,202
DA:261,202
DA:262,202
DA:263,202
DA:264,202
DA:265,202
DA:266,202
DA:267,202
DA:268,202
DA:276,404
DA:284,100
DA:291,101
DA:299,1
DA:303,12
DA:307,12
DA:311,12
DA:316,12
DA:320,12
DA:335,12
DA:336,12
DA:344,202
DA:345,202
DA:346,202
DA:347,100
DA:348,100
DA:349,4
DA:351,100
DA:353,102
DA:360,102
DA:361,0
DA:362,102
DA:363,102
DA:364,102
DA:365,102
DA:366,612
DA:368,102
DA:369,102
DA:370,102
DA:377,102
DA:384,216
DA:385,216
DA:386,216
DA:387,216
DA:388,216
DA:389,216
DA:390,216
DA:399,216
DA:400,72
DA:403,144
DA:404,3
DA:406,141
DA:407,8
DA:409,133
DA:411,16
DA:413,117
DA:414,4
DA:417,113
DA:418,41
DA:422,72
DA:423,23
DA:426,49
DA:427,3
DA:430,46
DA:431,0
DA:433,46
DA:440,304
LF:194
LH:178
BRDA:90,0,0,0
BRDA:90,0,1,202
BRDA:125,1,0,0
BRDA:125,1,1,0
BRDA:149,2,0,20
BRDA:149,2,1,182
BRDA:149,3,0,202
BRDA:149,3,1,198
BRDA:163,4,0,4
BRDA:163,4,1,178
BRDA:179,5,0,31
BRDA:179,5,1,147
BRDA:194,6,0,4
BRDA:194,6,1,143
BRDA:209,7,0,33
BRDA:209,7,1,110
BRDA:224,8,0,28
BRDA:224,8,1,82
BRDA:224,9,0,110
BRDA:224,9,1,96
BRDA:255,10,0,202
BRDA:255,10,1,102
BRDA:255,10,2,49
BRDA:255,10,3,18
BRDA:255,10,4,2
BRDA:255,10,5,2
BRDA:256,11,0,202
BRDA:256,11,1,102
BRDA:256,11,2,49
BRDA:256,11,3,18
BRDA:256,11,4,16
BRDA:256,11,5,16
BRDA:257,12,0,202
BRDA:257,12,1,100
BRDA:257,12,2,84
BRDA:257,12,3,8
BRDA:257,12,4,4
BRDA:257,12,5,4
BRDA:259,13,0,202
BRDA:259,13,1,100
BRDA:259,13,2,84
BRDA:259,13,3,76
BRDA:259,13,4,72
BRDA:259,13,5,72
BRDA:260,14,0,202
BRDA:260,14,1,200
BRDA:262,15,0,202
BRDA:262,15,1,130
BRDA:266,16,0,202
BRDA:266,16,1,100
BRDA:266,16,2,84
BRDA:266,16,3,76
BRDA:266,16,4,72
BRDA:266,16,5,72
BRDA:268,17,0,202
BRDA:268,17,1,100
BRDA:268,17,2,16
BRDA:268,17,3,16
BRDA:268,17,4,2
BRDA:268,17,5,2
BRDA:346,18,0,100
BRDA:346,18,1,102
BRDA:346,19,0,202
BRDA:346,19,1,104
BRDA:348,20,0,4
BRDA:348,20,1,96
BRDA:360,21,0,0
BRDA:360,21,1,102
BRDA:384,22,0,216
BRDA:384,22,1,144
BRDA:384,22,2,106
BRDA:385,23,0,216
BRDA:385,23,1,144
BRDA:386,24,0,216
BRDA:386,24,1,144
BRDA:386,24,2,140
BRDA:387,25,0,216
BRDA:387,25,1,8
BRDA:399,26,0,72
BRDA:399,26,1,144
BRDA:399,27,0,216
BRDA:399,27,1,144
BRDA:403,28,0,3
BRDA:403,28,1,141
BRDA:403,29,0,144
BRDA:403,29,1,38
BRDA:403,29,2,26
BRDA:403,29,3,3
BRDA:403,29,4,3
BRDA:403,29,5,3
BRDA:406,30,0,8
BRDA:406,30,1,133
BRDA:406,31,0,141
BRDA:406,31,1,35
BRDA:406,31,2,12
BRDA:406,31,3,8
BRDA:406,31,4,8
BRDA:406,31,5,8
BRDA:409,32,0,16
BRDA:409,32,1,117
BRDA:409,33,0,133
BRDA:409,33,1,27
BRDA:409,33,2,23
BRDA:409,33,3,23
BRDA:409,33,4,16
BRDA:409,33,5,16
BRDA:413,34,0,4
BRDA:413,34,1,113
BRDA:413,35,0,117
BRDA:413,35,1,11
BRDA:413,35,2,7
BRDA:413,35,3,7
BRDA:413,35,4,7
BRDA:413,35,5,7
BRDA:417,36,0,41
BRDA:417,36,1,72
BRDA:417,37,0,113
BRDA:417,37,1,106
BRDA:417,37,2,56
BRDA:417,37,3,49
BRDA:417,37,4,48
BRDA:417,37,5,48
BRDA:422,38,0,23
BRDA:422,38,1,49
BRDA:422,39,0,72
BRDA:422,39,1,65
BRDA:422,39,2,50
BRDA:422,39,3,47
BRDA:422,39,4,31
BRDA:422,39,5,31
BRDA:426,40,0,3
BRDA:426,40,1,46
BRDA:426,41,0,49
BRDA:426,41,1,7
BRDA:426,41,2,3
BRDA:426,41,3,3
BRDA:426,41,4,3
BRDA:426,41,5,3
BRDA:430,42,0,0
BRDA:430,42,1,46
BRDA:430,43,0,46
BRDA:430,43,1,42
BRDA:430,43,2,15
BRDA:430,43,3,7
BRDA:430,43,4,1
BRDA:430,43,5,0
BRF:146
BRH:140
end_of_record
TN:
SF:src\Circuit\DFlipFlop.ts
FN:41,(anonymous_0)
FN:50,(anonymous_1)
FN:66,(anonymous_2)
FN:75,(anonymous_3)
FN:84,(anonymous_4)
FN:92,(anonymous_5)
FN:101,(anonymous_6)
FN:108,(anonymous_7)
FN:116,(anonymous_8)
FN:124,(anonymous_9)
FNF:10
FNH:7
FNDA:12672,(anonymous_0)
FNDA:2314400,(anonymous_1)
FNDA:0,(anonymous_2)
FNDA:1870496,(anonymous_3)
FNDA:768,(anonymous_4)
FNDA:214848,(anonymous_5)
FNDA:0,(anonymous_6)
FNDA:2086112,(anonymous_7)
FNDA:215616,(anonymous_8)
FNDA:0,(anonymous_9)
DA:1,1
DA:2,1
DA:3,1
DA:6,1
DA:13,1
DA:42,12672
DA:43,12672
DA:44,12672
DA:45,12672
DA:46,12672
DA:47,12672
DA:48,12672
DA:49,12672
DA:50,12672
DA:51,2314400
DA:67,0
DA:68,0
DA:76,1870496
DA:77,1870496
DA:85,768
DA:86,768
DA:93,214848
DA:94,214848
DA:102,0
DA:109,2086112
DA:117,215616
DA:125,0
LF:27
LH:23
BRF:0
BRH:0
end_of_record
TN:
SF:src\Circuit\ExceptionReporter.ts
FN:17,(anonymous_0)
FN:25,(anonymous_1)
FN:34,(anonymous_2)
FN:42,(anonymous_3)
FN:50,(anonymous_4)
FN:56,(anonymous_5)
FNF:6
FNH:6
FNDA:1,(anonymous_0)
FNDA:107,(anonymous_1)
FNDA:6,(anonymous_2)
FNDA:101,(anonymous_3)
FNDA:3,(anonymous_4)
FNDA:3,(anonymous_5)
DA:4,1
DA:8,1
DA:12,1
DA:26,107
DA:35,6
DA:43,101
DA:44,98
DA:45,3
DA:51,3
DA:57,3
LF:10
LH:10
BRDA:43,0,0,98
BRDA:43,0,1,3
BRF:2
BRH:2
end_of_record
TN:
SF:src\Circuit\Latch.ts
FN:33,(anonymous_0)
FN:45,(anonymous_1)
FN:53,(anonymous_2)
FN:61,(anonymous_3)
FN:69,(anonymous_4)
FN:76,(anonymous_5)
FN:83,(anonymous_6)
FN:90,(anonymous_7)
FNF:8
FNH:6
FNDA:25344,(anonymous_0)
FNDA:25344,(anonymous_1)
FNDA:12672,(anonymous_2)
FNDA:25344,(anonymous_3)
FNDA:25344,(anonymous_4)
FNDA:0,(anonymous_5)
FNDA:0,(anonymous_6)
FNDA:10671520,(anonymous_7)
DA:1,1
DA:2,1
DA:3,1
DA:4,1
DA:5,1
DA:12,1
DA:35,25344
DA:36,25344
DA:37,25344
DA:38,25344
DA:46,25344
DA:54,12672
DA:62,25344
DA:70,25344
DA:77,0
DA:84,0
DA:91,10671520
DA:92,10671520
DA:93,10671520
DA:94,10671520
DA:95,10671520
DA:96,10671520
LF:22
LH:20
BRF:0
BRH:0
end_of_record
TN:
SF:src\Circuit\Memory.ts
FN:73,(anonymous_0)
FN:88,(anonymous_1)
FN:98,(anonymous_2)
FN:113,(anonymous_3)
FN:122,(anonymous_4)
FN:129,(anonymous_5)
FN:141,(anonymous_6)
FN:152,(anonymous_7)
FN:162,(anonymous_8)
FN:172,(anonymous_9)
FN:183,(anonymous_10)
FN:190,(anonymous_11)
FN:209,(anonymous_12)
FN:241,(anonymous_13)
FN:250,(anonymous_14)
FN:264,(anonymous_15)
FN:276,(anonymous_16)
FN:286,(anonymous_17)
FN:303,(anonymous_18)
FN:304,(anonymous_19)
FN:314,(anonymous_20)
FN:322,(anonymous_21)
FN:323,(anonymous_22)
FN:332,(anonymous_23)
FN:341,(anonymous_24)
FN:352,(anonymous_25)
FN:361,(anonymous_26)
FN:371,(anonymous_27)
FN:383,(anonymous_28)
FN:391,(anonymous_29)
FN:401,(anonymous_30)
FN:418,(anonymous_31)
FN:427,(anonymous_32)
FNF:33
FNH:25
FNDA:12,(anonymous_0)
FNDA:0,(anonymous_1)
FNDA:101,(anonymous_2)
FNDA:1112,(anonymous_3)
FNDA:113,(anonymous_4)
FNDA:226,(anonymous_5)
FNDA:202,(anonymous_6)
FNDA:6124,(anonymous_7)
FNDA:0,(anonymous_8)
FNDA:281,(anonymous_9)
FNDA:238,(anonymous_10)
FNDA:12,(anonymous_11)
FNDA:1,(anonymous_12)
FNDA:202,(anonymous_13)
FNDA:13,(anonymous_14)
FNDA:0,(anonymous_15)
FNDA:0,(anonymous_16)
FNDA:202,(anonymous_17)
FNDA:226,(anonymous_18)
FNDA:1010,(anonymous_19)
FNDA:60,(anonymous_20)
FNDA:416,(anonymous_21)
FNDA:416,(anonymous_22)
FNDA:12,(anonymous_23)
FNDA:1717,(anonymous_24)
FNDA:531,(anonymous_25)
FNDA:404,(anonymous_26)
FNDA:1717,(anonymous_27)
FNDA:66,(anonymous_28)
FNDA:0,(anonymous_29)
FNDA:0,(anonymous_30)
FNDA:0,(anonymous_31)
FNDA:0,(anonymous_32)
DA:1,1
DA:2,1
DA:3,1
DA:4,1
DA:9,1
DA:13,12
DA:17,12
DA:42,12
DA:46,12
DA:50,12
DA:63,12
DA:67,12
DA:74,12
DA:75,12
DA:76,12
DA:77,12
DA:78,12
DA:80,12
DA:81,12
DA:89,0
DA:99,101
DA:100,0
DA:102,101
DA:103,0
DA:104,101
DA:105,101
DA:106,101
DA:114,1112
DA:115,1112
DA:123,113
DA:130,226
DA:131,226
DA:132,226
DA:133,226
DA:142,202
DA:143,147
DA:144,55
DA:145,55
DA:153,6124
DA:154,299
DA:155,5825
DA:163,0
DA:164,0
DA:165,0
DA:173,281
DA:174,0
DA:175,281
DA:184,238
DA:191,12
DA:192,12
DA:193,0
DA:195,12
DA:196,12
DA:197,12
DA:198,0
DA:200,12
DA:201,12
DA:204,12
DA:210,1
DA:211,1
DA:212,0
DA:214,1
DA:215,1
DA:216,1
DA:218,1
DA:219,1
DA:222,1
DA:223,1
DA:226,1
DA:227,1
DA:228,1
DA:229,1
DA:230,0
DA:231,0
DA:232,0
DA:234,1
DA:242,202
DA:243,202
DA:251,13
DA:252,0
DA:253,0
DA:254,0
DA:256,13
DA:265,0
DA:266,0
DA:267,0
DA:268,0
DA:277,0
DA:278,0
DA:279,0
DA:287,202
DA:288,0
DA:291,202
DA:292,2
DA:293,1
DA:294,1
DA:297,201
DA:304,226
DA:305,1010
DA:315,60
DA:323,416
DA:324,416
DA:333,12
DA:342,1717
DA:343,1717
DA:344,1705
DA:345,12
DA:353,531
DA:362,404
DA:363,404
DA:364,404
DA:365,404
DA:372,1717
DA:373,12
DA:375,1705
DA:384,66
DA:392,0
DA:393,0
DA:394,0
DA:402,0
DA:403,0
DA:404,0
DA:405,0
DA:406,0
DA:409,0
DA:410,0
DA:411,0
DA:419,0
DA:428,0
DA:429,0
DA:430,0
DA:431,0
DA:433,0
DA:434,0
LF:134
LH:92
BRDA:73,0,0,12
BRDA:99,1,0,0
BRDA:99,1,1,101
BRDA:102,2,0,0
BRDA:102,2,1,101
BRDA:102,3,0,101
BRDA:102,3,1,101
BRDA:142,4,0,147
BRDA:142,4,1,55
BRDA:153,5,0,299
BRDA:153,5,1,5825
BRDA:163,6,0,0
BRDA:163,6,1,0
BRDA:173,7,0,0
BRDA:173,7,1,281
BRDA:192,8,0,0
BRDA:192,8,1,12
BRDA:197,9,0,0
BRDA:197,9,1,12
BRDA:200,10,0,12
BRDA:200,10,1,0
BRDA:211,11,0,0
BRDA:211,11,1,1
BRDA:216,12,0,1
BRDA:216,12,1,0
BRDA:218,13,0,1
BRDA:218,13,1,0
BRDA:222,14,0,1
BRDA:222,14,1,0
BRDA:229,15,0,0
BRDA:229,15,1,1
BRDA:251,16,0,0
BRDA:251,16,1,13
BRDA:251,17,0,13
BRDA:251,17,1,13
BRDA:265,18,0,0
BRDA:265,18,1,0
BRDA:277,19,0,0
BRDA:277,19,1,0
BRDA:287,20,0,0
BRDA:287,20,1,202
BRDA:287,21,0,202
BRDA:287,21,1,2
BRDA:291,22,0,2
BRDA:291,22,1,200
BRDA:292,23,0,1
BRDA:292,23,1,1
BRDA:343,24,0,1705
BRDA:343,24,1,12
BRDA:372,25,0,12
BRDA:372,25,1,1705
BRDA:405,26,0,0
BRDA:405,26,1,0
BRDA:430,27,0,0
BRDA:430,27,1,0
BRF:55
BRH:32
end_of_record
TN:
SF:src\Circuit\Register.ts
FN:37,(anonymous_0)
FN:48,(anonymous_1)
FN:58,(anonymous_2)
FN:66,(anonymous_3)
FN:68,(anonymous_4)
FN:76,(anonymous_5)
FN:78,(anonymous_6)
FN:88,(anonymous_7)
FN:92,(anonymous_8)
FN:102,(anonymous_9)
FN:107,(anonymous_10)
FN:117,(anonymous_11)
FN:122,(anonymous_12)
FN:130,(anonymous_13)
FN:132,(anonymous_14)
FN:142,(anonymous_15)
FN:150,(anonymous_16)
FN:157,(anonymous_17)
FNF:18
FNH:17
FNDA:396,(anonymous_0)
FNDA:3029,(anonymous_1)
FNDA:55424,(anonymous_2)
FNDA:55424,(anonymous_3)
FNDA:1773568,(anonymous_4)
FNDA:6714,(anonymous_5)
FNDA:214848,(anonymous_6)
FNDA:24,(anonymous_7)
FNDA:768,(anonymous_8)
FNDA:3029,(anonymous_9)
FNDA:96928,(anonymous_10)
FNDA:3029,(anonymous_11)
FNDA:96928,(anonymous_12)
FNDA:6738,(anonymous_13)
FNDA:215616,(anonymous_14)
FNDA:0,(anonymous_15)
FNDA:9673,(anonymous_16)
FNDA:12,(anonymous_17)
DA:1,1
DA:2,1
DA:3,1
DA:4,1
DA:10,1
DA:14,1
DA:27,396
DA:32,396
DA:38,396
DA:39,396
DA:40,12672
DA:49,3029
DA:50,3029
DA:51,3029
DA:59,55424
DA:60,55424
DA:67,55424
DA:68,55424
DA:69,1773568
DA:77,6714
DA:78,6714
DA:79,214848
DA:81,6714
DA:89,24
DA:90,0
DA:91,24
DA:92,24
DA:93,768
DA:95,24
DA:103,3029
DA:104,0
DA:106,3029
DA:107,3029
DA:108,96928
DA:109,0
DA:118,3029
DA:119,0
DA:121,3029
DA:122,3029
DA:123,96928
DA:131,6738
DA:132,6738
DA:133,215616
DA:135,6738
DA:143,0
DA:151,9673
DA:158,12
LF:47
LH:42
BRDA:89,0,0,0
BRDA:89,0,1,24
BRDA:103,1,0,0
BRDA:103,1,1,3029
BRDA:108,2,0,0
BRDA:108,2,1,96928
BRDA:108,3,0,96928
BRDA:108,3,1,12580
BRDA:118,4,0,0
BRDA:118,4,1,3029
BRF:10
BRH:6
end_of_record
TN:
SF:src\Circuit\RegisterFile.ts
FN:65,(anonymous_0)
FN:90,(anonymous_1)
FN:102,(anonymous_2)
FN:112,(anonymous_3)
FN:120,(anonymous_4)
FN:127,(anonymous_5)
FN:136,(anonymous_6)
FN:145,(anonymous_7)
FN:153,(anonymous_8)
FN:155,(anonymous_9)
FN:163,(anonymous_10)
FN:165,(anonymous_11)
FN:174,(anonymous_12)
FN:190,(anonymous_13)
FN:200,(anonymous_14)
FN:202,(anonymous_15)
FN:213,(anonymous_16)
FN:214,(anonymous_17)
FN:233,(anonymous_18)
FN:244,(anonymous_19)
FN:258,(anonymous_20)
FN:266,(anonymous_21)
FNF:22
FNH:18
FNDA:12,(anonymous_0)
FNDA:384,(anonymous_1)
FNDA:0,(anonymous_2)
FNDA:303,(anonymous_3)
FNDA:505,(anonymous_4)
FNDA:404,(anonymous_5)
FNDA:1328,(anonymous_6)
FNDA:202,(anonymous_7)
FNDA:202,(anonymous_8)
FNDA:6464,(anonymous_9)
FNDA:0,(anonymous_10)
FNDA:0,(anonymous_11)
FNDA:202,(anonymous_12)
FNDA:202,(anonymous_13)
FNDA:202,(anonymous_14)
FNDA:6464,(anonymous_15)
FNDA:1732,(anonymous_16)
FNDA:55424,(anonymous_17)
FNDA:428,(anonymous_18)
FNDA:0,(anonymous_19)
FNDA:71,(anonymous_20)
FNDA:101,(anonymous_21)
DA:1,1
DA:2,1
DA:3,1
DA:4,1
DA:5,1
DA:6,1
DA:7,1
DA:8,1
DA:10,1
DA:11,1
DA:12,1
DA:17,1
DA:21,1
DA:49,12
DA:53,12
DA:61,12
DA:66,12
DA:67,12
DA:68,12
DA:69,12
DA:70,12
DA:71,12
DA:72,12
DA:73,12
DA:74,12
DA:75,384
DA:79,12
DA:80,12
DA:81,12
DA:83,12
DA:84,12
DA:85,12
DA:89,12
DA:90,12
DA:91,384
DA:93,12
DA:94,12
DA:103,0
DA:104,0
DA:105,0
DA:113,303
DA:121,505
DA:128,404
DA:129,404
DA:137,1328
DA:138,1328
DA:146,202
DA:147,202
DA:154,202
DA:155,202
DA:156,6464
DA:164,0
DA:165,0
DA:166,0
DA:175,202
DA:176,202
DA:177,0
DA:178,202
DA:179,202
DA:180,202
DA:181,202
DA:182,202
DA:191,202
DA:192,202
DA:193,202
DA:201,202
DA:202,202
DA:203,6464
DA:205,202
DA:206,202
DA:214,1732
DA:215,55424
DA:221,1732
DA:222,864
DA:223,868
DA:224,868
DA:234,428
DA:235,428
DA:236,428
DA:237,428
DA:238,428
DA:240,428
DA:245,0
DA:246,0
DA:247,0
DA:248,0
DA:249,0
DA:251,0
DA:259,71
DA:267,101
LF:90
LH:77
BRDA:176,0,0,0
BRDA:176,0,1,202
BRDA:221,1,0,864
BRDA:221,1,1,868
BRF:4
BRH:3
end_of_record
TN:
SF:src\Circuit\Sign-extend.ts
FN:23,(anonymous_0)
FN:34,(anonymous_1)
FN:47,(anonymous_2)
FN:66,(anonymous_3)
FNF:4
FNH:4
FNDA:12,(anonymous_0)
FNDA:202,(anonymous_1)
FNDA:214,(anonymous_2)
FNDA:505,(anonymous_3)
DA:1,1
DA:2,1
DA:6,1
DA:18,12
DA:24,12
DA:25,12
DA:26,12
DA:35,202
DA:36,0
DA:37,202
DA:38,202
DA:39,202
DA:48,214
DA:49,31
DA:50,31
DA:53,183
DA:54,137
DA:55,137
DA:58,46
DA:59,46
DA:67,505
LF:21
LH:20
BRDA:35,0,0,0
BRDA:35,0,1,202
BRDA:48,1,0,31
BRDA:48,1,1,183
BRDA:53,2,0,137
BRDA:53,2,1,46
BRDA:53,3,0,183
BRDA:53,3,1,52
BRDA:53,3,2,22
BRDA:53,3,3,18
BRDA:53,3,4,14
BRDA:53,3,5,10
BRDA:58,4,0,46
BRDA:58,4,1,0
BRF:14
BRH:12
end_of_record
TN:
SF:src\Circuit\Signal.ts
FN:29,(anonymous_0)
FN:29,(anonymous_1)
FN:38,(anonymous_2)
FN:45,(anonymous_3)
FN:57,(anonymous_4)
FN:65,(anonymous_5)
FN:73,(anonymous_6)
FN:81,(anonymous_7)
FN:89,(anonymous_8)
FN:92,(anonymous_9)
FN:102,(anonymous_10)
FNF:11
FNH:10
FNDA:101844,(anonymous_0)
FNDA:21351596,(anonymous_1)
FNDA:70747901,(anonymous_2)
FNDA:222168,(anonymous_3)
FNDA:0,(anonymous_4)
FNDA:29714836,(anonymous_5)
FNDA:32023116,(anonymous_6)
FNDA:25344,(anonymous_7)
FNDA:32023116,(anonymous_8)
FNDA:6473952,(anonymous_9)
FNDA:6473952,(anonymous_10)
DA:1,1
DA:9,1
DA:30,101844
DA:31,101844
DA:32,101844
DA:39,70747901
DA:46,222168
DA:47,222168
DA:48,222168
DA:49,0
DA:50,222168
DA:58,0
DA:66,29714836
DA:67,29714836
DA:74,32023116
DA:75,32023116
DA:82,25344
DA:90,32023116
DA:91,25549164
DA:92,6473952
DA:93,6473952
DA:103,6473952
LF:22
LH:20
BRDA:29,0,0,51156
BRDA:46,1,0,222168
BRDA:46,1,1,0
BRDA:48,2,0,0
BRDA:48,2,1,222168
BRDA:90,3,0,25549164
BRDA:90,3,1,6473952
BRF:7
BRH:5
end_of_record
TN:
SF:src\Circuit\Wire.ts
FN:16,(anonymous_0)
FN:16,(anonymous_1)
FNF:2
FNH:2
FNDA:25344,(anonymous_0)
FNDA:4184896,(anonymous_1)
DA:7,1
DA:16,4184896
DA:17,25344
DA:18,25344
DA:19,25344
DA:20,25344
LF:6
LH:6
BRDA:16,0,0,12672
BRF:1
BRH:1
end_of_record
TN:
SF:src\Circuit\Wired.ts
FN:9,(anonymous_0)
FN:18,(anonymous_1)
FNF:2
FNH:2
FNDA:12684,(anonymous_0)
FNDA:25344,(anonymous_1)
DA:2,1
DA:7,1
DA:10,12684
DA:19,25344
DA:20,25344
LF:5
LH:5
BRDA:19,0,0,12672
BRDA:19,0,1,12672
BRF:2
BRH:2
end_of_record
TN:
SF:src\Conponent\DMux.ts
FN:34,(anonymous_0)
FN:48,(anonymous_1)
FNF:2
FNH:2
FNDA:56,(anonymous_0)
FNDA:140,(anonymous_1)
DA:1,2
DA:2,2
DA:8,2
DA:35,56
DA:36,56
DA:37,56
DA:38,56
DA:39,56
DA:40,56
DA:49,140
DA:50,140
DA:51,140
DA:52,140
DA:53,140
LF:14
LH:14
BRF:0
BRH:0
end_of_record
TN:
SF:src\Conponent\DMux4Way.ts
FN:38,(anonymous_0)
FN:49,(anonymous_1)
FNF:2
FNH:1
FNDA:0,(anonymous_0)
FNDA:40,(anonymous_1)
DA:1,2
DA:2,2
DA:8,2
DA:39,0
DA:40,0
DA:41,0
DA:50,40
DA:51,40
DA:52,40
DA:53,40
LF:10
LH:7
BRF:0
BRH:0
end_of_record
TN:
SF:src\Conponent\DMux8Way.ts
FN:46,(anonymous_0)
FN:58,(anonymous_1)
FNF:2
FNH:1
FNDA:0,(anonymous_0)
FNDA:16,(anonymous_1)
DA:1,2
DA:2,2
DA:3,2
DA:9,2
DA:47,0
DA:48,0
DA:49,0
DA:59,16
DA:60,16
DA:61,16
DA:62,16
LF:11
LH:8
BRF:0
BRH:0
end_of_record
TN:
SF:src\Conponent\Mux.ts
FN:36,(anonymous_0)
FN:49,(anonymous_1)
FNF:2
FNH:1
FNDA:0,(anonymous_0)
FNDA:771973,(anonymous_1)
DA:1,2
DA:2,2
DA:3,2
DA:9,2
DA:37,0
DA:38,0
DA:39,0
DA:40,0
DA:50,771973
DA:51,771973
DA:52,771973
DA:53,771973
LF:12
LH:8
BRF:0
BRH:0
end_of_record
TN:
SF:src\Conponent\Mux32.ts
FN:44,(anonymous_0)
FN:60,(anonymous_1)
FN:63,(anonymous_2)
FN:75,(anonymous_3)
FN:85,(anonymous_4)
FN:95,(anonymous_5)
FN:106,(anonymous_6)
FN:115,(anonymous_7)
FN:123,(anonymous_8)
FN:132,(anonymous_9)
FN:140,(anonymous_10)
FN:141,(anonymous_11)
FN:151,(anonymous_12)
FNF:13
FNH:13
FNDA:9630,(anonymous_0)
FNDA:22571,(anonymous_1)
FNDA:722272,(anonymous_2)
FNDA:3463,(anonymous_3)
FNDA:202,(anonymous_4)
FNDA:416,(anonymous_5)
FNDA:1048,(anonymous_6)
FNDA:1721,(anonymous_7)
FNDA:1923,(anonymous_8)
FNDA:6434,(anonymous_9)
FNDA:6434,(anonymous_10)
FNDA:5780,(anonymous_11)
FNDA:48,(anonymous_12)
DA:3,2
DA:4,2
DA:10,2
DA:15,9630
DA:45,9630
DA:46,9630
DA:47,9630
DA:48,9630
DA:49,9630
DA:50,9630
DA:61,22571
DA:62,22571
DA:63,22571
DA:64,722272
DA:65,722272
DA:67,22571
DA:76,3463
DA:77,3463
DA:86,202
DA:87,202
DA:96,416
DA:97,402
DA:98,14
DA:107,1048
DA:108,1048
DA:116,1721
DA:124,1923
DA:125,1923
DA:133,6434
DA:134,6434
DA:141,6434
DA:142,5780
DA:152,48
LF:33
LH:33
BRDA:96,0,0,402
BRDA:96,0,1,14
BRF:2
BRH:2
end_of_record
TN:
SF:src\Conponent\Mux4Way32.ts
FN:43,(anonymous_0)
FN:49,(anonymous_1)
FN:64,(anonymous_2)
FNF:3
FNH:3
FNDA:3440,(anonymous_0)
FNDA:13760,(anonymous_1)
FNDA:4785,(anonymous_2)
DA:1,2
DA:2,2
DA:8,2
DA:44,3440
DA:45,3440
DA:47,3440
DA:48,3440
DA:49,3440
DA:50,13760
DA:51,13760
DA:54,3440
DA:55,3440
DA:65,4785
DA:66,4785
DA:67,4785
LF:15
LH:15
BRF:0
BRH:0
end_of_record
TN:
SF:src\Conponent\Mux8Way32.ts
FN:57,(anonymous_0)
FN:69,(anonymous_1)
FNF:2
FNH:1
FNDA:0,(anonymous_0)
FNDA:1720,(anonymous_1)
DA:1,2
DA:2,2
DA:3,2
DA:9,2
DA:58,0
DA:59,0
DA:60,0
DA:70,1720
DA:71,1720
DA:74,1720
LF:10
LH:7
BRF:0
BRH:0
end_of_record
TN:
SF:src\Library\BItsGenerator.ts
FN:7,init_bits
FNF:1
FNH:1
FNDA:972,init_bits
DA:1,3
DA:7,3
DA:8,972
DA:9,972
DA:10,26019
DA:12,972
LF:6
LH:6
BRF:0
BRH:0
end_of_record
TN:
SF:src\Library\BooleanHandler.ts
FN:7,bool2num
FN:18,num2bool
FNF:2
FNH:2
FNDA:66561926,bool2num
FNDA:25529763,num2bool
DA:7,2
DA:8,66561926
DA:9,24034560
DA:11,42527366
DA:18,2
DA:19,25529763
DA:20,11966373
DA:22,13563390
LF:8
LH:8
BRDA:8,0,0,24034560
BRDA:8,0,1,42527366
BRDA:19,1,0,11966373
BRDA:19,1,1,13563390
BRF:4
BRH:4
end_of_record
TN:
SF:src\Library\StringHandle.ts
FN:8,stringToIntArray
FN:22,intArrayToString
FN:23,(anonymous_2)
FN:37,decToSignedBin32
FN:77,decToUnsignedBin32
FN:105,lengthDetect
FN:116,bin2dec
FN:139,binaryDetect
FN:141,(anonymous_8)
FN:155,bitsMapping
FN:166,shiftLeftBinary32Bits
FNF:11
FNH:11
FNDA:136240,stringToIntArray
FNDA:54509,intArrayToString
FNDA:1707546,(anonymous_2)
FNDA:1582,decToSignedBin32
FNDA:547,decToUnsignedBin32
FNDA:103,lengthDetect
FNDA:2381,bin2dec
FNDA:1519,binaryDetect
FNDA:37446,(anonymous_8)
FNDA:1719,bitsMapping
FNDA:405,shiftLeftBinary32Bits
DA:8,4
DA:9,136240
DA:10,136240
DA:11,4155849
DA:13,136240
DA:22,4
DA:23,54509
DA:24,1707546
DA:25,1
DA:28,54508
DA:37,4
DA:38,1582
DA:39,1582
DA:40,0
DA:41,0
DA:42,0
DA:43,0
DA:44,0
DA:46,0
DA:47,0
DA:50,1582
DA:51,1480
DA:52,1480
DA:53,1480
DA:55,1480
DA:56,1480
DA:57,4220
DA:58,4220
DA:59,1480
DA:61,1480
DA:62,43140
DA:64,1480
DA:65,1480
DA:67,102
DA:68,102
DA:77,4
DA:78,547
DA:79,1
DA:80,546
DA:82,546
DA:83,12
DA:84,12
DA:85,12
DA:86,12
DA:87,12
DA:89,12
DA:90,12
DA:93,546
DA:94,461
DA:95,85
DA:96,85
DA:97,0
DA:105,4
DA:106,103
DA:107,1
DA:116,4
DA:117,2381
DA:118,0
DA:120,2381
DA:121,2381
DA:123,2381
DA:124,2176
DA:126,205
DA:128,2381
DA:129,73811
DA:132,2381
DA:139,4
DA:140,1519
DA:142,37446
DA:143,1
DA:155,4
DA:156,1719
DA:157,1719
DA:158,1719
DA:166,4
DA:167,405
LF:76
LH:67
BRDA:24,0,0,1
BRDA:24,0,1,1707545
BRDA:24,1,0,1707546
BRDA:24,1,1,204694
BRDA:39,2,0,0
BRDA:39,2,1,1582
BRDA:39,3,0,1582
BRDA:39,3,1,655
BRDA:50,4,0,1480
BRDA:50,4,1,102
BRDA:58,5,0,1480
BRDA:58,5,1,2740
BRDA:78,6,0,1
BRDA:78,6,1,546
BRDA:82,7,0,12
BRDA:82,7,1,534
BRDA:82,8,0,546
BRDA:82,8,1,378
BRDA:93,9,0,461
BRDA:93,9,1,85
BRDA:95,10,0,85
BRDA:95,10,1,0
BRDA:106,11,0,1
BRDA:106,11,1,102
BRDA:117,12,0,0
BRDA:117,12,1,2381
BRDA:123,13,0,2176
BRDA:123,13,1,205
BRDA:142,14,0,1
BRDA:142,14,1,37445
BRDA:142,15,0,37446
BRDA:142,15,1,8086
BRF:32
BRH:29
end_of_record
TN:
SF:src\Logic\AND.ts
FN:14,(anonymous_1)
FN:22,(anonymous_2)
FNF:2
FNH:2
FNDA:1543958,(anonymous_1)
FNDA:23069966,(anonymous_2)
DA:1,3
DA:2,3
DA:6,3
DA:15,1543958
DA:16,1543958
DA:23,23069966
DA:24,23069966
LF:7
LH:7
BRF:0
BRH:0
end_of_record
TN:
SF:src\Logic\AND32.ts
FN:28,(anonymous_0)
FN:41,(anonymous_1)
FN:44,(anonymous_2)
FNF:3
FNH:3
FNDA:2,(anonymous_0)
FNDA:915,(anonymous_1)
FNDA:29280,(anonymous_2)
DA:1,2
DA:2,2
DA:8,2
DA:29,2
DA:30,2
DA:31,2
DA:32,2
DA:33,2
DA:42,915
DA:43,915
DA:44,915
DA:45,29280
DA:46,29280
DA:48,915
LF:14
LH:14
BRF:0
BRH:0
end_of_record
TN:
SF:src\Logic\Logic.ts
FN:30,(anonymous_0)
FN:38,(anonymous_1)
FNF:2
FNH:2
FNDA:105290302,(anonymous_0)
FNDA:4,(anonymous_1)
DA:14,3
DA:26,105290302
DA:31,105290302
DA:32,105290302
DA:39,4
DA:40,4
DA:41,4
DA:42,4
DA:47,3
LF:9
LH:9
BRF:0
BRH:0
end_of_record
TN:
SF:src\Logic\NAND.ts
FN:16,(anonymous_1)
FN:24,(anonymous_2)
FNF:2
FNH:2
FNDA:102873234,(anonymous_1)
FNDA:148238251,(anonymous_2)
DA:1,3
DA:7,3
DA:17,102873234
DA:18,102873234
DA:25,148238251
LF:5
LH:5
BRF:0
BRH:0
end_of_record
TN:
SF:src\Logic\NOT.ts
FN:13,(anonymous_1)
FN:21,(anonymous_2)
FNF:2
FNH:2
FNDA:772113,(anonymous_1)
FNDA:35112181,(anonymous_2)
DA:1,3
DA:2,3
DA:6,3
DA:14,772113
DA:15,772113
DA:22,35112181
DA:23,35112181
LF:7
LH:7
BRF:0
BRH:0
end_of_record
TN:
SF:src\Logic\NOT32.ts
FN:23,(anonymous_0)
FN:34,(anonymous_1)
FN:37,(anonymous_2)
FNF:3
FNH:3
FNDA:2,(anonymous_0)
FNDA:347,(anonymous_1)
FNDA:11104,(anonymous_2)
DA:1,2
DA:2,2
DA:8,2
DA:24,2
DA:25,2
DA:26,2
DA:35,347
DA:36,347
DA:37,347
DA:38,11104
DA:39,11104
DA:41,347
LF:12
LH:12
BRF:0
BRH:0
end_of_record
TN:
SF:src\Logic\OR.ts
FN:16,(anonymous_1)
FN:24,(anonymous_2)
FNF:2
FNH:2
FNDA:100993,(anonymous_1)
FNDA:22295047,(anonymous_2)
DA:1,3
DA:2,3
DA:8,3
DA:17,100993
DA:18,100993
DA:25,22295047
DA:26,22295047
DA:27,22295047
LF:8
LH:8
BRF:0
BRH:0
end_of_record
TN:
SF:src\Logic\OR32.ts
FN:28,(anonymous_0)
FN:42,(anonymous_1)
FN:45,(anonymous_2)
FNF:3
FNH:3
FNDA:2,(anonymous_0)
FNDA:915,(anonymous_1)
FNDA:29280,(anonymous_2)
DA:1,2
DA:2,2
DA:8,2
DA:29,2
DA:30,2
DA:31,2
DA:32,2
DA:33,2
DA:43,915
DA:44,915
DA:45,915
DA:46,29280
DA:47,29280
DA:49,915
LF:14
LH:14
BRF:0
BRH:0
end_of_record
TN:
SF:src\Logic\OR32WAY.ts
FN:25,(anonymous_0)
FN:36,(anonymous_1)
FN:38,(anonymous_2)
FNF:3
FNH:3
FNDA:2,(anonymous_0)
FNDA:2,(anonymous_1)
FNDA:64,(anonymous_2)
DA:1,1
DA:2,1
DA:10,1
DA:26,2
DA:27,2
DA:28,2
DA:37,2
DA:38,2
DA:39,64
DA:41,2
LF:10
LH:10
BRF:0
BRH:0
end_of_record
TN:
SF:src\Logic\XOR.ts
FN:18,(anonymous_1)
FN:26,(anonymous_2)
FNF:2
FNH:1
FNDA:0,(anonymous_1)
FNDA:100993,(anonymous_2)
DA:1,2
DA:2,2
DA:3,2
DA:4,2
DA:10,2
DA:19,0
DA:20,0
DA:27,100993
DA:28,100993
DA:29,100993
LF:10
LH:8
BRF:0
BRH:0
end_of_record
